ERROR - 2024-02-27 16:00:57 --> mysqli_sql_exception: Champ 'salle_id' inconnu dans where clause in C:\wamp64\www\Sites\GSB3\system\Database\MySQLi\Connection.php:306
Stack trace:
#0 C:\wamp64\www\Sites\GSB3\system\Database\MySQLi\Connection.php(306): mysqli->query('SELECT `id`\nFRO...', 0)
#1 C:\wamp64\www\Sites\GSB3\system\Database\BaseConnection.php(693): CodeIgniter\Database\MySQLi\Connection->execute('SELECT `id`\nFRO...')
#2 C:\wamp64\www\Sites\GSB3\system\Database\BaseConnection.php(607): CodeIgniter\Database\BaseConnection->simpleQuery('SELECT `id`\nFRO...')
#3 C:\wamp64\www\Sites\GSB3\system\Database\BaseBuilder.php(1613): CodeIgniter\Database\BaseConnection->query('SELECT `id`\nFRO...', Array, false)
#4 C:\wamp64\www\Sites\GSB3\app\Models\ModelePresentation.php(170): CodeIgniter\Database\BaseBuilder->get()
#5 C:\wamp64\www\Sites\GSB3\app\Views\vue_unePresentation.php(3): App\Models\ModelePresentation->getTousLesSiegesDeUneSalle('2')
#6 C:\wamp64\www\Sites\GSB3\system\View\View.php(228): include('C:\\wamp64\\www\\S...')
#7 C:\wamp64\www\Sites\GSB3\system\View\View.php(231): CodeIgniter\View\View->CodeIgniter\View\{closure}()
#8 C:\wamp64\www\Sites\GSB3\system\Common.php(1178): CodeIgniter\View\View->render('vue_unePresenta...', Array, true)
#9 C:\wamp64\www\Sites\GSB3\app\Controllers\CtrlConferences.php(55): view('vue_unePresenta...', Array)
#10 C:\wamp64\www\Sites\GSB3\system\CodeIgniter.php(941): App\Controllers\CtrlConferences->detailDeUnePresentation('9')
#11 C:\wamp64\www\Sites\GSB3\system\CodeIgniter.php(502): CodeIgniter\CodeIgniter->runController(Object(App\Controllers\CtrlConferences))
#12 C:\wamp64\www\Sites\GSB3\system\CodeIgniter.php(361): CodeIgniter\CodeIgniter->handleRequest(NULL, Object(Config\Cache), false)
#13 C:\wamp64\www\Sites\GSB3\public\index.php(79): CodeIgniter\CodeIgniter->run()
#14 {main}
CRITICAL - 2024-02-27 16:00:57 --> CodeIgniter\Database\Exceptions\DatabaseException: Champ 'salle_id' inconnu dans where clause
in SYSTEMPATH\Database\BaseConnection.php on line 647.
 1 SYSTEMPATH\Database\BaseBuilder.php(1613): CodeIgniter\Database\BaseConnection->query('SELECT `id`
FROM `siege`
WHERE `salle_id` = :salle_id:', [...], false)
 2 APPPATH\Models\ModelePresentation.php(170): CodeIgniter\Database\BaseBuilder->get()
 3 APPPATH\Views\vue_unePresentation.php(3): App\Models\ModelePresentation->getTousLesSiegesDeUneSalle('2')
 4 SYSTEMPATH\View\View.php(228): include('C:\\wamp64\\www\\Sites\\GSB3\\app\\Views\\vue_unePresentation.php')
 5 SYSTEMPATH\View\View.php(231): CodeIgniter\View\View->CodeIgniter\View\{closure}()
 6 SYSTEMPATH\Common.php(1178): CodeIgniter\View\View->render('vue_unePresentation', [], true)
 7 APPPATH\Controllers\CtrlConferences.php(55): view('vue_unePresentation', [...])
 8 SYSTEMPATH\CodeIgniter.php(941): App\Controllers\CtrlConferences->detailDeUnePresentation('9')
 9 SYSTEMPATH\CodeIgniter.php(502): CodeIgniter\CodeIgniter->runController(Object(App\Controllers\CtrlConferences))
10 SYSTEMPATH\CodeIgniter.php(361): CodeIgniter\CodeIgniter->handleRequest(null, Object(Config\Cache), false)
11 FCPATH\index.php(79): CodeIgniter\CodeIgniter->run()
CRITICAL - 2024-02-27 16:00:57 --> [Caused by] CodeIgniter\Database\Exceptions\DatabaseException: Champ 'salle_id' inconnu dans where clause
in SYSTEMPATH\Database\MySQLi\Connection.php on line 311.
 1 SYSTEMPATH\Database\BaseConnection.php(693): CodeIgniter\Database\MySQLi\Connection->execute('SELECT `id`
FROM `siege`
WHERE `salle_id` = \'2\'')
 2 SYSTEMPATH\Database\BaseConnection.php(607): CodeIgniter\Database\BaseConnection->simpleQuery('SELECT `id`
FROM `siege`
WHERE `salle_id` = \'2\'')
 3 SYSTEMPATH\Database\BaseBuilder.php(1613): CodeIgniter\Database\BaseConnection->query('SELECT `id`
FROM `siege`
WHERE `salle_id` = :salle_id:', [...], false)
 4 APPPATH\Models\ModelePresentation.php(170): CodeIgniter\Database\BaseBuilder->get()
 5 APPPATH\Views\vue_unePresentation.php(3): App\Models\ModelePresentation->getTousLesSiegesDeUneSalle('2')
 6 SYSTEMPATH\View\View.php(228): include('C:\\wamp64\\www\\Sites\\GSB3\\app\\Views\\vue_unePresentation.php')
 7 SYSTEMPATH\View\View.php(231): CodeIgniter\View\View->CodeIgniter\View\{closure}()
 8 SYSTEMPATH\Common.php(1178): CodeIgniter\View\View->render('vue_unePresentation', [], true)
 9 APPPATH\Controllers\CtrlConferences.php(55): view('vue_unePresentation', [...])
10 SYSTEMPATH\CodeIgniter.php(941): App\Controllers\CtrlConferences->detailDeUnePresentation('9')
11 SYSTEMPATH\CodeIgniter.php(502): CodeIgniter\CodeIgniter->runController(Object(App\Controllers\CtrlConferences))
12 SYSTEMPATH\CodeIgniter.php(361): CodeIgniter\CodeIgniter->handleRequest(null, Object(Config\Cache), false)
13 FCPATH\index.php(79): CodeIgniter\CodeIgniter->run()
CRITICAL - 2024-02-27 16:00:57 --> [Caused by] mysqli_sql_exception: Champ 'salle_id' inconnu dans where clause
in SYSTEMPATH\Database\MySQLi\Connection.php on line 306.
 1 SYSTEMPATH\Database\MySQLi\Connection.php(306): mysqli->query('SELECT `id`
FROM `siege`
WHERE `salle_id` = \'2\'', 0)
 2 SYSTEMPATH\Database\BaseConnection.php(693): CodeIgniter\Database\MySQLi\Connection->execute('SELECT `id`
FROM `siege`
WHERE `salle_id` = \'2\'')
 3 SYSTEMPATH\Database\BaseConnection.php(607): CodeIgniter\Database\BaseConnection->simpleQuery('SELECT `id`
FROM `siege`
WHERE `salle_id` = \'2\'')
 4 SYSTEMPATH\Database\BaseBuilder.php(1613): CodeIgniter\Database\BaseConnection->query('SELECT `id`
FROM `siege`
WHERE `salle_id` = :salle_id:', [...], false)
 5 APPPATH\Models\ModelePresentation.php(170): CodeIgniter\Database\BaseBuilder->get()
 6 APPPATH\Views\vue_unePresentation.php(3): App\Models\ModelePresentation->getTousLesSiegesDeUneSalle('2')
 7 SYSTEMPATH\View\View.php(228): include('C:\\wamp64\\www\\Sites\\GSB3\\app\\Views\\vue_unePresentation.php')
 8 SYSTEMPATH\View\View.php(231): CodeIgniter\View\View->CodeIgniter\View\{closure}()
 9 SYSTEMPATH\Common.php(1178): CodeIgniter\View\View->render('vue_unePresentation', [], true)
10 APPPATH\Controllers\CtrlConferences.php(55): view('vue_unePresentation', [...])
11 SYSTEMPATH\CodeIgniter.php(941): App\Controllers\CtrlConferences->detailDeUnePresentation('9')
12 SYSTEMPATH\CodeIgniter.php(502): CodeIgniter\CodeIgniter->runController(Object(App\Controllers\CtrlConferences))
13 SYSTEMPATH\CodeIgniter.php(361): CodeIgniter\CodeIgniter->handleRequest(null, Object(Config\Cache), false)
14 FCPATH\index.php(79): CodeIgniter\CodeIgniter->run()
CRITICAL - 2024-02-27 16:16:06 --> ErrorException: Trying to access array offset on value of type null
in APPPATH\Views\vue_unePresentation.php on line 3.
 1 APPPATH\Views\vue_unePresentation.php(3): CodeIgniter\Debug\Exceptions->errorHandler(2, 'Trying to access array offset on value of type null', 'C:\\wamp64\\www\\Sites\\GSB3\\app\\Views\\vue_unePresentation.php', 3)
 2 SYSTEMPATH\View\View.php(228): include('C:\\wamp64\\www\\Sites\\GSB3\\app\\Views\\vue_unePresentation.php')
 3 SYSTEMPATH\View\View.php(231): CodeIgniter\View\View->CodeIgniter\View\{closure}()
 4 SYSTEMPATH\Common.php(1178): CodeIgniter\View\View->render('vue_unePresentation', [], true)
 5 APPPATH\Controllers\CtrlConferences.php(55): view('vue_unePresentation', [...])
 6 SYSTEMPATH\CodeIgniter.php(941): App\Controllers\CtrlConferences->detailDeUnePresentation('9')
 7 SYSTEMPATH\CodeIgniter.php(502): CodeIgniter\CodeIgniter->runController(Object(App\Controllers\CtrlConferences))
 8 SYSTEMPATH\CodeIgniter.php(361): CodeIgniter\CodeIgniter->handleRequest(null, Object(Config\Cache), false)
 9 FCPATH\index.php(79): CodeIgniter\CodeIgniter->run()
ERROR - 2024-02-27 16:17:33 --> mysqli_sql_exception: Duplicata du champ 'c3-10' pour la clef 'reserver.PRIMARY' in C:\wamp64\www\Sites\GSB3\system\Database\MySQLi\Connection.php:306
Stack trace:
#0 C:\wamp64\www\Sites\GSB3\system\Database\MySQLi\Connection.php(306): mysqli->query('INSERT INTO `re...', 0)
#1 C:\wamp64\www\Sites\GSB3\system\Database\BaseConnection.php(693): CodeIgniter\Database\MySQLi\Connection->execute('INSERT INTO `re...')
#2 C:\wamp64\www\Sites\GSB3\system\Database\BaseConnection.php(607): CodeIgniter\Database\BaseConnection->simpleQuery('INSERT INTO `re...')
#3 C:\wamp64\www\Sites\GSB3\system\Database\BaseBuilder.php(2302): CodeIgniter\Database\BaseConnection->query('INSERT INTO `re...', Array, false)
#4 C:\wamp64\www\Sites\GSB3\app\Models\ModelePresentation.php(109): CodeIgniter\Database\BaseBuilder->insert(Array)
#5 C:\wamp64\www\Sites\GSB3\app\Controllers\CtrlConferences.php(68): App\Models\ModelePresentation->inscriptionPresentationPourUnePersonne('10', Array, 'c3', '9')
#6 C:\wamp64\www\Sites\GSB3\system\CodeIgniter.php(941): App\Controllers\CtrlConferences->inscription('10', '9')
#7 C:\wamp64\www\Sites\GSB3\system\CodeIgniter.php(502): CodeIgniter\CodeIgniter->runController(Object(App\Controllers\CtrlConferences))
#8 C:\wamp64\www\Sites\GSB3\system\CodeIgniter.php(361): CodeIgniter\CodeIgniter->handleRequest(NULL, Object(Config\Cache), false)
#9 C:\wamp64\www\Sites\GSB3\public\index.php(79): CodeIgniter\CodeIgniter->run()
#10 {main}
CRITICAL - 2024-02-27 16:17:33 --> CodeIgniter\Database\Exceptions\DatabaseException: Duplicata du champ 'c3-10' pour la clef 'reserver.PRIMARY'
in SYSTEMPATH\Database\BaseConnection.php on line 647.
 1 SYSTEMPATH\Database\BaseBuilder.php(2302): CodeIgniter\Database\BaseConnection->query('INSERT INTO `reserver` (`id_visiteur`, `id_presentation`, `id_siege`) VALUES (:id_visiteur:, :id_presentation:, :id_siege:)', [...], false)
 2 APPPATH\Models\ModelePresentation.php(109): CodeIgniter\Database\BaseBuilder->insert([...])
 3 APPPATH\Controllers\CtrlConferences.php(68): App\Models\ModelePresentation->inscriptionPresentationPourUnePersonne('10', [], 'c3', '9')
 4 SYSTEMPATH\CodeIgniter.php(941): App\Controllers\CtrlConferences->inscription('10', '9')
 5 SYSTEMPATH\CodeIgniter.php(502): CodeIgniter\CodeIgniter->runController(Object(App\Controllers\CtrlConferences))
 6 SYSTEMPATH\CodeIgniter.php(361): CodeIgniter\CodeIgniter->handleRequest(null, Object(Config\Cache), false)
 7 FCPATH\index.php(79): CodeIgniter\CodeIgniter->run()
CRITICAL - 2024-02-27 16:17:33 --> [Caused by] CodeIgniter\Database\Exceptions\DatabaseException: Duplicata du champ 'c3-10' pour la clef 'reserver.PRIMARY'
in SYSTEMPATH\Database\MySQLi\Connection.php on line 311.
 1 SYSTEMPATH\Database\BaseConnection.php(693): CodeIgniter\Database\MySQLi\Connection->execute('INSERT INTO `reserver` (`id_visiteur`, `id_presentation`, `id_siege`) VALUES (\'c3\', \'10\', \'9\')')
 2 SYSTEMPATH\Database\BaseConnection.php(607): CodeIgniter\Database\BaseConnection->simpleQuery('INSERT INTO `reserver` (`id_visiteur`, `id_presentation`, `id_siege`) VALUES (\'c3\', \'10\', \'9\')')
 3 SYSTEMPATH\Database\BaseBuilder.php(2302): CodeIgniter\Database\BaseConnection->query('INSERT INTO `reserver` (`id_visiteur`, `id_presentation`, `id_siege`) VALUES (:id_visiteur:, :id_presentation:, :id_siege:)', [...], false)
 4 APPPATH\Models\ModelePresentation.php(109): CodeIgniter\Database\BaseBuilder->insert([...])
 5 APPPATH\Controllers\CtrlConferences.php(68): App\Models\ModelePresentation->inscriptionPresentationPourUnePersonne('10', [], 'c3', '9')
 6 SYSTEMPATH\CodeIgniter.php(941): App\Controllers\CtrlConferences->inscription('10', '9')
 7 SYSTEMPATH\CodeIgniter.php(502): CodeIgniter\CodeIgniter->runController(Object(App\Controllers\CtrlConferences))
 8 SYSTEMPATH\CodeIgniter.php(361): CodeIgniter\CodeIgniter->handleRequest(null, Object(Config\Cache), false)
 9 FCPATH\index.php(79): CodeIgniter\CodeIgniter->run()
CRITICAL - 2024-02-27 16:17:33 --> [Caused by] mysqli_sql_exception: Duplicata du champ 'c3-10' pour la clef 'reserver.PRIMARY'
in SYSTEMPATH\Database\MySQLi\Connection.php on line 306.
 1 SYSTEMPATH\Database\MySQLi\Connection.php(306): mysqli->query('INSERT INTO `reserver` (`id_visiteur`, `id_presentation`, `id_siege`) VALUES (\'c3\', \'10\', \'9\')', 0)
 2 SYSTEMPATH\Database\BaseConnection.php(693): CodeIgniter\Database\MySQLi\Connection->execute('INSERT INTO `reserver` (`id_visiteur`, `id_presentation`, `id_siege`) VALUES (\'c3\', \'10\', \'9\')')
 3 SYSTEMPATH\Database\BaseConnection.php(607): CodeIgniter\Database\BaseConnection->simpleQuery('INSERT INTO `reserver` (`id_visiteur`, `id_presentation`, `id_siege`) VALUES (\'c3\', \'10\', \'9\')')
 4 SYSTEMPATH\Database\BaseBuilder.php(2302): CodeIgniter\Database\BaseConnection->query('INSERT INTO `reserver` (`id_visiteur`, `id_presentation`, `id_siege`) VALUES (:id_visiteur:, :id_presentation:, :id_siege:)', [...], false)
 5 APPPATH\Models\ModelePresentation.php(109): CodeIgniter\Database\BaseBuilder->insert([...])
 6 APPPATH\Controllers\CtrlConferences.php(68): App\Models\ModelePresentation->inscriptionPresentationPourUnePersonne('10', [], 'c3', '9')
 7 SYSTEMPATH\CodeIgniter.php(941): App\Controllers\CtrlConferences->inscription('10', '9')
 8 SYSTEMPATH\CodeIgniter.php(502): CodeIgniter\CodeIgniter->runController(Object(App\Controllers\CtrlConferences))
 9 SYSTEMPATH\CodeIgniter.php(361): CodeIgniter\CodeIgniter->handleRequest(null, Object(Config\Cache), false)
10 FCPATH\index.php(79): CodeIgniter\CodeIgniter->run()
ERROR - 2024-02-27 16:19:09 --> mysqli_sql_exception: Duplicata du champ 'c3-10' pour la clef 'reserver.PRIMARY' in C:\wamp64\www\Sites\GSB3\system\Database\MySQLi\Connection.php:306
Stack trace:
#0 C:\wamp64\www\Sites\GSB3\system\Database\MySQLi\Connection.php(306): mysqli->query('INSERT INTO `re...', 0)
#1 C:\wamp64\www\Sites\GSB3\system\Database\BaseConnection.php(693): CodeIgniter\Database\MySQLi\Connection->execute('INSERT INTO `re...')
#2 C:\wamp64\www\Sites\GSB3\system\Database\BaseConnection.php(607): CodeIgniter\Database\BaseConnection->simpleQuery('INSERT INTO `re...')
#3 C:\wamp64\www\Sites\GSB3\system\Database\BaseBuilder.php(2302): CodeIgniter\Database\BaseConnection->query('INSERT INTO `re...', Array, false)
#4 C:\wamp64\www\Sites\GSB3\app\Models\ModelePresentation.php(109): CodeIgniter\Database\BaseBuilder->insert(Array)
#5 C:\wamp64\www\Sites\GSB3\app\Controllers\CtrlConferences.php(68): App\Models\ModelePresentation->inscriptionPresentationPourUnePersonne('10', Array, 'c3', '9')
#6 C:\wamp64\www\Sites\GSB3\system\CodeIgniter.php(941): App\Controllers\CtrlConferences->inscription('10', '9')
#7 C:\wamp64\www\Sites\GSB3\system\CodeIgniter.php(502): CodeIgniter\CodeIgniter->runController(Object(App\Controllers\CtrlConferences))
#8 C:\wamp64\www\Sites\GSB3\system\CodeIgniter.php(361): CodeIgniter\CodeIgniter->handleRequest(NULL, Object(Config\Cache), false)
#9 C:\wamp64\www\Sites\GSB3\public\index.php(79): CodeIgniter\CodeIgniter->run()
#10 {main}
CRITICAL - 2024-02-27 16:19:09 --> CodeIgniter\Database\Exceptions\DatabaseException: Duplicata du champ 'c3-10' pour la clef 'reserver.PRIMARY'
in SYSTEMPATH\Database\BaseConnection.php on line 647.
 1 SYSTEMPATH\Database\BaseBuilder.php(2302): CodeIgniter\Database\BaseConnection->query('INSERT INTO `reserver` (`id_visiteur`, `id_presentation`, `id_siege`) VALUES (:id_visiteur:, :id_presentation:, :id_siege:)', [...], false)
 2 APPPATH\Models\ModelePresentation.php(109): CodeIgniter\Database\BaseBuilder->insert([...])
 3 APPPATH\Controllers\CtrlConferences.php(68): App\Models\ModelePresentation->inscriptionPresentationPourUnePersonne('10', [], 'c3', '9')
 4 SYSTEMPATH\CodeIgniter.php(941): App\Controllers\CtrlConferences->inscription('10', '9')
 5 SYSTEMPATH\CodeIgniter.php(502): CodeIgniter\CodeIgniter->runController(Object(App\Controllers\CtrlConferences))
 6 SYSTEMPATH\CodeIgniter.php(361): CodeIgniter\CodeIgniter->handleRequest(null, Object(Config\Cache), false)
 7 FCPATH\index.php(79): CodeIgniter\CodeIgniter->run()
CRITICAL - 2024-02-27 16:19:09 --> [Caused by] CodeIgniter\Database\Exceptions\DatabaseException: Duplicata du champ 'c3-10' pour la clef 'reserver.PRIMARY'
in SYSTEMPATH\Database\MySQLi\Connection.php on line 311.
 1 SYSTEMPATH\Database\BaseConnection.php(693): CodeIgniter\Database\MySQLi\Connection->execute('INSERT INTO `reserver` (`id_visiteur`, `id_presentation`, `id_siege`) VALUES (\'c3\', \'10\', \'9\')')
 2 SYSTEMPATH\Database\BaseConnection.php(607): CodeIgniter\Database\BaseConnection->simpleQuery('INSERT INTO `reserver` (`id_visiteur`, `id_presentation`, `id_siege`) VALUES (\'c3\', \'10\', \'9\')')
 3 SYSTEMPATH\Database\BaseBuilder.php(2302): CodeIgniter\Database\BaseConnection->query('INSERT INTO `reserver` (`id_visiteur`, `id_presentation`, `id_siege`) VALUES (:id_visiteur:, :id_presentation:, :id_siege:)', [...], false)
 4 APPPATH\Models\ModelePresentation.php(109): CodeIgniter\Database\BaseBuilder->insert([...])
 5 APPPATH\Controllers\CtrlConferences.php(68): App\Models\ModelePresentation->inscriptionPresentationPourUnePersonne('10', [], 'c3', '9')
 6 SYSTEMPATH\CodeIgniter.php(941): App\Controllers\CtrlConferences->inscription('10', '9')
 7 SYSTEMPATH\CodeIgniter.php(502): CodeIgniter\CodeIgniter->runController(Object(App\Controllers\CtrlConferences))
 8 SYSTEMPATH\CodeIgniter.php(361): CodeIgniter\CodeIgniter->handleRequest(null, Object(Config\Cache), false)
 9 FCPATH\index.php(79): CodeIgniter\CodeIgniter->run()
CRITICAL - 2024-02-27 16:19:09 --> [Caused by] mysqli_sql_exception: Duplicata du champ 'c3-10' pour la clef 'reserver.PRIMARY'
in SYSTEMPATH\Database\MySQLi\Connection.php on line 306.
 1 SYSTEMPATH\Database\MySQLi\Connection.php(306): mysqli->query('INSERT INTO `reserver` (`id_visiteur`, `id_presentation`, `id_siege`) VALUES (\'c3\', \'10\', \'9\')', 0)
 2 SYSTEMPATH\Database\BaseConnection.php(693): CodeIgniter\Database\MySQLi\Connection->execute('INSERT INTO `reserver` (`id_visiteur`, `id_presentation`, `id_siege`) VALUES (\'c3\', \'10\', \'9\')')
 3 SYSTEMPATH\Database\BaseConnection.php(607): CodeIgniter\Database\BaseConnection->simpleQuery('INSERT INTO `reserver` (`id_visiteur`, `id_presentation`, `id_siege`) VALUES (\'c3\', \'10\', \'9\')')
 4 SYSTEMPATH\Database\BaseBuilder.php(2302): CodeIgniter\Database\BaseConnection->query('INSERT INTO `reserver` (`id_visiteur`, `id_presentation`, `id_siege`) VALUES (:id_visiteur:, :id_presentation:, :id_siege:)', [...], false)
 5 APPPATH\Models\ModelePresentation.php(109): CodeIgniter\Database\BaseBuilder->insert([...])
 6 APPPATH\Controllers\CtrlConferences.php(68): App\Models\ModelePresentation->inscriptionPresentationPourUnePersonne('10', [], 'c3', '9')
 7 SYSTEMPATH\CodeIgniter.php(941): App\Controllers\CtrlConferences->inscription('10', '9')
 8 SYSTEMPATH\CodeIgniter.php(502): CodeIgniter\CodeIgniter->runController(Object(App\Controllers\CtrlConferences))
 9 SYSTEMPATH\CodeIgniter.php(361): CodeIgniter\CodeIgniter->handleRequest(null, Object(Config\Cache), false)
10 FCPATH\index.php(79): CodeIgniter\CodeIgniter->run()
ERROR - 2024-02-27 16:19:10 --> mysqli_sql_exception: Duplicata du champ 'c3-10' pour la clef 'reserver.PRIMARY' in C:\wamp64\www\Sites\GSB3\system\Database\MySQLi\Connection.php:306
Stack trace:
#0 C:\wamp64\www\Sites\GSB3\system\Database\MySQLi\Connection.php(306): mysqli->query('INSERT INTO `re...', 0)
#1 C:\wamp64\www\Sites\GSB3\system\Database\BaseConnection.php(693): CodeIgniter\Database\MySQLi\Connection->execute('INSERT INTO `re...')
#2 C:\wamp64\www\Sites\GSB3\system\Database\BaseConnection.php(607): CodeIgniter\Database\BaseConnection->simpleQuery('INSERT INTO `re...')
#3 C:\wamp64\www\Sites\GSB3\system\Database\BaseBuilder.php(2302): CodeIgniter\Database\BaseConnection->query('INSERT INTO `re...', Array, false)
#4 C:\wamp64\www\Sites\GSB3\app\Models\ModelePresentation.php(109): CodeIgniter\Database\BaseBuilder->insert(Array)
#5 C:\wamp64\www\Sites\GSB3\app\Controllers\CtrlConferences.php(68): App\Models\ModelePresentation->inscriptionPresentationPourUnePersonne('10', Array, 'c3', '9')
#6 C:\wamp64\www\Sites\GSB3\system\CodeIgniter.php(941): App\Controllers\CtrlConferences->inscription('10', '9')
#7 C:\wamp64\www\Sites\GSB3\system\CodeIgniter.php(502): CodeIgniter\CodeIgniter->runController(Object(App\Controllers\CtrlConferences))
#8 C:\wamp64\www\Sites\GSB3\system\CodeIgniter.php(361): CodeIgniter\CodeIgniter->handleRequest(NULL, Object(Config\Cache), false)
#9 C:\wamp64\www\Sites\GSB3\public\index.php(79): CodeIgniter\CodeIgniter->run()
#10 {main}
CRITICAL - 2024-02-27 16:19:10 --> CodeIgniter\Database\Exceptions\DatabaseException: Duplicata du champ 'c3-10' pour la clef 'reserver.PRIMARY'
in SYSTEMPATH\Database\BaseConnection.php on line 647.
 1 SYSTEMPATH\Database\BaseBuilder.php(2302): CodeIgniter\Database\BaseConnection->query('INSERT INTO `reserver` (`id_visiteur`, `id_presentation`, `id_siege`) VALUES (:id_visiteur:, :id_presentation:, :id_siege:)', [...], false)
 2 APPPATH\Models\ModelePresentation.php(109): CodeIgniter\Database\BaseBuilder->insert([...])
 3 APPPATH\Controllers\CtrlConferences.php(68): App\Models\ModelePresentation->inscriptionPresentationPourUnePersonne('10', [], 'c3', '9')
 4 SYSTEMPATH\CodeIgniter.php(941): App\Controllers\CtrlConferences->inscription('10', '9')
 5 SYSTEMPATH\CodeIgniter.php(502): CodeIgniter\CodeIgniter->runController(Object(App\Controllers\CtrlConferences))
 6 SYSTEMPATH\CodeIgniter.php(361): CodeIgniter\CodeIgniter->handleRequest(null, Object(Config\Cache), false)
 7 FCPATH\index.php(79): CodeIgniter\CodeIgniter->run()
CRITICAL - 2024-02-27 16:19:10 --> [Caused by] CodeIgniter\Database\Exceptions\DatabaseException: Duplicata du champ 'c3-10' pour la clef 'reserver.PRIMARY'
in SYSTEMPATH\Database\MySQLi\Connection.php on line 311.
 1 SYSTEMPATH\Database\BaseConnection.php(693): CodeIgniter\Database\MySQLi\Connection->execute('INSERT INTO `reserver` (`id_visiteur`, `id_presentation`, `id_siege`) VALUES (\'c3\', \'10\', \'9\')')
 2 SYSTEMPATH\Database\BaseConnection.php(607): CodeIgniter\Database\BaseConnection->simpleQuery('INSERT INTO `reserver` (`id_visiteur`, `id_presentation`, `id_siege`) VALUES (\'c3\', \'10\', \'9\')')
 3 SYSTEMPATH\Database\BaseBuilder.php(2302): CodeIgniter\Database\BaseConnection->query('INSERT INTO `reserver` (`id_visiteur`, `id_presentation`, `id_siege`) VALUES (:id_visiteur:, :id_presentation:, :id_siege:)', [...], false)
 4 APPPATH\Models\ModelePresentation.php(109): CodeIgniter\Database\BaseBuilder->insert([...])
 5 APPPATH\Controllers\CtrlConferences.php(68): App\Models\ModelePresentation->inscriptionPresentationPourUnePersonne('10', [], 'c3', '9')
 6 SYSTEMPATH\CodeIgniter.php(941): App\Controllers\CtrlConferences->inscription('10', '9')
 7 SYSTEMPATH\CodeIgniter.php(502): CodeIgniter\CodeIgniter->runController(Object(App\Controllers\CtrlConferences))
 8 SYSTEMPATH\CodeIgniter.php(361): CodeIgniter\CodeIgniter->handleRequest(null, Object(Config\Cache), false)
 9 FCPATH\index.php(79): CodeIgniter\CodeIgniter->run()
CRITICAL - 2024-02-27 16:19:10 --> [Caused by] mysqli_sql_exception: Duplicata du champ 'c3-10' pour la clef 'reserver.PRIMARY'
in SYSTEMPATH\Database\MySQLi\Connection.php on line 306.
 1 SYSTEMPATH\Database\MySQLi\Connection.php(306): mysqli->query('INSERT INTO `reserver` (`id_visiteur`, `id_presentation`, `id_siege`) VALUES (\'c3\', \'10\', \'9\')', 0)
 2 SYSTEMPATH\Database\BaseConnection.php(693): CodeIgniter\Database\MySQLi\Connection->execute('INSERT INTO `reserver` (`id_visiteur`, `id_presentation`, `id_siege`) VALUES (\'c3\', \'10\', \'9\')')
 3 SYSTEMPATH\Database\BaseConnection.php(607): CodeIgniter\Database\BaseConnection->simpleQuery('INSERT INTO `reserver` (`id_visiteur`, `id_presentation`, `id_siege`) VALUES (\'c3\', \'10\', \'9\')')
 4 SYSTEMPATH\Database\BaseBuilder.php(2302): CodeIgniter\Database\BaseConnection->query('INSERT INTO `reserver` (`id_visiteur`, `id_presentation`, `id_siege`) VALUES (:id_visiteur:, :id_presentation:, :id_siege:)', [...], false)
 5 APPPATH\Models\ModelePresentation.php(109): CodeIgniter\Database\BaseBuilder->insert([...])
 6 APPPATH\Controllers\CtrlConferences.php(68): App\Models\ModelePresentation->inscriptionPresentationPourUnePersonne('10', [], 'c3', '9')
 7 SYSTEMPATH\CodeIgniter.php(941): App\Controllers\CtrlConferences->inscription('10', '9')
 8 SYSTEMPATH\CodeIgniter.php(502): CodeIgniter\CodeIgniter->runController(Object(App\Controllers\CtrlConferences))
 9 SYSTEMPATH\CodeIgniter.php(361): CodeIgniter\CodeIgniter->handleRequest(null, Object(Config\Cache), false)
10 FCPATH\index.php(79): CodeIgniter\CodeIgniter->run()
ERROR - 2024-02-27 16:19:10 --> mysqli_sql_exception: Duplicata du champ 'c3-10' pour la clef 'reserver.PRIMARY' in C:\wamp64\www\Sites\GSB3\system\Database\MySQLi\Connection.php:306
Stack trace:
#0 C:\wamp64\www\Sites\GSB3\system\Database\MySQLi\Connection.php(306): mysqli->query('INSERT INTO `re...', 0)
#1 C:\wamp64\www\Sites\GSB3\system\Database\BaseConnection.php(693): CodeIgniter\Database\MySQLi\Connection->execute('INSERT INTO `re...')
#2 C:\wamp64\www\Sites\GSB3\system\Database\BaseConnection.php(607): CodeIgniter\Database\BaseConnection->simpleQuery('INSERT INTO `re...')
#3 C:\wamp64\www\Sites\GSB3\system\Database\BaseBuilder.php(2302): CodeIgniter\Database\BaseConnection->query('INSERT INTO `re...', Array, false)
#4 C:\wamp64\www\Sites\GSB3\app\Models\ModelePresentation.php(109): CodeIgniter\Database\BaseBuilder->insert(Array)
#5 C:\wamp64\www\Sites\GSB3\app\Controllers\CtrlConferences.php(68): App\Models\ModelePresentation->inscriptionPresentationPourUnePersonne('10', Array, 'c3', '9')
#6 C:\wamp64\www\Sites\GSB3\system\CodeIgniter.php(941): App\Controllers\CtrlConferences->inscription('10', '9')
#7 C:\wamp64\www\Sites\GSB3\system\CodeIgniter.php(502): CodeIgniter\CodeIgniter->runController(Object(App\Controllers\CtrlConferences))
#8 C:\wamp64\www\Sites\GSB3\system\CodeIgniter.php(361): CodeIgniter\CodeIgniter->handleRequest(NULL, Object(Config\Cache), false)
#9 C:\wamp64\www\Sites\GSB3\public\index.php(79): CodeIgniter\CodeIgniter->run()
#10 {main}
CRITICAL - 2024-02-27 16:19:10 --> CodeIgniter\Database\Exceptions\DatabaseException: Duplicata du champ 'c3-10' pour la clef 'reserver.PRIMARY'
in SYSTEMPATH\Database\BaseConnection.php on line 647.
 1 SYSTEMPATH\Database\BaseBuilder.php(2302): CodeIgniter\Database\BaseConnection->query('INSERT INTO `reserver` (`id_visiteur`, `id_presentation`, `id_siege`) VALUES (:id_visiteur:, :id_presentation:, :id_siege:)', [...], false)
 2 APPPATH\Models\ModelePresentation.php(109): CodeIgniter\Database\BaseBuilder->insert([...])
 3 APPPATH\Controllers\CtrlConferences.php(68): App\Models\ModelePresentation->inscriptionPresentationPourUnePersonne('10', [], 'c3', '9')
 4 SYSTEMPATH\CodeIgniter.php(941): App\Controllers\CtrlConferences->inscription('10', '9')
 5 SYSTEMPATH\CodeIgniter.php(502): CodeIgniter\CodeIgniter->runController(Object(App\Controllers\CtrlConferences))
 6 SYSTEMPATH\CodeIgniter.php(361): CodeIgniter\CodeIgniter->handleRequest(null, Object(Config\Cache), false)
 7 FCPATH\index.php(79): CodeIgniter\CodeIgniter->run()
CRITICAL - 2024-02-27 16:19:10 --> [Caused by] CodeIgniter\Database\Exceptions\DatabaseException: Duplicata du champ 'c3-10' pour la clef 'reserver.PRIMARY'
in SYSTEMPATH\Database\MySQLi\Connection.php on line 311.
 1 SYSTEMPATH\Database\BaseConnection.php(693): CodeIgniter\Database\MySQLi\Connection->execute('INSERT INTO `reserver` (`id_visiteur`, `id_presentation`, `id_siege`) VALUES (\'c3\', \'10\', \'9\')')
 2 SYSTEMPATH\Database\BaseConnection.php(607): CodeIgniter\Database\BaseConnection->simpleQuery('INSERT INTO `reserver` (`id_visiteur`, `id_presentation`, `id_siege`) VALUES (\'c3\', \'10\', \'9\')')
 3 SYSTEMPATH\Database\BaseBuilder.php(2302): CodeIgniter\Database\BaseConnection->query('INSERT INTO `reserver` (`id_visiteur`, `id_presentation`, `id_siege`) VALUES (:id_visiteur:, :id_presentation:, :id_siege:)', [...], false)
 4 APPPATH\Models\ModelePresentation.php(109): CodeIgniter\Database\BaseBuilder->insert([...])
 5 APPPATH\Controllers\CtrlConferences.php(68): App\Models\ModelePresentation->inscriptionPresentationPourUnePersonne('10', [], 'c3', '9')
 6 SYSTEMPATH\CodeIgniter.php(941): App\Controllers\CtrlConferences->inscription('10', '9')
 7 SYSTEMPATH\CodeIgniter.php(502): CodeIgniter\CodeIgniter->runController(Object(App\Controllers\CtrlConferences))
 8 SYSTEMPATH\CodeIgniter.php(361): CodeIgniter\CodeIgniter->handleRequest(null, Object(Config\Cache), false)
 9 FCPATH\index.php(79): CodeIgniter\CodeIgniter->run()
CRITICAL - 2024-02-27 16:19:10 --> [Caused by] mysqli_sql_exception: Duplicata du champ 'c3-10' pour la clef 'reserver.PRIMARY'
in SYSTEMPATH\Database\MySQLi\Connection.php on line 306.
 1 SYSTEMPATH\Database\MySQLi\Connection.php(306): mysqli->query('INSERT INTO `reserver` (`id_visiteur`, `id_presentation`, `id_siege`) VALUES (\'c3\', \'10\', \'9\')', 0)
 2 SYSTEMPATH\Database\BaseConnection.php(693): CodeIgniter\Database\MySQLi\Connection->execute('INSERT INTO `reserver` (`id_visiteur`, `id_presentation`, `id_siege`) VALUES (\'c3\', \'10\', \'9\')')
 3 SYSTEMPATH\Database\BaseConnection.php(607): CodeIgniter\Database\BaseConnection->simpleQuery('INSERT INTO `reserver` (`id_visiteur`, `id_presentation`, `id_siege`) VALUES (\'c3\', \'10\', \'9\')')
 4 SYSTEMPATH\Database\BaseBuilder.php(2302): CodeIgniter\Database\BaseConnection->query('INSERT INTO `reserver` (`id_visiteur`, `id_presentation`, `id_siege`) VALUES (:id_visiteur:, :id_presentation:, :id_siege:)', [...], false)
 5 APPPATH\Models\ModelePresentation.php(109): CodeIgniter\Database\BaseBuilder->insert([...])
 6 APPPATH\Controllers\CtrlConferences.php(68): App\Models\ModelePresentation->inscriptionPresentationPourUnePersonne('10', [], 'c3', '9')
 7 SYSTEMPATH\CodeIgniter.php(941): App\Controllers\CtrlConferences->inscription('10', '9')
 8 SYSTEMPATH\CodeIgniter.php(502): CodeIgniter\CodeIgniter->runController(Object(App\Controllers\CtrlConferences))
 9 SYSTEMPATH\CodeIgniter.php(361): CodeIgniter\CodeIgniter->handleRequest(null, Object(Config\Cache), false)
10 FCPATH\index.php(79): CodeIgniter\CodeIgniter->run()
ERROR - 2024-02-27 16:27:09 --> mysqli_sql_exception: Champ 'id_siege' inconnu dans field list in C:\wamp64\www\Sites\GSB3\system\Database\MySQLi\Connection.php:306
Stack trace:
#0 C:\wamp64\www\Sites\GSB3\system\Database\MySQLi\Connection.php(306): mysqli->query('INSERT INTO `re...', 0)
#1 C:\wamp64\www\Sites\GSB3\system\Database\BaseConnection.php(693): CodeIgniter\Database\MySQLi\Connection->execute('INSERT INTO `re...')
#2 C:\wamp64\www\Sites\GSB3\system\Database\BaseConnection.php(607): CodeIgniter\Database\BaseConnection->simpleQuery('INSERT INTO `re...')
#3 C:\wamp64\www\Sites\GSB3\system\Database\BaseBuilder.php(2302): CodeIgniter\Database\BaseConnection->query('INSERT INTO `re...', Array, false)
#4 C:\wamp64\www\Sites\GSB3\app\Models\ModelePresentation.php(109): CodeIgniter\Database\BaseBuilder->insert(Array)
#5 C:\wamp64\www\Sites\GSB3\app\Controllers\CtrlConferences.php(68): App\Models\ModelePresentation->inscriptionPresentationPourUnePersonne('10', Array, 'c3', '11')
#6 C:\wamp64\www\Sites\GSB3\system\CodeIgniter.php(941): App\Controllers\CtrlConferences->inscription('10', '11')
#7 C:\wamp64\www\Sites\GSB3\system\CodeIgniter.php(502): CodeIgniter\CodeIgniter->runController(Object(App\Controllers\CtrlConferences))
#8 C:\wamp64\www\Sites\GSB3\system\CodeIgniter.php(361): CodeIgniter\CodeIgniter->handleRequest(NULL, Object(Config\Cache), false)
#9 C:\wamp64\www\Sites\GSB3\public\index.php(79): CodeIgniter\CodeIgniter->run()
#10 {main}
CRITICAL - 2024-02-27 16:27:09 --> CodeIgniter\Database\Exceptions\DatabaseException: Champ 'id_siege' inconnu dans field list
in SYSTEMPATH\Database\BaseConnection.php on line 647.
 1 SYSTEMPATH\Database\BaseBuilder.php(2302): CodeIgniter\Database\BaseConnection->query('INSERT INTO `reserver` (`id_visiteur`, `id_presentation`, `id_siege`) VALUES (:id_visiteur:, :id_presentation:, :id_siege:)', [...], false)
 2 APPPATH\Models\ModelePresentation.php(109): CodeIgniter\Database\BaseBuilder->insert([...])
 3 APPPATH\Controllers\CtrlConferences.php(68): App\Models\ModelePresentation->inscriptionPresentationPourUnePersonne('10', [], 'c3', '11')
 4 SYSTEMPATH\CodeIgniter.php(941): App\Controllers\CtrlConferences->inscription('10', '11')
 5 SYSTEMPATH\CodeIgniter.php(502): CodeIgniter\CodeIgniter->runController(Object(App\Controllers\CtrlConferences))
 6 SYSTEMPATH\CodeIgniter.php(361): CodeIgniter\CodeIgniter->handleRequest(null, Object(Config\Cache), false)
 7 FCPATH\index.php(79): CodeIgniter\CodeIgniter->run()
CRITICAL - 2024-02-27 16:27:09 --> [Caused by] CodeIgniter\Database\Exceptions\DatabaseException: Champ 'id_siege' inconnu dans field list
in SYSTEMPATH\Database\MySQLi\Connection.php on line 311.
 1 SYSTEMPATH\Database\BaseConnection.php(693): CodeIgniter\Database\MySQLi\Connection->execute('INSERT INTO `reserver` (`id_visiteur`, `id_presentation`, `id_siege`) VALUES (\'c3\', \'10\', \'11\')')
 2 SYSTEMPATH\Database\BaseConnection.php(607): CodeIgniter\Database\BaseConnection->simpleQuery('INSERT INTO `reserver` (`id_visiteur`, `id_presentation`, `id_siege`) VALUES (\'c3\', \'10\', \'11\')')
 3 SYSTEMPATH\Database\BaseBuilder.php(2302): CodeIgniter\Database\BaseConnection->query('INSERT INTO `reserver` (`id_visiteur`, `id_presentation`, `id_siege`) VALUES (:id_visiteur:, :id_presentation:, :id_siege:)', [...], false)
 4 APPPATH\Models\ModelePresentation.php(109): CodeIgniter\Database\BaseBuilder->insert([...])
 5 APPPATH\Controllers\CtrlConferences.php(68): App\Models\ModelePresentation->inscriptionPresentationPourUnePersonne('10', [], 'c3', '11')
 6 SYSTEMPATH\CodeIgniter.php(941): App\Controllers\CtrlConferences->inscription('10', '11')
 7 SYSTEMPATH\CodeIgniter.php(502): CodeIgniter\CodeIgniter->runController(Object(App\Controllers\CtrlConferences))
 8 SYSTEMPATH\CodeIgniter.php(361): CodeIgniter\CodeIgniter->handleRequest(null, Object(Config\Cache), false)
 9 FCPATH\index.php(79): CodeIgniter\CodeIgniter->run()
CRITICAL - 2024-02-27 16:27:09 --> [Caused by] mysqli_sql_exception: Champ 'id_siege' inconnu dans field list
in SYSTEMPATH\Database\MySQLi\Connection.php on line 306.
 1 SYSTEMPATH\Database\MySQLi\Connection.php(306): mysqli->query('INSERT INTO `reserver` (`id_visiteur`, `id_presentation`, `id_siege`) VALUES (\'c3\', \'10\', \'11\')', 0)
 2 SYSTEMPATH\Database\BaseConnection.php(693): CodeIgniter\Database\MySQLi\Connection->execute('INSERT INTO `reserver` (`id_visiteur`, `id_presentation`, `id_siege`) VALUES (\'c3\', \'10\', \'11\')')
 3 SYSTEMPATH\Database\BaseConnection.php(607): CodeIgniter\Database\BaseConnection->simpleQuery('INSERT INTO `reserver` (`id_visiteur`, `id_presentation`, `id_siege`) VALUES (\'c3\', \'10\', \'11\')')
 4 SYSTEMPATH\Database\BaseBuilder.php(2302): CodeIgniter\Database\BaseConnection->query('INSERT INTO `reserver` (`id_visiteur`, `id_presentation`, `id_siege`) VALUES (:id_visiteur:, :id_presentation:, :id_siege:)', [...], false)
 5 APPPATH\Models\ModelePresentation.php(109): CodeIgniter\Database\BaseBuilder->insert([...])
 6 APPPATH\Controllers\CtrlConferences.php(68): App\Models\ModelePresentation->inscriptionPresentationPourUnePersonne('10', [], 'c3', '11')
 7 SYSTEMPATH\CodeIgniter.php(941): App\Controllers\CtrlConferences->inscription('10', '11')
 8 SYSTEMPATH\CodeIgniter.php(502): CodeIgniter\CodeIgniter->runController(Object(App\Controllers\CtrlConferences))
 9 SYSTEMPATH\CodeIgniter.php(361): CodeIgniter\CodeIgniter->handleRequest(null, Object(Config\Cache), false)
10 FCPATH\index.php(79): CodeIgniter\CodeIgniter->run()
ERROR - 2024-02-27 16:27:49 --> mysqli_sql_exception: Duplicata du champ 'c3-10' pour la clef 'reserver.PRIMARY' in C:\wamp64\www\Sites\GSB3\system\Database\MySQLi\Connection.php:306
Stack trace:
#0 C:\wamp64\www\Sites\GSB3\system\Database\MySQLi\Connection.php(306): mysqli->query('INSERT INTO `re...', 0)
#1 C:\wamp64\www\Sites\GSB3\system\Database\BaseConnection.php(693): CodeIgniter\Database\MySQLi\Connection->execute('INSERT INTO `re...')
#2 C:\wamp64\www\Sites\GSB3\system\Database\BaseConnection.php(607): CodeIgniter\Database\BaseConnection->simpleQuery('INSERT INTO `re...')
#3 C:\wamp64\www\Sites\GSB3\system\Database\BaseBuilder.php(2302): CodeIgniter\Database\BaseConnection->query('INSERT INTO `re...', Array, false)
#4 C:\wamp64\www\Sites\GSB3\app\Models\ModelePresentation.php(109): CodeIgniter\Database\BaseBuilder->insert(Array)
#5 C:\wamp64\www\Sites\GSB3\app\Controllers\CtrlConferences.php(68): App\Models\ModelePresentation->inscriptionPresentationPourUnePersonne('10', Array, 'c3', '11')
#6 C:\wamp64\www\Sites\GSB3\system\CodeIgniter.php(941): App\Controllers\CtrlConferences->inscription('10', '11')
#7 C:\wamp64\www\Sites\GSB3\system\CodeIgniter.php(502): CodeIgniter\CodeIgniter->runController(Object(App\Controllers\CtrlConferences))
#8 C:\wamp64\www\Sites\GSB3\system\CodeIgniter.php(361): CodeIgniter\CodeIgniter->handleRequest(NULL, Object(Config\Cache), false)
#9 C:\wamp64\www\Sites\GSB3\public\index.php(79): CodeIgniter\CodeIgniter->run()
#10 {main}
CRITICAL - 2024-02-27 16:27:49 --> CodeIgniter\Database\Exceptions\DatabaseException: Duplicata du champ 'c3-10' pour la clef 'reserver.PRIMARY'
in SYSTEMPATH\Database\BaseConnection.php on line 647.
 1 SYSTEMPATH\Database\BaseBuilder.php(2302): CodeIgniter\Database\BaseConnection->query('INSERT INTO `reserver` (`id_visiteur`, `id_presentation`, `id_place`) VALUES (:id_visiteur:, :id_presentation:, :id_place:)', [...], false)
 2 APPPATH\Models\ModelePresentation.php(109): CodeIgniter\Database\BaseBuilder->insert([...])
 3 APPPATH\Controllers\CtrlConferences.php(68): App\Models\ModelePresentation->inscriptionPresentationPourUnePersonne('10', [], 'c3', '11')
 4 SYSTEMPATH\CodeIgniter.php(941): App\Controllers\CtrlConferences->inscription('10', '11')
 5 SYSTEMPATH\CodeIgniter.php(502): CodeIgniter\CodeIgniter->runController(Object(App\Controllers\CtrlConferences))
 6 SYSTEMPATH\CodeIgniter.php(361): CodeIgniter\CodeIgniter->handleRequest(null, Object(Config\Cache), false)
 7 FCPATH\index.php(79): CodeIgniter\CodeIgniter->run()
CRITICAL - 2024-02-27 16:27:49 --> [Caused by] CodeIgniter\Database\Exceptions\DatabaseException: Duplicata du champ 'c3-10' pour la clef 'reserver.PRIMARY'
in SYSTEMPATH\Database\MySQLi\Connection.php on line 311.
 1 SYSTEMPATH\Database\BaseConnection.php(693): CodeIgniter\Database\MySQLi\Connection->execute('INSERT INTO `reserver` (`id_visiteur`, `id_presentation`, `id_place`) VALUES (\'c3\', \'10\', \'11\')')
 2 SYSTEMPATH\Database\BaseConnection.php(607): CodeIgniter\Database\BaseConnection->simpleQuery('INSERT INTO `reserver` (`id_visiteur`, `id_presentation`, `id_place`) VALUES (\'c3\', \'10\', \'11\')')
 3 SYSTEMPATH\Database\BaseBuilder.php(2302): CodeIgniter\Database\BaseConnection->query('INSERT INTO `reserver` (`id_visiteur`, `id_presentation`, `id_place`) VALUES (:id_visiteur:, :id_presentation:, :id_place:)', [...], false)
 4 APPPATH\Models\ModelePresentation.php(109): CodeIgniter\Database\BaseBuilder->insert([...])
 5 APPPATH\Controllers\CtrlConferences.php(68): App\Models\ModelePresentation->inscriptionPresentationPourUnePersonne('10', [], 'c3', '11')
 6 SYSTEMPATH\CodeIgniter.php(941): App\Controllers\CtrlConferences->inscription('10', '11')
 7 SYSTEMPATH\CodeIgniter.php(502): CodeIgniter\CodeIgniter->runController(Object(App\Controllers\CtrlConferences))
 8 SYSTEMPATH\CodeIgniter.php(361): CodeIgniter\CodeIgniter->handleRequest(null, Object(Config\Cache), false)
 9 FCPATH\index.php(79): CodeIgniter\CodeIgniter->run()
CRITICAL - 2024-02-27 16:27:49 --> [Caused by] mysqli_sql_exception: Duplicata du champ 'c3-10' pour la clef 'reserver.PRIMARY'
in SYSTEMPATH\Database\MySQLi\Connection.php on line 306.
 1 SYSTEMPATH\Database\MySQLi\Connection.php(306): mysqli->query('INSERT INTO `reserver` (`id_visiteur`, `id_presentation`, `id_place`) VALUES (\'c3\', \'10\', \'11\')', 0)
 2 SYSTEMPATH\Database\BaseConnection.php(693): CodeIgniter\Database\MySQLi\Connection->execute('INSERT INTO `reserver` (`id_visiteur`, `id_presentation`, `id_place`) VALUES (\'c3\', \'10\', \'11\')')
 3 SYSTEMPATH\Database\BaseConnection.php(607): CodeIgniter\Database\BaseConnection->simpleQuery('INSERT INTO `reserver` (`id_visiteur`, `id_presentation`, `id_place`) VALUES (\'c3\', \'10\', \'11\')')
 4 SYSTEMPATH\Database\BaseBuilder.php(2302): CodeIgniter\Database\BaseConnection->query('INSERT INTO `reserver` (`id_visiteur`, `id_presentation`, `id_place`) VALUES (:id_visiteur:, :id_presentation:, :id_place:)', [...], false)
 5 APPPATH\Models\ModelePresentation.php(109): CodeIgniter\Database\BaseBuilder->insert([...])
 6 APPPATH\Controllers\CtrlConferences.php(68): App\Models\ModelePresentation->inscriptionPresentationPourUnePersonne('10', [], 'c3', '11')
 7 SYSTEMPATH\CodeIgniter.php(941): App\Controllers\CtrlConferences->inscription('10', '11')
 8 SYSTEMPATH\CodeIgniter.php(502): CodeIgniter\CodeIgniter->runController(Object(App\Controllers\CtrlConferences))
 9 SYSTEMPATH\CodeIgniter.php(361): CodeIgniter\CodeIgniter->handleRequest(null, Object(Config\Cache), false)
10 FCPATH\index.php(79): CodeIgniter\CodeIgniter->run()
ERROR - 2024-02-27 16:32:54 --> mysqli_sql_exception: Champ 'id_siege' inconnu dans where clause in C:\wamp64\www\Sites\GSB3\system\Database\MySQLi\Connection.php:306
Stack trace:
#0 C:\wamp64\www\Sites\GSB3\system\Database\MySQLi\Connection.php(306): mysqli->query('DELETE FROM `re...', 0)
#1 C:\wamp64\www\Sites\GSB3\system\Database\BaseConnection.php(693): CodeIgniter\Database\MySQLi\Connection->execute('DELETE FROM `re...')
#2 C:\wamp64\www\Sites\GSB3\system\Database\BaseConnection.php(607): CodeIgniter\Database\BaseConnection->simpleQuery('DELETE FROM `re...')
#3 C:\wamp64\www\Sites\GSB3\system\Database\BaseBuilder.php(2782): CodeIgniter\Database\BaseConnection->query('DELETE FROM `re...', Array, false)
#4 C:\wamp64\www\Sites\GSB3\app\Models\ModelePresentation.php(133): CodeIgniter\Database\BaseBuilder->delete()
#5 C:\wamp64\www\Sites\GSB3\app\Controllers\CtrlConferences.php(87): App\Models\ModelePresentation->desinscriptionPresentationPourUnePersonne('10', Array, 'c3', '11')
#6 C:\wamp64\www\Sites\GSB3\system\CodeIgniter.php(941): App\Controllers\CtrlConferences->desinscription('10', '11')
#7 C:\wamp64\www\Sites\GSB3\system\CodeIgniter.php(502): CodeIgniter\CodeIgniter->runController(Object(App\Controllers\CtrlConferences))
#8 C:\wamp64\www\Sites\GSB3\system\CodeIgniter.php(361): CodeIgniter\CodeIgniter->handleRequest(NULL, Object(Config\Cache), false)
#9 C:\wamp64\www\Sites\GSB3\public\index.php(79): CodeIgniter\CodeIgniter->run()
#10 {main}
CRITICAL - 2024-02-27 16:32:54 --> CodeIgniter\Database\Exceptions\DatabaseException: Champ 'id_siege' inconnu dans where clause
in SYSTEMPATH\Database\BaseConnection.php on line 647.
 1 SYSTEMPATH\Database\BaseBuilder.php(2782): CodeIgniter\Database\BaseConnection->query('DELETE FROM `reserver`
WHERE `id_presentation` = :id_presentation:
AND `id_visiteur` = :id_visiteur:
AND `id_siege` = :id_siege:', [...], false)
 2 APPPATH\Models\ModelePresentation.php(133): CodeIgniter\Database\BaseBuilder->delete()
 3 APPPATH\Controllers\CtrlConferences.php(87): App\Models\ModelePresentation->desinscriptionPresentationPourUnePersonne('10', [], 'c3', '11')
 4 SYSTEMPATH\CodeIgniter.php(941): App\Controllers\CtrlConferences->desinscription('10', '11')
 5 SYSTEMPATH\CodeIgniter.php(502): CodeIgniter\CodeIgniter->runController(Object(App\Controllers\CtrlConferences))
 6 SYSTEMPATH\CodeIgniter.php(361): CodeIgniter\CodeIgniter->handleRequest(null, Object(Config\Cache), false)
 7 FCPATH\index.php(79): CodeIgniter\CodeIgniter->run()
CRITICAL - 2024-02-27 16:32:54 --> [Caused by] CodeIgniter\Database\Exceptions\DatabaseException: Champ 'id_siege' inconnu dans where clause
in SYSTEMPATH\Database\MySQLi\Connection.php on line 311.
 1 SYSTEMPATH\Database\BaseConnection.php(693): CodeIgniter\Database\MySQLi\Connection->execute('DELETE FROM `reserver`
WHERE `id_presentation` = \'10\'
AND `id_visiteur` = \'c3\'
AND `id_siege` = \'11\'')
 2 SYSTEMPATH\Database\BaseConnection.php(607): CodeIgniter\Database\BaseConnection->simpleQuery('DELETE FROM `reserver`
WHERE `id_presentation` = \'10\'
AND `id_visiteur` = \'c3\'
AND `id_siege` = \'11\'')
 3 SYSTEMPATH\Database\BaseBuilder.php(2782): CodeIgniter\Database\BaseConnection->query('DELETE FROM `reserver`
WHERE `id_presentation` = :id_presentation:
AND `id_visiteur` = :id_visiteur:
AND `id_siege` = :id_siege:', [...], false)
 4 APPPATH\Models\ModelePresentation.php(133): CodeIgniter\Database\BaseBuilder->delete()
 5 APPPATH\Controllers\CtrlConferences.php(87): App\Models\ModelePresentation->desinscriptionPresentationPourUnePersonne('10', [], 'c3', '11')
 6 SYSTEMPATH\CodeIgniter.php(941): App\Controllers\CtrlConferences->desinscription('10', '11')
 7 SYSTEMPATH\CodeIgniter.php(502): CodeIgniter\CodeIgniter->runController(Object(App\Controllers\CtrlConferences))
 8 SYSTEMPATH\CodeIgniter.php(361): CodeIgniter\CodeIgniter->handleRequest(null, Object(Config\Cache), false)
 9 FCPATH\index.php(79): CodeIgniter\CodeIgniter->run()
CRITICAL - 2024-02-27 16:32:54 --> [Caused by] mysqli_sql_exception: Champ 'id_siege' inconnu dans where clause
in SYSTEMPATH\Database\MySQLi\Connection.php on line 306.
 1 SYSTEMPATH\Database\MySQLi\Connection.php(306): mysqli->query('DELETE FROM `reserver`
WHERE `id_presentation` = \'10\'
AND `id_visiteur` = \'c3\'
AND `id_siege` = \'11\'', 0)
 2 SYSTEMPATH\Database\BaseConnection.php(693): CodeIgniter\Database\MySQLi\Connection->execute('DELETE FROM `reserver`
WHERE `id_presentation` = \'10\'
AND `id_visiteur` = \'c3\'
AND `id_siege` = \'11\'')
 3 SYSTEMPATH\Database\BaseConnection.php(607): CodeIgniter\Database\BaseConnection->simpleQuery('DELETE FROM `reserver`
WHERE `id_presentation` = \'10\'
AND `id_visiteur` = \'c3\'
AND `id_siege` = \'11\'')
 4 SYSTEMPATH\Database\BaseBuilder.php(2782): CodeIgniter\Database\BaseConnection->query('DELETE FROM `reserver`
WHERE `id_presentation` = :id_presentation:
AND `id_visiteur` = :id_visiteur:
AND `id_siege` = :id_siege:', [...], false)
 5 APPPATH\Models\ModelePresentation.php(133): CodeIgniter\Database\BaseBuilder->delete()
 6 APPPATH\Controllers\CtrlConferences.php(87): App\Models\ModelePresentation->desinscriptionPresentationPourUnePersonne('10', [], 'c3', '11')
 7 SYSTEMPATH\CodeIgniter.php(941): App\Controllers\CtrlConferences->desinscription('10', '11')
 8 SYSTEMPATH\CodeIgniter.php(502): CodeIgniter\CodeIgniter->runController(Object(App\Controllers\CtrlConferences))
 9 SYSTEMPATH\CodeIgniter.php(361): CodeIgniter\CodeIgniter->handleRequest(null, Object(Config\Cache), false)
10 FCPATH\index.php(79): CodeIgniter\CodeIgniter->run()
ERROR - 2024-02-27 16:33:46 --> mysqli_sql_exception: Duplicata du champ 'c3-10' pour la clef 'reserver.PRIMARY' in C:\wamp64\www\Sites\GSB3\system\Database\MySQLi\Connection.php:306
Stack trace:
#0 C:\wamp64\www\Sites\GSB3\system\Database\MySQLi\Connection.php(306): mysqli->query('INSERT INTO `re...', 0)
#1 C:\wamp64\www\Sites\GSB3\system\Database\BaseConnection.php(693): CodeIgniter\Database\MySQLi\Connection->execute('INSERT INTO `re...')
#2 C:\wamp64\www\Sites\GSB3\system\Database\BaseConnection.php(607): CodeIgniter\Database\BaseConnection->simpleQuery('INSERT INTO `re...')
#3 C:\wamp64\www\Sites\GSB3\system\Database\BaseBuilder.php(2302): CodeIgniter\Database\BaseConnection->query('INSERT INTO `re...', Array, false)
#4 C:\wamp64\www\Sites\GSB3\app\Models\ModelePresentation.php(109): CodeIgniter\Database\BaseBuilder->insert(Array)
#5 C:\wamp64\www\Sites\GSB3\app\Controllers\CtrlConferences.php(68): App\Models\ModelePresentation->inscriptionPresentationPourUnePersonne('10', Array, 'c3', '11')
#6 C:\wamp64\www\Sites\GSB3\system\CodeIgniter.php(941): App\Controllers\CtrlConferences->inscription('10', '11')
#7 C:\wamp64\www\Sites\GSB3\system\CodeIgniter.php(502): CodeIgniter\CodeIgniter->runController(Object(App\Controllers\CtrlConferences))
#8 C:\wamp64\www\Sites\GSB3\system\CodeIgniter.php(361): CodeIgniter\CodeIgniter->handleRequest(NULL, Object(Config\Cache), false)
#9 C:\wamp64\www\Sites\GSB3\public\index.php(79): CodeIgniter\CodeIgniter->run()
#10 {main}
CRITICAL - 2024-02-27 16:33:46 --> CodeIgniter\Database\Exceptions\DatabaseException: Duplicata du champ 'c3-10' pour la clef 'reserver.PRIMARY'
in SYSTEMPATH\Database\BaseConnection.php on line 647.
 1 SYSTEMPATH\Database\BaseBuilder.php(2302): CodeIgniter\Database\BaseConnection->query('INSERT INTO `reserver` (`id_visiteur`, `id_presentation`, `id_place`) VALUES (:id_visiteur:, :id_presentation:, :id_place:)', [...], false)
 2 APPPATH\Models\ModelePresentation.php(109): CodeIgniter\Database\BaseBuilder->insert([...])
 3 APPPATH\Controllers\CtrlConferences.php(68): App\Models\ModelePresentation->inscriptionPresentationPourUnePersonne('10', [], 'c3', '11')
 4 SYSTEMPATH\CodeIgniter.php(941): App\Controllers\CtrlConferences->inscription('10', '11')
 5 SYSTEMPATH\CodeIgniter.php(502): CodeIgniter\CodeIgniter->runController(Object(App\Controllers\CtrlConferences))
 6 SYSTEMPATH\CodeIgniter.php(361): CodeIgniter\CodeIgniter->handleRequest(null, Object(Config\Cache), false)
 7 FCPATH\index.php(79): CodeIgniter\CodeIgniter->run()
CRITICAL - 2024-02-27 16:33:46 --> [Caused by] CodeIgniter\Database\Exceptions\DatabaseException: Duplicata du champ 'c3-10' pour la clef 'reserver.PRIMARY'
in SYSTEMPATH\Database\MySQLi\Connection.php on line 311.
 1 SYSTEMPATH\Database\BaseConnection.php(693): CodeIgniter\Database\MySQLi\Connection->execute('INSERT INTO `reserver` (`id_visiteur`, `id_presentation`, `id_place`) VALUES (\'c3\', \'10\', \'11\')')
 2 SYSTEMPATH\Database\BaseConnection.php(607): CodeIgniter\Database\BaseConnection->simpleQuery('INSERT INTO `reserver` (`id_visiteur`, `id_presentation`, `id_place`) VALUES (\'c3\', \'10\', \'11\')')
 3 SYSTEMPATH\Database\BaseBuilder.php(2302): CodeIgniter\Database\BaseConnection->query('INSERT INTO `reserver` (`id_visiteur`, `id_presentation`, `id_place`) VALUES (:id_visiteur:, :id_presentation:, :id_place:)', [...], false)
 4 APPPATH\Models\ModelePresentation.php(109): CodeIgniter\Database\BaseBuilder->insert([...])
 5 APPPATH\Controllers\CtrlConferences.php(68): App\Models\ModelePresentation->inscriptionPresentationPourUnePersonne('10', [], 'c3', '11')
 6 SYSTEMPATH\CodeIgniter.php(941): App\Controllers\CtrlConferences->inscription('10', '11')
 7 SYSTEMPATH\CodeIgniter.php(502): CodeIgniter\CodeIgniter->runController(Object(App\Controllers\CtrlConferences))
 8 SYSTEMPATH\CodeIgniter.php(361): CodeIgniter\CodeIgniter->handleRequest(null, Object(Config\Cache), false)
 9 FCPATH\index.php(79): CodeIgniter\CodeIgniter->run()
CRITICAL - 2024-02-27 16:33:46 --> [Caused by] mysqli_sql_exception: Duplicata du champ 'c3-10' pour la clef 'reserver.PRIMARY'
in SYSTEMPATH\Database\MySQLi\Connection.php on line 306.
 1 SYSTEMPATH\Database\MySQLi\Connection.php(306): mysqli->query('INSERT INTO `reserver` (`id_visiteur`, `id_presentation`, `id_place`) VALUES (\'c3\', \'10\', \'11\')', 0)
 2 SYSTEMPATH\Database\BaseConnection.php(693): CodeIgniter\Database\MySQLi\Connection->execute('INSERT INTO `reserver` (`id_visiteur`, `id_presentation`, `id_place`) VALUES (\'c3\', \'10\', \'11\')')
 3 SYSTEMPATH\Database\BaseConnection.php(607): CodeIgniter\Database\BaseConnection->simpleQuery('INSERT INTO `reserver` (`id_visiteur`, `id_presentation`, `id_place`) VALUES (\'c3\', \'10\', \'11\')')
 4 SYSTEMPATH\Database\BaseBuilder.php(2302): CodeIgniter\Database\BaseConnection->query('INSERT INTO `reserver` (`id_visiteur`, `id_presentation`, `id_place`) VALUES (:id_visiteur:, :id_presentation:, :id_place:)', [...], false)
 5 APPPATH\Models\ModelePresentation.php(109): CodeIgniter\Database\BaseBuilder->insert([...])
 6 APPPATH\Controllers\CtrlConferences.php(68): App\Models\ModelePresentation->inscriptionPresentationPourUnePersonne('10', [], 'c3', '11')
 7 SYSTEMPATH\CodeIgniter.php(941): App\Controllers\CtrlConferences->inscription('10', '11')
 8 SYSTEMPATH\CodeIgniter.php(502): CodeIgniter\CodeIgniter->runController(Object(App\Controllers\CtrlConferences))
 9 SYSTEMPATH\CodeIgniter.php(361): CodeIgniter\CodeIgniter->handleRequest(null, Object(Config\Cache), false)
10 FCPATH\index.php(79): CodeIgniter\CodeIgniter->run()
ERROR - 2024-02-27 16:33:47 --> mysqli_sql_exception: Duplicata du champ 'c3-10' pour la clef 'reserver.PRIMARY' in C:\wamp64\www\Sites\GSB3\system\Database\MySQLi\Connection.php:306
Stack trace:
#0 C:\wamp64\www\Sites\GSB3\system\Database\MySQLi\Connection.php(306): mysqli->query('INSERT INTO `re...', 0)
#1 C:\wamp64\www\Sites\GSB3\system\Database\BaseConnection.php(693): CodeIgniter\Database\MySQLi\Connection->execute('INSERT INTO `re...')
#2 C:\wamp64\www\Sites\GSB3\system\Database\BaseConnection.php(607): CodeIgniter\Database\BaseConnection->simpleQuery('INSERT INTO `re...')
#3 C:\wamp64\www\Sites\GSB3\system\Database\BaseBuilder.php(2302): CodeIgniter\Database\BaseConnection->query('INSERT INTO `re...', Array, false)
#4 C:\wamp64\www\Sites\GSB3\app\Models\ModelePresentation.php(109): CodeIgniter\Database\BaseBuilder->insert(Array)
#5 C:\wamp64\www\Sites\GSB3\app\Controllers\CtrlConferences.php(68): App\Models\ModelePresentation->inscriptionPresentationPourUnePersonne('10', Array, 'c3', '11')
#6 C:\wamp64\www\Sites\GSB3\system\CodeIgniter.php(941): App\Controllers\CtrlConferences->inscription('10', '11')
#7 C:\wamp64\www\Sites\GSB3\system\CodeIgniter.php(502): CodeIgniter\CodeIgniter->runController(Object(App\Controllers\CtrlConferences))
#8 C:\wamp64\www\Sites\GSB3\system\CodeIgniter.php(361): CodeIgniter\CodeIgniter->handleRequest(NULL, Object(Config\Cache), false)
#9 C:\wamp64\www\Sites\GSB3\public\index.php(79): CodeIgniter\CodeIgniter->run()
#10 {main}
CRITICAL - 2024-02-27 16:33:47 --> CodeIgniter\Database\Exceptions\DatabaseException: Duplicata du champ 'c3-10' pour la clef 'reserver.PRIMARY'
in SYSTEMPATH\Database\BaseConnection.php on line 647.
 1 SYSTEMPATH\Database\BaseBuilder.php(2302): CodeIgniter\Database\BaseConnection->query('INSERT INTO `reserver` (`id_visiteur`, `id_presentation`, `id_place`) VALUES (:id_visiteur:, :id_presentation:, :id_place:)', [...], false)
 2 APPPATH\Models\ModelePresentation.php(109): CodeIgniter\Database\BaseBuilder->insert([...])
 3 APPPATH\Controllers\CtrlConferences.php(68): App\Models\ModelePresentation->inscriptionPresentationPourUnePersonne('10', [], 'c3', '11')
 4 SYSTEMPATH\CodeIgniter.php(941): App\Controllers\CtrlConferences->inscription('10', '11')
 5 SYSTEMPATH\CodeIgniter.php(502): CodeIgniter\CodeIgniter->runController(Object(App\Controllers\CtrlConferences))
 6 SYSTEMPATH\CodeIgniter.php(361): CodeIgniter\CodeIgniter->handleRequest(null, Object(Config\Cache), false)
 7 FCPATH\index.php(79): CodeIgniter\CodeIgniter->run()
CRITICAL - 2024-02-27 16:33:47 --> [Caused by] CodeIgniter\Database\Exceptions\DatabaseException: Duplicata du champ 'c3-10' pour la clef 'reserver.PRIMARY'
in SYSTEMPATH\Database\MySQLi\Connection.php on line 311.
 1 SYSTEMPATH\Database\BaseConnection.php(693): CodeIgniter\Database\MySQLi\Connection->execute('INSERT INTO `reserver` (`id_visiteur`, `id_presentation`, `id_place`) VALUES (\'c3\', \'10\', \'11\')')
 2 SYSTEMPATH\Database\BaseConnection.php(607): CodeIgniter\Database\BaseConnection->simpleQuery('INSERT INTO `reserver` (`id_visiteur`, `id_presentation`, `id_place`) VALUES (\'c3\', \'10\', \'11\')')
 3 SYSTEMPATH\Database\BaseBuilder.php(2302): CodeIgniter\Database\BaseConnection->query('INSERT INTO `reserver` (`id_visiteur`, `id_presentation`, `id_place`) VALUES (:id_visiteur:, :id_presentation:, :id_place:)', [...], false)
 4 APPPATH\Models\ModelePresentation.php(109): CodeIgniter\Database\BaseBuilder->insert([...])
 5 APPPATH\Controllers\CtrlConferences.php(68): App\Models\ModelePresentation->inscriptionPresentationPourUnePersonne('10', [], 'c3', '11')
 6 SYSTEMPATH\CodeIgniter.php(941): App\Controllers\CtrlConferences->inscription('10', '11')
 7 SYSTEMPATH\CodeIgniter.php(502): CodeIgniter\CodeIgniter->runController(Object(App\Controllers\CtrlConferences))
 8 SYSTEMPATH\CodeIgniter.php(361): CodeIgniter\CodeIgniter->handleRequest(null, Object(Config\Cache), false)
 9 FCPATH\index.php(79): CodeIgniter\CodeIgniter->run()
CRITICAL - 2024-02-27 16:33:47 --> [Caused by] mysqli_sql_exception: Duplicata du champ 'c3-10' pour la clef 'reserver.PRIMARY'
in SYSTEMPATH\Database\MySQLi\Connection.php on line 306.
 1 SYSTEMPATH\Database\MySQLi\Connection.php(306): mysqli->query('INSERT INTO `reserver` (`id_visiteur`, `id_presentation`, `id_place`) VALUES (\'c3\', \'10\', \'11\')', 0)
 2 SYSTEMPATH\Database\BaseConnection.php(693): CodeIgniter\Database\MySQLi\Connection->execute('INSERT INTO `reserver` (`id_visiteur`, `id_presentation`, `id_place`) VALUES (\'c3\', \'10\', \'11\')')
 3 SYSTEMPATH\Database\BaseConnection.php(607): CodeIgniter\Database\BaseConnection->simpleQuery('INSERT INTO `reserver` (`id_visiteur`, `id_presentation`, `id_place`) VALUES (\'c3\', \'10\', \'11\')')
 4 SYSTEMPATH\Database\BaseBuilder.php(2302): CodeIgniter\Database\BaseConnection->query('INSERT INTO `reserver` (`id_visiteur`, `id_presentation`, `id_place`) VALUES (:id_visiteur:, :id_presentation:, :id_place:)', [...], false)
 5 APPPATH\Models\ModelePresentation.php(109): CodeIgniter\Database\BaseBuilder->insert([...])
 6 APPPATH\Controllers\CtrlConferences.php(68): App\Models\ModelePresentation->inscriptionPresentationPourUnePersonne('10', [], 'c3', '11')
 7 SYSTEMPATH\CodeIgniter.php(941): App\Controllers\CtrlConferences->inscription('10', '11')
 8 SYSTEMPATH\CodeIgniter.php(502): CodeIgniter\CodeIgniter->runController(Object(App\Controllers\CtrlConferences))
 9 SYSTEMPATH\CodeIgniter.php(361): CodeIgniter\CodeIgniter->handleRequest(null, Object(Config\Cache), false)
10 FCPATH\index.php(79): CodeIgniter\CodeIgniter->run()
ERROR - 2024-02-27 16:33:47 --> mysqli_sql_exception: Duplicata du champ 'c3-10' pour la clef 'reserver.PRIMARY' in C:\wamp64\www\Sites\GSB3\system\Database\MySQLi\Connection.php:306
Stack trace:
#0 C:\wamp64\www\Sites\GSB3\system\Database\MySQLi\Connection.php(306): mysqli->query('INSERT INTO `re...', 0)
#1 C:\wamp64\www\Sites\GSB3\system\Database\BaseConnection.php(693): CodeIgniter\Database\MySQLi\Connection->execute('INSERT INTO `re...')
#2 C:\wamp64\www\Sites\GSB3\system\Database\BaseConnection.php(607): CodeIgniter\Database\BaseConnection->simpleQuery('INSERT INTO `re...')
#3 C:\wamp64\www\Sites\GSB3\system\Database\BaseBuilder.php(2302): CodeIgniter\Database\BaseConnection->query('INSERT INTO `re...', Array, false)
#4 C:\wamp64\www\Sites\GSB3\app\Models\ModelePresentation.php(109): CodeIgniter\Database\BaseBuilder->insert(Array)
#5 C:\wamp64\www\Sites\GSB3\app\Controllers\CtrlConferences.php(68): App\Models\ModelePresentation->inscriptionPresentationPourUnePersonne('10', Array, 'c3', '11')
#6 C:\wamp64\www\Sites\GSB3\system\CodeIgniter.php(941): App\Controllers\CtrlConferences->inscription('10', '11')
#7 C:\wamp64\www\Sites\GSB3\system\CodeIgniter.php(502): CodeIgniter\CodeIgniter->runController(Object(App\Controllers\CtrlConferences))
#8 C:\wamp64\www\Sites\GSB3\system\CodeIgniter.php(361): CodeIgniter\CodeIgniter->handleRequest(NULL, Object(Config\Cache), false)
#9 C:\wamp64\www\Sites\GSB3\public\index.php(79): CodeIgniter\CodeIgniter->run()
#10 {main}
CRITICAL - 2024-02-27 16:33:47 --> CodeIgniter\Database\Exceptions\DatabaseException: Duplicata du champ 'c3-10' pour la clef 'reserver.PRIMARY'
in SYSTEMPATH\Database\BaseConnection.php on line 647.
 1 SYSTEMPATH\Database\BaseBuilder.php(2302): CodeIgniter\Database\BaseConnection->query('INSERT INTO `reserver` (`id_visiteur`, `id_presentation`, `id_place`) VALUES (:id_visiteur:, :id_presentation:, :id_place:)', [...], false)
 2 APPPATH\Models\ModelePresentation.php(109): CodeIgniter\Database\BaseBuilder->insert([...])
 3 APPPATH\Controllers\CtrlConferences.php(68): App\Models\ModelePresentation->inscriptionPresentationPourUnePersonne('10', [], 'c3', '11')
 4 SYSTEMPATH\CodeIgniter.php(941): App\Controllers\CtrlConferences->inscription('10', '11')
 5 SYSTEMPATH\CodeIgniter.php(502): CodeIgniter\CodeIgniter->runController(Object(App\Controllers\CtrlConferences))
 6 SYSTEMPATH\CodeIgniter.php(361): CodeIgniter\CodeIgniter->handleRequest(null, Object(Config\Cache), false)
 7 FCPATH\index.php(79): CodeIgniter\CodeIgniter->run()
CRITICAL - 2024-02-27 16:33:47 --> [Caused by] CodeIgniter\Database\Exceptions\DatabaseException: Duplicata du champ 'c3-10' pour la clef 'reserver.PRIMARY'
in SYSTEMPATH\Database\MySQLi\Connection.php on line 311.
 1 SYSTEMPATH\Database\BaseConnection.php(693): CodeIgniter\Database\MySQLi\Connection->execute('INSERT INTO `reserver` (`id_visiteur`, `id_presentation`, `id_place`) VALUES (\'c3\', \'10\', \'11\')')
 2 SYSTEMPATH\Database\BaseConnection.php(607): CodeIgniter\Database\BaseConnection->simpleQuery('INSERT INTO `reserver` (`id_visiteur`, `id_presentation`, `id_place`) VALUES (\'c3\', \'10\', \'11\')')
 3 SYSTEMPATH\Database\BaseBuilder.php(2302): CodeIgniter\Database\BaseConnection->query('INSERT INTO `reserver` (`id_visiteur`, `id_presentation`, `id_place`) VALUES (:id_visiteur:, :id_presentation:, :id_place:)', [...], false)
 4 APPPATH\Models\ModelePresentation.php(109): CodeIgniter\Database\BaseBuilder->insert([...])
 5 APPPATH\Controllers\CtrlConferences.php(68): App\Models\ModelePresentation->inscriptionPresentationPourUnePersonne('10', [], 'c3', '11')
 6 SYSTEMPATH\CodeIgniter.php(941): App\Controllers\CtrlConferences->inscription('10', '11')
 7 SYSTEMPATH\CodeIgniter.php(502): CodeIgniter\CodeIgniter->runController(Object(App\Controllers\CtrlConferences))
 8 SYSTEMPATH\CodeIgniter.php(361): CodeIgniter\CodeIgniter->handleRequest(null, Object(Config\Cache), false)
 9 FCPATH\index.php(79): CodeIgniter\CodeIgniter->run()
CRITICAL - 2024-02-27 16:33:47 --> [Caused by] mysqli_sql_exception: Duplicata du champ 'c3-10' pour la clef 'reserver.PRIMARY'
in SYSTEMPATH\Database\MySQLi\Connection.php on line 306.
 1 SYSTEMPATH\Database\MySQLi\Connection.php(306): mysqli->query('INSERT INTO `reserver` (`id_visiteur`, `id_presentation`, `id_place`) VALUES (\'c3\', \'10\', \'11\')', 0)
 2 SYSTEMPATH\Database\BaseConnection.php(693): CodeIgniter\Database\MySQLi\Connection->execute('INSERT INTO `reserver` (`id_visiteur`, `id_presentation`, `id_place`) VALUES (\'c3\', \'10\', \'11\')')
 3 SYSTEMPATH\Database\BaseConnection.php(607): CodeIgniter\Database\BaseConnection->simpleQuery('INSERT INTO `reserver` (`id_visiteur`, `id_presentation`, `id_place`) VALUES (\'c3\', \'10\', \'11\')')
 4 SYSTEMPATH\Database\BaseBuilder.php(2302): CodeIgniter\Database\BaseConnection->query('INSERT INTO `reserver` (`id_visiteur`, `id_presentation`, `id_place`) VALUES (:id_visiteur:, :id_presentation:, :id_place:)', [...], false)
 5 APPPATH\Models\ModelePresentation.php(109): CodeIgniter\Database\BaseBuilder->insert([...])
 6 APPPATH\Controllers\CtrlConferences.php(68): App\Models\ModelePresentation->inscriptionPresentationPourUnePersonne('10', [], 'c3', '11')
 7 SYSTEMPATH\CodeIgniter.php(941): App\Controllers\CtrlConferences->inscription('10', '11')
 8 SYSTEMPATH\CodeIgniter.php(502): CodeIgniter\CodeIgniter->runController(Object(App\Controllers\CtrlConferences))
 9 SYSTEMPATH\CodeIgniter.php(361): CodeIgniter\CodeIgniter->handleRequest(null, Object(Config\Cache), false)
10 FCPATH\index.php(79): CodeIgniter\CodeIgniter->run()
ERROR - 2024-02-27 16:33:48 --> mysqli_sql_exception: Duplicata du champ 'c3-10' pour la clef 'reserver.PRIMARY' in C:\wamp64\www\Sites\GSB3\system\Database\MySQLi\Connection.php:306
Stack trace:
#0 C:\wamp64\www\Sites\GSB3\system\Database\MySQLi\Connection.php(306): mysqli->query('INSERT INTO `re...', 0)
#1 C:\wamp64\www\Sites\GSB3\system\Database\BaseConnection.php(693): CodeIgniter\Database\MySQLi\Connection->execute('INSERT INTO `re...')
#2 C:\wamp64\www\Sites\GSB3\system\Database\BaseConnection.php(607): CodeIgniter\Database\BaseConnection->simpleQuery('INSERT INTO `re...')
#3 C:\wamp64\www\Sites\GSB3\system\Database\BaseBuilder.php(2302): CodeIgniter\Database\BaseConnection->query('INSERT INTO `re...', Array, false)
#4 C:\wamp64\www\Sites\GSB3\app\Models\ModelePresentation.php(109): CodeIgniter\Database\BaseBuilder->insert(Array)
#5 C:\wamp64\www\Sites\GSB3\app\Controllers\CtrlConferences.php(68): App\Models\ModelePresentation->inscriptionPresentationPourUnePersonne('10', Array, 'c3', '11')
#6 C:\wamp64\www\Sites\GSB3\system\CodeIgniter.php(941): App\Controllers\CtrlConferences->inscription('10', '11')
#7 C:\wamp64\www\Sites\GSB3\system\CodeIgniter.php(502): CodeIgniter\CodeIgniter->runController(Object(App\Controllers\CtrlConferences))
#8 C:\wamp64\www\Sites\GSB3\system\CodeIgniter.php(361): CodeIgniter\CodeIgniter->handleRequest(NULL, Object(Config\Cache), false)
#9 C:\wamp64\www\Sites\GSB3\public\index.php(79): CodeIgniter\CodeIgniter->run()
#10 {main}
CRITICAL - 2024-02-27 16:33:48 --> CodeIgniter\Database\Exceptions\DatabaseException: Duplicata du champ 'c3-10' pour la clef 'reserver.PRIMARY'
in SYSTEMPATH\Database\BaseConnection.php on line 647.
 1 SYSTEMPATH\Database\BaseBuilder.php(2302): CodeIgniter\Database\BaseConnection->query('INSERT INTO `reserver` (`id_visiteur`, `id_presentation`, `id_place`) VALUES (:id_visiteur:, :id_presentation:, :id_place:)', [...], false)
 2 APPPATH\Models\ModelePresentation.php(109): CodeIgniter\Database\BaseBuilder->insert([...])
 3 APPPATH\Controllers\CtrlConferences.php(68): App\Models\ModelePresentation->inscriptionPresentationPourUnePersonne('10', [], 'c3', '11')
 4 SYSTEMPATH\CodeIgniter.php(941): App\Controllers\CtrlConferences->inscription('10', '11')
 5 SYSTEMPATH\CodeIgniter.php(502): CodeIgniter\CodeIgniter->runController(Object(App\Controllers\CtrlConferences))
 6 SYSTEMPATH\CodeIgniter.php(361): CodeIgniter\CodeIgniter->handleRequest(null, Object(Config\Cache), false)
 7 FCPATH\index.php(79): CodeIgniter\CodeIgniter->run()
CRITICAL - 2024-02-27 16:33:48 --> [Caused by] CodeIgniter\Database\Exceptions\DatabaseException: Duplicata du champ 'c3-10' pour la clef 'reserver.PRIMARY'
in SYSTEMPATH\Database\MySQLi\Connection.php on line 311.
 1 SYSTEMPATH\Database\BaseConnection.php(693): CodeIgniter\Database\MySQLi\Connection->execute('INSERT INTO `reserver` (`id_visiteur`, `id_presentation`, `id_place`) VALUES (\'c3\', \'10\', \'11\')')
 2 SYSTEMPATH\Database\BaseConnection.php(607): CodeIgniter\Database\BaseConnection->simpleQuery('INSERT INTO `reserver` (`id_visiteur`, `id_presentation`, `id_place`) VALUES (\'c3\', \'10\', \'11\')')
 3 SYSTEMPATH\Database\BaseBuilder.php(2302): CodeIgniter\Database\BaseConnection->query('INSERT INTO `reserver` (`id_visiteur`, `id_presentation`, `id_place`) VALUES (:id_visiteur:, :id_presentation:, :id_place:)', [...], false)
 4 APPPATH\Models\ModelePresentation.php(109): CodeIgniter\Database\BaseBuilder->insert([...])
 5 APPPATH\Controllers\CtrlConferences.php(68): App\Models\ModelePresentation->inscriptionPresentationPourUnePersonne('10', [], 'c3', '11')
 6 SYSTEMPATH\CodeIgniter.php(941): App\Controllers\CtrlConferences->inscription('10', '11')
 7 SYSTEMPATH\CodeIgniter.php(502): CodeIgniter\CodeIgniter->runController(Object(App\Controllers\CtrlConferences))
 8 SYSTEMPATH\CodeIgniter.php(361): CodeIgniter\CodeIgniter->handleRequest(null, Object(Config\Cache), false)
 9 FCPATH\index.php(79): CodeIgniter\CodeIgniter->run()
CRITICAL - 2024-02-27 16:33:48 --> [Caused by] mysqli_sql_exception: Duplicata du champ 'c3-10' pour la clef 'reserver.PRIMARY'
in SYSTEMPATH\Database\MySQLi\Connection.php on line 306.
 1 SYSTEMPATH\Database\MySQLi\Connection.php(306): mysqli->query('INSERT INTO `reserver` (`id_visiteur`, `id_presentation`, `id_place`) VALUES (\'c3\', \'10\', \'11\')', 0)
 2 SYSTEMPATH\Database\BaseConnection.php(693): CodeIgniter\Database\MySQLi\Connection->execute('INSERT INTO `reserver` (`id_visiteur`, `id_presentation`, `id_place`) VALUES (\'c3\', \'10\', \'11\')')
 3 SYSTEMPATH\Database\BaseConnection.php(607): CodeIgniter\Database\BaseConnection->simpleQuery('INSERT INTO `reserver` (`id_visiteur`, `id_presentation`, `id_place`) VALUES (\'c3\', \'10\', \'11\')')
 4 SYSTEMPATH\Database\BaseBuilder.php(2302): CodeIgniter\Database\BaseConnection->query('INSERT INTO `reserver` (`id_visiteur`, `id_presentation`, `id_place`) VALUES (:id_visiteur:, :id_presentation:, :id_place:)', [...], false)
 5 APPPATH\Models\ModelePresentation.php(109): CodeIgniter\Database\BaseBuilder->insert([...])
 6 APPPATH\Controllers\CtrlConferences.php(68): App\Models\ModelePresentation->inscriptionPresentationPourUnePersonne('10', [], 'c3', '11')
 7 SYSTEMPATH\CodeIgniter.php(941): App\Controllers\CtrlConferences->inscription('10', '11')
 8 SYSTEMPATH\CodeIgniter.php(502): CodeIgniter\CodeIgniter->runController(Object(App\Controllers\CtrlConferences))
 9 SYSTEMPATH\CodeIgniter.php(361): CodeIgniter\CodeIgniter->handleRequest(null, Object(Config\Cache), false)
10 FCPATH\index.php(79): CodeIgniter\CodeIgniter->run()
CRITICAL - 2024-02-27 16:43:50 --> ErrorException: Undefined array key "nbPlaceDispo"
in APPPATH\Views\vue_presentations.php on line 16.
 1 APPPATH\Views\vue_presentations.php(16): CodeIgniter\Debug\Exceptions->errorHandler(2, 'Undefined array key "nbPlaceDispo"', 'C:\\wamp64\\www\\Sites\\GSB3\\app\\Views\\vue_presentations.php', 16)
 2 SYSTEMPATH\View\View.php(228): include('C:\\wamp64\\www\\Sites\\GSB3\\app\\Views\\vue_presentations.php')
 3 SYSTEMPATH\View\View.php(231): CodeIgniter\View\View->CodeIgniter\View\{closure}()
 4 SYSTEMPATH\Common.php(1178): CodeIgniter\View\View->render('vue_presentations', [], true)
 5 APPPATH\Controllers\CtrlConferences.php(19): view('vue_presentations', [...])
 6 SYSTEMPATH\CodeIgniter.php(941): App\Controllers\CtrlConferences->afficherPresentations()
 7 SYSTEMPATH\CodeIgniter.php(502): CodeIgniter\CodeIgniter->runController(Object(App\Controllers\CtrlConferences))
 8 SYSTEMPATH\CodeIgniter.php(361): CodeIgniter\CodeIgniter->handleRequest(null, Object(Config\Cache), false)
 9 FCPATH\index.php(79): CodeIgniter\CodeIgniter->run()
ERROR - 2024-02-27 17:29:30 --> mysqli_sql_exception: Duplicata du champ 'c3-1' pour la clef 'reserver.PRIMARY' in C:\wamp64\www\Sites\GSB3\system\Database\MySQLi\Connection.php:306
Stack trace:
#0 C:\wamp64\www\Sites\GSB3\system\Database\MySQLi\Connection.php(306): mysqli->query('INSERT INTO `re...', 0)
#1 C:\wamp64\www\Sites\GSB3\system\Database\BaseConnection.php(693): CodeIgniter\Database\MySQLi\Connection->execute('INSERT INTO `re...')
#2 C:\wamp64\www\Sites\GSB3\system\Database\BaseConnection.php(607): CodeIgniter\Database\BaseConnection->simpleQuery('INSERT INTO `re...')
#3 C:\wamp64\www\Sites\GSB3\system\Database\BaseBuilder.php(2302): CodeIgniter\Database\BaseConnection->query('INSERT INTO `re...', Array, false)
#4 C:\wamp64\www\Sites\GSB3\app\Models\ModelePresentation.php(109): CodeIgniter\Database\BaseBuilder->insert(Array)
#5 C:\wamp64\www\Sites\GSB3\app\Controllers\CtrlConferences.php(68): App\Models\ModelePresentation->inscriptionPresentationPourUnePersonne('1', 'c3', '30')
#6 C:\wamp64\www\Sites\GSB3\system\CodeIgniter.php(941): App\Controllers\CtrlConferences->inscription('1', '30')
#7 C:\wamp64\www\Sites\GSB3\system\CodeIgniter.php(502): CodeIgniter\CodeIgniter->runController(Object(App\Controllers\CtrlConferences))
#8 C:\wamp64\www\Sites\GSB3\system\CodeIgniter.php(361): CodeIgniter\CodeIgniter->handleRequest(NULL, Object(Config\Cache), false)
#9 C:\wamp64\www\Sites\GSB3\public\index.php(79): CodeIgniter\CodeIgniter->run()
#10 {main}
CRITICAL - 2024-02-27 17:29:30 --> CodeIgniter\Database\Exceptions\DatabaseException: Duplicata du champ 'c3-1' pour la clef 'reserver.PRIMARY'
in SYSTEMPATH\Database\BaseConnection.php on line 647.
 1 SYSTEMPATH\Database\BaseBuilder.php(2302): CodeIgniter\Database\BaseConnection->query('INSERT INTO `reserver` (`id_visiteur`, `id_presentation`, `id_place`) VALUES (:id_visiteur:, :id_presentation:, :id_place:)', [...], false)
 2 APPPATH\Models\ModelePresentation.php(109): CodeIgniter\Database\BaseBuilder->insert([...])
 3 APPPATH\Controllers\CtrlConferences.php(68): App\Models\ModelePresentation->inscriptionPresentationPourUnePersonne('1', 'c3', '30')
 4 SYSTEMPATH\CodeIgniter.php(941): App\Controllers\CtrlConferences->inscription('1', '30')
 5 SYSTEMPATH\CodeIgniter.php(502): CodeIgniter\CodeIgniter->runController(Object(App\Controllers\CtrlConferences))
 6 SYSTEMPATH\CodeIgniter.php(361): CodeIgniter\CodeIgniter->handleRequest(null, Object(Config\Cache), false)
 7 FCPATH\index.php(79): CodeIgniter\CodeIgniter->run()
CRITICAL - 2024-02-27 17:29:30 --> [Caused by] CodeIgniter\Database\Exceptions\DatabaseException: Duplicata du champ 'c3-1' pour la clef 'reserver.PRIMARY'
in SYSTEMPATH\Database\MySQLi\Connection.php on line 311.
 1 SYSTEMPATH\Database\BaseConnection.php(693): CodeIgniter\Database\MySQLi\Connection->execute('INSERT INTO `reserver` (`id_visiteur`, `id_presentation`, `id_place`) VALUES (\'c3\', \'1\', \'30\')')
 2 SYSTEMPATH\Database\BaseConnection.php(607): CodeIgniter\Database\BaseConnection->simpleQuery('INSERT INTO `reserver` (`id_visiteur`, `id_presentation`, `id_place`) VALUES (\'c3\', \'1\', \'30\')')
 3 SYSTEMPATH\Database\BaseBuilder.php(2302): CodeIgniter\Database\BaseConnection->query('INSERT INTO `reserver` (`id_visiteur`, `id_presentation`, `id_place`) VALUES (:id_visiteur:, :id_presentation:, :id_place:)', [...], false)
 4 APPPATH\Models\ModelePresentation.php(109): CodeIgniter\Database\BaseBuilder->insert([...])
 5 APPPATH\Controllers\CtrlConferences.php(68): App\Models\ModelePresentation->inscriptionPresentationPourUnePersonne('1', 'c3', '30')
 6 SYSTEMPATH\CodeIgniter.php(941): App\Controllers\CtrlConferences->inscription('1', '30')
 7 SYSTEMPATH\CodeIgniter.php(502): CodeIgniter\CodeIgniter->runController(Object(App\Controllers\CtrlConferences))
 8 SYSTEMPATH\CodeIgniter.php(361): CodeIgniter\CodeIgniter->handleRequest(null, Object(Config\Cache), false)
 9 FCPATH\index.php(79): CodeIgniter\CodeIgniter->run()
CRITICAL - 2024-02-27 17:29:30 --> [Caused by] mysqli_sql_exception: Duplicata du champ 'c3-1' pour la clef 'reserver.PRIMARY'
in SYSTEMPATH\Database\MySQLi\Connection.php on line 306.
 1 SYSTEMPATH\Database\MySQLi\Connection.php(306): mysqli->query('INSERT INTO `reserver` (`id_visiteur`, `id_presentation`, `id_place`) VALUES (\'c3\', \'1\', \'30\')', 0)
 2 SYSTEMPATH\Database\BaseConnection.php(693): CodeIgniter\Database\MySQLi\Connection->execute('INSERT INTO `reserver` (`id_visiteur`, `id_presentation`, `id_place`) VALUES (\'c3\', \'1\', \'30\')')
 3 SYSTEMPATH\Database\BaseConnection.php(607): CodeIgniter\Database\BaseConnection->simpleQuery('INSERT INTO `reserver` (`id_visiteur`, `id_presentation`, `id_place`) VALUES (\'c3\', \'1\', \'30\')')
 4 SYSTEMPATH\Database\BaseBuilder.php(2302): CodeIgniter\Database\BaseConnection->query('INSERT INTO `reserver` (`id_visiteur`, `id_presentation`, `id_place`) VALUES (:id_visiteur:, :id_presentation:, :id_place:)', [...], false)
 5 APPPATH\Models\ModelePresentation.php(109): CodeIgniter\Database\BaseBuilder->insert([...])
 6 APPPATH\Controllers\CtrlConferences.php(68): App\Models\ModelePresentation->inscriptionPresentationPourUnePersonne('1', 'c3', '30')
 7 SYSTEMPATH\CodeIgniter.php(941): App\Controllers\CtrlConferences->inscription('1', '30')
 8 SYSTEMPATH\CodeIgniter.php(502): CodeIgniter\CodeIgniter->runController(Object(App\Controllers\CtrlConferences))
 9 SYSTEMPATH\CodeIgniter.php(361): CodeIgniter\CodeIgniter->handleRequest(null, Object(Config\Cache), false)
10 FCPATH\index.php(79): CodeIgniter\CodeIgniter->run()
