CRITICAL - 2024-02-17 10:52:26 --> ParseError: syntax error, unexpected token "}"
in APPPATH\Controllers\CtrlConferences.php on line 52.
 1 SYSTEMPATH\Autoloader\Autoloader.php(288): CodeIgniter\Autoloader\Autoloader->includeFile('C:\\wamp64\\www\\Sites\\GSB3\\app\\Controllers\\CtrlConferences.php')
 2 SYSTEMPATH\Autoloader\Autoloader.php(266): CodeIgniter\Autoloader\Autoloader->loadInNamespace('App\\Controllers\\CtrlConferences')
 3 [internal function]: CodeIgniter\Autoloader\Autoloader->loadClass('App\\Controllers\\CtrlConferences')
 4 SYSTEMPATH\CodeIgniter.php(899): class_exists('\\App\\Controllers\\CtrlConferences', true)
 5 SYSTEMPATH\CodeIgniter.php(489): CodeIgniter\CodeIgniter->startController()
 6 SYSTEMPATH\CodeIgniter.php(361): CodeIgniter\CodeIgniter->handleRequest(null, Object(Config\Cache), false)
 7 FCPATH\index.php(79): CodeIgniter\CodeIgniter->run()
CRITICAL - 2024-02-17 11:06:24 --> ErrorException: Undefined variable $page
in APPPATH\Views\vue_historique.php on line 8.
 1 APPPATH\Views\vue_historique.php(8): CodeIgniter\Debug\Exceptions->errorHandler(2, 'Undefined variable $page', 'C:\\wamp64\\www\\Sites\\GSB3\\app\\Views\\vue_historique.php', 8)
 2 SYSTEMPATH\View\View.php(228): include('C:\\wamp64\\www\\Sites\\GSB3\\app\\Views\\vue_historique.php')
 3 SYSTEMPATH\View\View.php(231): CodeIgniter\View\View->CodeIgniter\View\{closure}()
 4 SYSTEMPATH\Common.php(1178): CodeIgniter\View\View->render('vue_historique', [], true)
 5 APPPATH\Controllers\CtrlConferences.php(69): view('vue_historique')
 6 SYSTEMPATH\CodeIgniter.php(941): App\Controllers\CtrlConferences->historiqueVisiteur()
 7 SYSTEMPATH\CodeIgniter.php(502): CodeIgniter\CodeIgniter->runController(Object(App\Controllers\CtrlConferences))
 8 SYSTEMPATH\CodeIgniter.php(361): CodeIgniter\CodeIgniter->handleRequest(null, Object(Config\Cache), false)
 9 FCPATH\index.php(79): CodeIgniter\CodeIgniter->run()
CRITICAL - 2024-02-17 11:08:22 --> ErrorException: Undefined variable $visiteursAValider
in APPPATH\Views\vue_historique.php on line 11.
 1 APPPATH\Views\vue_historique.php(11): CodeIgniter\Debug\Exceptions->errorHandler(2, 'Undefined variable $visiteursAValider', 'C:\\wamp64\\www\\Sites\\GSB3\\app\\Views\\vue_historique.php', 11)
 2 SYSTEMPATH\View\View.php(228): include('C:\\wamp64\\www\\Sites\\GSB3\\app\\Views\\vue_historique.php')
 3 SYSTEMPATH\View\View.php(231): CodeIgniter\View\View->CodeIgniter\View\{closure}()
 4 SYSTEMPATH\Common.php(1178): CodeIgniter\View\View->render('vue_historique', [], true)
 5 APPPATH\Controllers\CtrlConferences.php(69): view('vue_historique')
 6 SYSTEMPATH\CodeIgniter.php(941): App\Controllers\CtrlConferences->historiqueVisiteur()
 7 SYSTEMPATH\CodeIgniter.php(502): CodeIgniter\CodeIgniter->runController(Object(App\Controllers\CtrlConferences))
 8 SYSTEMPATH\CodeIgniter.php(361): CodeIgniter\CodeIgniter->handleRequest(null, Object(Config\Cache), false)
 9 FCPATH\index.php(79): CodeIgniter\CodeIgniter->run()
CRITICAL - 2024-02-17 11:31:00 --> Error: Call to undefined function App\Controllers\get()
in APPPATH\Controllers\CtrlConferences.php on line 67.
 1 SYSTEMPATH\CodeIgniter.php(941): App\Controllers\CtrlConferences->historiqueVisiteur()
 2 SYSTEMPATH\CodeIgniter.php(502): CodeIgniter\CodeIgniter->runController(Object(App\Controllers\CtrlConferences))
 3 SYSTEMPATH\CodeIgniter.php(361): CodeIgniter\CodeIgniter->handleRequest(null, Object(Config\Cache), false)
 4 FCPATH\index.php(79): CodeIgniter\CodeIgniter->run()
CRITICAL - 2024-02-17 11:31:01 --> Error: Call to undefined function App\Controllers\get()
in APPPATH\Controllers\CtrlConferences.php on line 67.
 1 SYSTEMPATH\CodeIgniter.php(941): App\Controllers\CtrlConferences->historiqueVisiteur()
 2 SYSTEMPATH\CodeIgniter.php(502): CodeIgniter\CodeIgniter->runController(Object(App\Controllers\CtrlConferences))
 3 SYSTEMPATH\CodeIgniter.php(361): CodeIgniter\CodeIgniter->handleRequest(null, Object(Config\Cache), false)
 4 FCPATH\index.php(79): CodeIgniter\CodeIgniter->run()
CRITICAL - 2024-02-17 11:31:02 --> Error: Call to undefined function App\Controllers\get()
in APPPATH\Controllers\CtrlConferences.php on line 67.
 1 SYSTEMPATH\CodeIgniter.php(941): App\Controllers\CtrlConferences->historiqueVisiteur()
 2 SYSTEMPATH\CodeIgniter.php(502): CodeIgniter\CodeIgniter->runController(Object(App\Controllers\CtrlConferences))
 3 SYSTEMPATH\CodeIgniter.php(361): CodeIgniter\CodeIgniter->handleRequest(null, Object(Config\Cache), false)
 4 FCPATH\index.php(79): CodeIgniter\CodeIgniter->run()
CRITICAL - 2024-02-17 11:31:02 --> Error: Call to undefined function App\Controllers\get()
in APPPATH\Controllers\CtrlConferences.php on line 67.
 1 SYSTEMPATH\CodeIgniter.php(941): App\Controllers\CtrlConferences->historiqueVisiteur()
 2 SYSTEMPATH\CodeIgniter.php(502): CodeIgniter\CodeIgniter->runController(Object(App\Controllers\CtrlConferences))
 3 SYSTEMPATH\CodeIgniter.php(361): CodeIgniter\CodeIgniter->handleRequest(null, Object(Config\Cache), false)
 4 FCPATH\index.php(79): CodeIgniter\CodeIgniter->run()
CRITICAL - 2024-02-17 11:31:09 --> ErrorException: Undefined variable $visiteursAValider
in APPPATH\Views\vue_historique.php on line 11.
 1 APPPATH\Views\vue_historique.php(11): CodeIgniter\Debug\Exceptions->errorHandler(2, 'Undefined variable $visiteursAValider', 'C:\\wamp64\\www\\Sites\\GSB3\\app\\Views\\vue_historique.php', 11)
 2 SYSTEMPATH\View\View.php(228): include('C:\\wamp64\\www\\Sites\\GSB3\\app\\Views\\vue_historique.php')
 3 SYSTEMPATH\View\View.php(231): CodeIgniter\View\View->CodeIgniter\View\{closure}()
 4 SYSTEMPATH\Common.php(1178): CodeIgniter\View\View->render('vue_historique', [], true)
 5 APPPATH\Controllers\CtrlConferences.php(71): view('vue_historique')
 6 SYSTEMPATH\CodeIgniter.php(941): App\Controllers\CtrlConferences->historiqueVisiteur()
 7 SYSTEMPATH\CodeIgniter.php(502): CodeIgniter\CodeIgniter->runController(Object(App\Controllers\CtrlConferences))
 8 SYSTEMPATH\CodeIgniter.php(361): CodeIgniter\CodeIgniter->handleRequest(null, Object(Config\Cache), false)
 9 FCPATH\index.php(79): CodeIgniter\CodeIgniter->run()
CRITICAL - 2024-02-17 11:31:10 --> ErrorException: Undefined variable $visiteursAValider
in APPPATH\Views\vue_historique.php on line 11.
 1 APPPATH\Views\vue_historique.php(11): CodeIgniter\Debug\Exceptions->errorHandler(2, 'Undefined variable $visiteursAValider', 'C:\\wamp64\\www\\Sites\\GSB3\\app\\Views\\vue_historique.php', 11)
 2 SYSTEMPATH\View\View.php(228): include('C:\\wamp64\\www\\Sites\\GSB3\\app\\Views\\vue_historique.php')
 3 SYSTEMPATH\View\View.php(231): CodeIgniter\View\View->CodeIgniter\View\{closure}()
 4 SYSTEMPATH\Common.php(1178): CodeIgniter\View\View->render('vue_historique', [], true)
 5 APPPATH\Controllers\CtrlConferences.php(71): view('vue_historique')
 6 SYSTEMPATH\CodeIgniter.php(941): App\Controllers\CtrlConferences->historiqueVisiteur()
 7 SYSTEMPATH\CodeIgniter.php(502): CodeIgniter\CodeIgniter->runController(Object(App\Controllers\CtrlConferences))
 8 SYSTEMPATH\CodeIgniter.php(361): CodeIgniter\CodeIgniter->handleRequest(null, Object(Config\Cache), false)
 9 FCPATH\index.php(79): CodeIgniter\CodeIgniter->run()
CRITICAL - 2024-02-17 11:31:10 --> ErrorException: Undefined variable $visiteursAValider
in APPPATH\Views\vue_historique.php on line 11.
 1 APPPATH\Views\vue_historique.php(11): CodeIgniter\Debug\Exceptions->errorHandler(2, 'Undefined variable $visiteursAValider', 'C:\\wamp64\\www\\Sites\\GSB3\\app\\Views\\vue_historique.php', 11)
 2 SYSTEMPATH\View\View.php(228): include('C:\\wamp64\\www\\Sites\\GSB3\\app\\Views\\vue_historique.php')
 3 SYSTEMPATH\View\View.php(231): CodeIgniter\View\View->CodeIgniter\View\{closure}()
 4 SYSTEMPATH\Common.php(1178): CodeIgniter\View\View->render('vue_historique', [], true)
 5 APPPATH\Controllers\CtrlConferences.php(71): view('vue_historique')
 6 SYSTEMPATH\CodeIgniter.php(941): App\Controllers\CtrlConferences->historiqueVisiteur()
 7 SYSTEMPATH\CodeIgniter.php(502): CodeIgniter\CodeIgniter->runController(Object(App\Controllers\CtrlConferences))
 8 SYSTEMPATH\CodeIgniter.php(361): CodeIgniter\CodeIgniter->handleRequest(null, Object(Config\Cache), false)
 9 FCPATH\index.php(79): CodeIgniter\CodeIgniter->run()
CRITICAL - 2024-02-17 11:31:10 --> ErrorException: Undefined variable $visiteursAValider
in APPPATH\Views\vue_historique.php on line 11.
 1 APPPATH\Views\vue_historique.php(11): CodeIgniter\Debug\Exceptions->errorHandler(2, 'Undefined variable $visiteursAValider', 'C:\\wamp64\\www\\Sites\\GSB3\\app\\Views\\vue_historique.php', 11)
 2 SYSTEMPATH\View\View.php(228): include('C:\\wamp64\\www\\Sites\\GSB3\\app\\Views\\vue_historique.php')
 3 SYSTEMPATH\View\View.php(231): CodeIgniter\View\View->CodeIgniter\View\{closure}()
 4 SYSTEMPATH\Common.php(1178): CodeIgniter\View\View->render('vue_historique', [], true)
 5 APPPATH\Controllers\CtrlConferences.php(71): view('vue_historique')
 6 SYSTEMPATH\CodeIgniter.php(941): App\Controllers\CtrlConferences->historiqueVisiteur()
 7 SYSTEMPATH\CodeIgniter.php(502): CodeIgniter\CodeIgniter->runController(Object(App\Controllers\CtrlConferences))
 8 SYSTEMPATH\CodeIgniter.php(361): CodeIgniter\CodeIgniter->handleRequest(null, Object(Config\Cache), false)
 9 FCPATH\index.php(79): CodeIgniter\CodeIgniter->run()
CRITICAL - 2024-02-17 11:31:11 --> ErrorException: Undefined variable $visiteursAValider
in APPPATH\Views\vue_historique.php on line 11.
 1 APPPATH\Views\vue_historique.php(11): CodeIgniter\Debug\Exceptions->errorHandler(2, 'Undefined variable $visiteursAValider', 'C:\\wamp64\\www\\Sites\\GSB3\\app\\Views\\vue_historique.php', 11)
 2 SYSTEMPATH\View\View.php(228): include('C:\\wamp64\\www\\Sites\\GSB3\\app\\Views\\vue_historique.php')
 3 SYSTEMPATH\View\View.php(231): CodeIgniter\View\View->CodeIgniter\View\{closure}()
 4 SYSTEMPATH\Common.php(1178): CodeIgniter\View\View->render('vue_historique', [], true)
 5 APPPATH\Controllers\CtrlConferences.php(71): view('vue_historique')
 6 SYSTEMPATH\CodeIgniter.php(941): App\Controllers\CtrlConferences->historiqueVisiteur()
 7 SYSTEMPATH\CodeIgniter.php(502): CodeIgniter\CodeIgniter->runController(Object(App\Controllers\CtrlConferences))
 8 SYSTEMPATH\CodeIgniter.php(361): CodeIgniter\CodeIgniter->handleRequest(null, Object(Config\Cache), false)
 9 FCPATH\index.php(79): CodeIgniter\CodeIgniter->run()
CRITICAL - 2024-02-17 11:31:11 --> ErrorException: Undefined variable $visiteursAValider
in APPPATH\Views\vue_historique.php on line 11.
 1 APPPATH\Views\vue_historique.php(11): CodeIgniter\Debug\Exceptions->errorHandler(2, 'Undefined variable $visiteursAValider', 'C:\\wamp64\\www\\Sites\\GSB3\\app\\Views\\vue_historique.php', 11)
 2 SYSTEMPATH\View\View.php(228): include('C:\\wamp64\\www\\Sites\\GSB3\\app\\Views\\vue_historique.php')
 3 SYSTEMPATH\View\View.php(231): CodeIgniter\View\View->CodeIgniter\View\{closure}()
 4 SYSTEMPATH\Common.php(1178): CodeIgniter\View\View->render('vue_historique', [], true)
 5 APPPATH\Controllers\CtrlConferences.php(71): view('vue_historique')
 6 SYSTEMPATH\CodeIgniter.php(941): App\Controllers\CtrlConferences->historiqueVisiteur()
 7 SYSTEMPATH\CodeIgniter.php(502): CodeIgniter\CodeIgniter->runController(Object(App\Controllers\CtrlConferences))
 8 SYSTEMPATH\CodeIgniter.php(361): CodeIgniter\CodeIgniter->handleRequest(null, Object(Config\Cache), false)
 9 FCPATH\index.php(79): CodeIgniter\CodeIgniter->run()
CRITICAL - 2024-02-17 11:31:54 --> ParseError: Unmatched '}'
in APPPATH\Views\vue_historique.php on line 24.
 1 SYSTEMPATH\View\View.php(231): CodeIgniter\View\View->CodeIgniter\View\{closure}()
 2 SYSTEMPATH\Common.php(1178): CodeIgniter\View\View->render('vue_historique', [], true)
 3 APPPATH\Controllers\CtrlConferences.php(71): view('vue_historique')
 4 SYSTEMPATH\CodeIgniter.php(941): App\Controllers\CtrlConferences->historiqueVisiteur()
 5 SYSTEMPATH\CodeIgniter.php(502): CodeIgniter\CodeIgniter->runController(Object(App\Controllers\CtrlConferences))
 6 SYSTEMPATH\CodeIgniter.php(361): CodeIgniter\CodeIgniter->handleRequest(null, Object(Config\Cache), false)
 7 FCPATH\index.php(79): CodeIgniter\CodeIgniter->run()
CRITICAL - 2024-02-17 11:32:20 --> ErrorException: Undefined variable $unVisiteur
in APPPATH\Views\vue_historique.php on line 14.
 1 APPPATH\Views\vue_historique.php(14): CodeIgniter\Debug\Exceptions->errorHandler(2, 'Undefined variable $unVisiteur', 'C:\\wamp64\\www\\Sites\\GSB3\\app\\Views\\vue_historique.php', 14)
 2 SYSTEMPATH\View\View.php(228): include('C:\\wamp64\\www\\Sites\\GSB3\\app\\Views\\vue_historique.php')
 3 SYSTEMPATH\View\View.php(231): CodeIgniter\View\View->CodeIgniter\View\{closure}()
 4 SYSTEMPATH\Common.php(1178): CodeIgniter\View\View->render('vue_historique', [], true)
 5 APPPATH\Controllers\CtrlConferences.php(71): view('vue_historique')
 6 SYSTEMPATH\CodeIgniter.php(941): App\Controllers\CtrlConferences->historiqueVisiteur()
 7 SYSTEMPATH\CodeIgniter.php(502): CodeIgniter\CodeIgniter->runController(Object(App\Controllers\CtrlConferences))
 8 SYSTEMPATH\CodeIgniter.php(361): CodeIgniter\CodeIgniter->handleRequest(null, Object(Config\Cache), false)
 9 FCPATH\index.php(79): CodeIgniter\CodeIgniter->run()
CRITICAL - 2024-02-17 11:36:14 --> ErrorException: Undefined array key "date"
in APPPATH\Views\vue_historique.php on line 14.
 1 APPPATH\Views\vue_historique.php(14): CodeIgniter\Debug\Exceptions->errorHandler(2, 'Undefined array key "date"', 'C:\\wamp64\\www\\Sites\\GSB3\\app\\Views\\vue_historique.php', 14)
 2 SYSTEMPATH\View\View.php(228): include('C:\\wamp64\\www\\Sites\\GSB3\\app\\Views\\vue_historique.php')
 3 SYSTEMPATH\View\View.php(231): CodeIgniter\View\View->CodeIgniter\View\{closure}()
 4 SYSTEMPATH\Common.php(1178): CodeIgniter\View\View->render('vue_historique', [], true)
 5 APPPATH\Controllers\CtrlConferences.php(70): view('vue_historique')
 6 SYSTEMPATH\CodeIgniter.php(941): App\Controllers\CtrlConferences->historiqueVisiteur()
 7 SYSTEMPATH\CodeIgniter.php(502): CodeIgniter\CodeIgniter->runController(Object(App\Controllers\CtrlConferences))
 8 SYSTEMPATH\CodeIgniter.php(361): CodeIgniter\CodeIgniter->handleRequest(null, Object(Config\Cache), false)
 9 FCPATH\index.php(79): CodeIgniter\CodeIgniter->run()
CRITICAL - 2024-02-17 14:21:03 --> Error: Call to undefined function App\Models\now()
in APPPATH\Models\ModelePresentation.php on line 221.
 1 APPPATH\Models\ModelePresentation.php(276): App\Models\ModelePresentation->getLesPresentationsTerminer()
 2 APPPATH\Controllers\Home.php(12): App\Models\ModelePresentation->autoHistorique()
 3 SYSTEMPATH\CodeIgniter.php(941): App\Controllers\Home->index()
 4 SYSTEMPATH\CodeIgniter.php(502): CodeIgniter\CodeIgniter->runController(Object(App\Controllers\Home))
 5 SYSTEMPATH\CodeIgniter.php(361): CodeIgniter\CodeIgniter->handleRequest(null, Object(Config\Cache), false)
 6 FCPATH\index.php(79): CodeIgniter\CodeIgniter->run()
ERROR - 2024-02-17 14:22:27 --> mysqli_sql_exception: Champ 'id' inconnu dans field list in C:\wamp64\www\Sites\GSB3\system\Database\MySQLi\Connection.php:306
Stack trace:
#0 C:\wamp64\www\Sites\GSB3\system\Database\MySQLi\Connection.php(306): mysqli->query('SELECT `id`\nFRO...', 0)
#1 C:\wamp64\www\Sites\GSB3\system\Database\BaseConnection.php(693): CodeIgniter\Database\MySQLi\Connection->execute('SELECT `id`\nFRO...')
#2 C:\wamp64\www\Sites\GSB3\system\Database\BaseConnection.php(607): CodeIgniter\Database\BaseConnection->simpleQuery('SELECT `id`\nFRO...')
#3 C:\wamp64\www\Sites\GSB3\system\Database\BaseBuilder.php(1613): CodeIgniter\Database\BaseConnection->query('SELECT `id`\nFRO...', Array, false)
#4 C:\wamp64\www\Sites\GSB3\app\Models\ModelePresentation.php(237): CodeIgniter\Database\BaseBuilder->get()
#5 C:\wamp64\www\Sites\GSB3\app\Models\ModelePresentation.php(280): App\Models\ModelePresentation->getLesReserverTerminer(Array)
#6 C:\wamp64\www\Sites\GSB3\app\Controllers\Home.php(12): App\Models\ModelePresentation->autoHistorique()
#7 C:\wamp64\www\Sites\GSB3\system\CodeIgniter.php(941): App\Controllers\Home->index()
#8 C:\wamp64\www\Sites\GSB3\system\CodeIgniter.php(502): CodeIgniter\CodeIgniter->runController(Object(App\Controllers\Home))
#9 C:\wamp64\www\Sites\GSB3\system\CodeIgniter.php(361): CodeIgniter\CodeIgniter->handleRequest(NULL, Object(Config\Cache), false)
#10 C:\wamp64\www\Sites\GSB3\public\index.php(79): CodeIgniter\CodeIgniter->run()
#11 {main}
CRITICAL - 2024-02-17 14:22:27 --> CodeIgniter\Database\Exceptions\DatabaseException: Champ 'id' inconnu dans field list
in SYSTEMPATH\Database\BaseConnection.php on line 647.
 1 SYSTEMPATH\Database\BaseBuilder.php(1613): CodeIgniter\Database\BaseConnection->query('SELECT `id`
FROM `reserver`
WHERE `id_presentation` = :id_presentation:', [...], false)
 2 APPPATH\Models\ModelePresentation.php(237): CodeIgniter\Database\BaseBuilder->get()
 3 APPPATH\Models\ModelePresentation.php(280): App\Models\ModelePresentation->getLesReserverTerminer([...])
 4 APPPATH\Controllers\Home.php(12): App\Models\ModelePresentation->autoHistorique()
 5 SYSTEMPATH\CodeIgniter.php(941): App\Controllers\Home->index()
 6 SYSTEMPATH\CodeIgniter.php(502): CodeIgniter\CodeIgniter->runController(Object(App\Controllers\Home))
 7 SYSTEMPATH\CodeIgniter.php(361): CodeIgniter\CodeIgniter->handleRequest(null, Object(Config\Cache), false)
 8 FCPATH\index.php(79): CodeIgniter\CodeIgniter->run()
CRITICAL - 2024-02-17 14:22:27 --> [Caused by] CodeIgniter\Database\Exceptions\DatabaseException: Champ 'id' inconnu dans field list
in SYSTEMPATH\Database\MySQLi\Connection.php on line 311.
 1 SYSTEMPATH\Database\BaseConnection.php(693): CodeIgniter\Database\MySQLi\Connection->execute('SELECT `id`
FROM `reserver`
WHERE `id_presentation` = (\'7\')')
 2 SYSTEMPATH\Database\BaseConnection.php(607): CodeIgniter\Database\BaseConnection->simpleQuery('SELECT `id`
FROM `reserver`
WHERE `id_presentation` = (\'7\')')
 3 SYSTEMPATH\Database\BaseBuilder.php(1613): CodeIgniter\Database\BaseConnection->query('SELECT `id`
FROM `reserver`
WHERE `id_presentation` = :id_presentation:', [...], false)
 4 APPPATH\Models\ModelePresentation.php(237): CodeIgniter\Database\BaseBuilder->get()
 5 APPPATH\Models\ModelePresentation.php(280): App\Models\ModelePresentation->getLesReserverTerminer([...])
 6 APPPATH\Controllers\Home.php(12): App\Models\ModelePresentation->autoHistorique()
 7 SYSTEMPATH\CodeIgniter.php(941): App\Controllers\Home->index()
 8 SYSTEMPATH\CodeIgniter.php(502): CodeIgniter\CodeIgniter->runController(Object(App\Controllers\Home))
 9 SYSTEMPATH\CodeIgniter.php(361): CodeIgniter\CodeIgniter->handleRequest(null, Object(Config\Cache), false)
10 FCPATH\index.php(79): CodeIgniter\CodeIgniter->run()
CRITICAL - 2024-02-17 14:22:27 --> [Caused by] mysqli_sql_exception: Champ 'id' inconnu dans field list
in SYSTEMPATH\Database\MySQLi\Connection.php on line 306.
 1 SYSTEMPATH\Database\MySQLi\Connection.php(306): mysqli->query('SELECT `id`
FROM `reserver`
WHERE `id_presentation` = (\'7\')', 0)
 2 SYSTEMPATH\Database\BaseConnection.php(693): CodeIgniter\Database\MySQLi\Connection->execute('SELECT `id`
FROM `reserver`
WHERE `id_presentation` = (\'7\')')
 3 SYSTEMPATH\Database\BaseConnection.php(607): CodeIgniter\Database\BaseConnection->simpleQuery('SELECT `id`
FROM `reserver`
WHERE `id_presentation` = (\'7\')')
 4 SYSTEMPATH\Database\BaseBuilder.php(1613): CodeIgniter\Database\BaseConnection->query('SELECT `id`
FROM `reserver`
WHERE `id_presentation` = :id_presentation:', [...], false)
 5 APPPATH\Models\ModelePresentation.php(237): CodeIgniter\Database\BaseBuilder->get()
 6 APPPATH\Models\ModelePresentation.php(280): App\Models\ModelePresentation->getLesReserverTerminer([...])
 7 APPPATH\Controllers\Home.php(12): App\Models\ModelePresentation->autoHistorique()
 8 SYSTEMPATH\CodeIgniter.php(941): App\Controllers\Home->index()
 9 SYSTEMPATH\CodeIgniter.php(502): CodeIgniter\CodeIgniter->runController(Object(App\Controllers\Home))
10 SYSTEMPATH\CodeIgniter.php(361): CodeIgniter\CodeIgniter->handleRequest(null, Object(Config\Cache), false)
11 FCPATH\index.php(79): CodeIgniter\CodeIgniter->run()
CRITICAL - 2024-02-17 14:26:17 --> ErrorException: Undefined array key "id_visiteur"
in APPPATH\Models\ModelePresentation.php on line 248.
 1 APPPATH\Models\ModelePresentation.php(248): CodeIgniter\Debug\Exceptions->errorHandler(2, 'Undefined array key "id_visiteur"', 'C:\\wamp64\\www\\Sites\\GSB3\\app\\Models\\ModelePresentation.php', 248)
 2 APPPATH\Models\ModelePresentation.php(285): App\Models\ModelePresentation->setHistorique([...])
 3 APPPATH\Controllers\Home.php(12): App\Models\ModelePresentation->autoHistorique()
 4 SYSTEMPATH\CodeIgniter.php(941): App\Controllers\Home->index()
 5 SYSTEMPATH\CodeIgniter.php(502): CodeIgniter\CodeIgniter->runController(Object(App\Controllers\Home))
 6 SYSTEMPATH\CodeIgniter.php(361): CodeIgniter\CodeIgniter->handleRequest(null, Object(Config\Cache), false)
 7 FCPATH\index.php(79): CodeIgniter\CodeIgniter->run()
CRITICAL - 2024-02-17 14:26:18 --> ErrorException: Undefined array key "id_visiteur"
in APPPATH\Models\ModelePresentation.php on line 248.
 1 APPPATH\Models\ModelePresentation.php(248): CodeIgniter\Debug\Exceptions->errorHandler(2, 'Undefined array key "id_visiteur"', 'C:\\wamp64\\www\\Sites\\GSB3\\app\\Models\\ModelePresentation.php', 248)
 2 APPPATH\Models\ModelePresentation.php(285): App\Models\ModelePresentation->setHistorique([...])
 3 APPPATH\Controllers\Home.php(12): App\Models\ModelePresentation->autoHistorique()
 4 SYSTEMPATH\CodeIgniter.php(941): App\Controllers\Home->index()
 5 SYSTEMPATH\CodeIgniter.php(502): CodeIgniter\CodeIgniter->runController(Object(App\Controllers\Home))
 6 SYSTEMPATH\CodeIgniter.php(361): CodeIgniter\CodeIgniter->handleRequest(null, Object(Config\Cache), false)
 7 FCPATH\index.php(79): CodeIgniter\CodeIgniter->run()
CRITICAL - 2024-02-17 14:29:59 --> ErrorException: Undefined array key "id_visiteur"
in APPPATH\Models\ModelePresentation.php on line 249.
 1 APPPATH\Models\ModelePresentation.php(249): CodeIgniter\Debug\Exceptions->errorHandler(2, 'Undefined array key "id_visiteur"', 'C:\\wamp64\\www\\Sites\\GSB3\\app\\Models\\ModelePresentation.php', 249)
 2 APPPATH\Models\ModelePresentation.php(286): App\Models\ModelePresentation->setHistorique([...])
 3 APPPATH\Controllers\Home.php(12): App\Models\ModelePresentation->autoHistorique()
 4 SYSTEMPATH\CodeIgniter.php(941): App\Controllers\Home->index()
 5 SYSTEMPATH\CodeIgniter.php(502): CodeIgniter\CodeIgniter->runController(Object(App\Controllers\Home))
 6 SYSTEMPATH\CodeIgniter.php(361): CodeIgniter\CodeIgniter->handleRequest(null, Object(Config\Cache), false)
 7 FCPATH\index.php(79): CodeIgniter\CodeIgniter->run()
CRITICAL - 2024-02-17 14:30:46 --> Error: Call to a member function get() on array
in APPPATH\Models\ModelePresentation.php on line 249.
 1 APPPATH\Models\ModelePresentation.php(286): App\Models\ModelePresentation->setHistorique([...])
 2 APPPATH\Controllers\Home.php(12): App\Models\ModelePresentation->autoHistorique()
 3 SYSTEMPATH\CodeIgniter.php(941): App\Controllers\Home->index()
 4 SYSTEMPATH\CodeIgniter.php(502): CodeIgniter\CodeIgniter->runController(Object(App\Controllers\Home))
 5 SYSTEMPATH\CodeIgniter.php(361): CodeIgniter\CodeIgniter->handleRequest(null, Object(Config\Cache), false)
 6 FCPATH\index.php(79): CodeIgniter\CodeIgniter->run()
CRITICAL - 2024-02-17 14:30:47 --> Error: Call to a member function get() on array
in APPPATH\Models\ModelePresentation.php on line 249.
 1 APPPATH\Models\ModelePresentation.php(286): App\Models\ModelePresentation->setHistorique([...])
 2 APPPATH\Controllers\Home.php(12): App\Models\ModelePresentation->autoHistorique()
 3 SYSTEMPATH\CodeIgniter.php(941): App\Controllers\Home->index()
 4 SYSTEMPATH\CodeIgniter.php(502): CodeIgniter\CodeIgniter->runController(Object(App\Controllers\Home))
 5 SYSTEMPATH\CodeIgniter.php(361): CodeIgniter\CodeIgniter->handleRequest(null, Object(Config\Cache), false)
 6 FCPATH\index.php(79): CodeIgniter\CodeIgniter->run()
CRITICAL - 2024-02-17 14:30:47 --> Error: Call to a member function get() on array
in APPPATH\Models\ModelePresentation.php on line 249.
 1 APPPATH\Models\ModelePresentation.php(286): App\Models\ModelePresentation->setHistorique([...])
 2 APPPATH\Controllers\Home.php(12): App\Models\ModelePresentation->autoHistorique()
 3 SYSTEMPATH\CodeIgniter.php(941): App\Controllers\Home->index()
 4 SYSTEMPATH\CodeIgniter.php(502): CodeIgniter\CodeIgniter->runController(Object(App\Controllers\Home))
 5 SYSTEMPATH\CodeIgniter.php(361): CodeIgniter\CodeIgniter->handleRequest(null, Object(Config\Cache), false)
 6 FCPATH\index.php(79): CodeIgniter\CodeIgniter->run()
CRITICAL - 2024-02-17 14:30:48 --> Error: Call to a member function get() on array
in APPPATH\Models\ModelePresentation.php on line 249.
 1 APPPATH\Models\ModelePresentation.php(286): App\Models\ModelePresentation->setHistorique([...])
 2 APPPATH\Controllers\Home.php(12): App\Models\ModelePresentation->autoHistorique()
 3 SYSTEMPATH\CodeIgniter.php(941): App\Controllers\Home->index()
 4 SYSTEMPATH\CodeIgniter.php(502): CodeIgniter\CodeIgniter->runController(Object(App\Controllers\Home))
 5 SYSTEMPATH\CodeIgniter.php(361): CodeIgniter\CodeIgniter->handleRequest(null, Object(Config\Cache), false)
 6 FCPATH\index.php(79): CodeIgniter\CodeIgniter->run()
CRITICAL - 2024-02-17 14:30:48 --> Error: Call to a member function get() on array
in APPPATH\Models\ModelePresentation.php on line 249.
 1 APPPATH\Models\ModelePresentation.php(286): App\Models\ModelePresentation->setHistorique([...])
 2 APPPATH\Controllers\Home.php(12): App\Models\ModelePresentation->autoHistorique()
 3 SYSTEMPATH\CodeIgniter.php(941): App\Controllers\Home->index()
 4 SYSTEMPATH\CodeIgniter.php(502): CodeIgniter\CodeIgniter->runController(Object(App\Controllers\Home))
 5 SYSTEMPATH\CodeIgniter.php(361): CodeIgniter\CodeIgniter->handleRequest(null, Object(Config\Cache), false)
 6 FCPATH\index.php(79): CodeIgniter\CodeIgniter->run()
CRITICAL - 2024-02-17 14:30:48 --> Error: Call to a member function get() on array
in APPPATH\Models\ModelePresentation.php on line 249.
 1 APPPATH\Models\ModelePresentation.php(286): App\Models\ModelePresentation->setHistorique([...])
 2 APPPATH\Controllers\Home.php(12): App\Models\ModelePresentation->autoHistorique()
 3 SYSTEMPATH\CodeIgniter.php(941): App\Controllers\Home->index()
 4 SYSTEMPATH\CodeIgniter.php(502): CodeIgniter\CodeIgniter->runController(Object(App\Controllers\Home))
 5 SYSTEMPATH\CodeIgniter.php(361): CodeIgniter\CodeIgniter->handleRequest(null, Object(Config\Cache), false)
 6 FCPATH\index.php(79): CodeIgniter\CodeIgniter->run()
CRITICAL - 2024-02-17 14:30:48 --> Error: Call to a member function get() on array
in APPPATH\Models\ModelePresentation.php on line 249.
 1 APPPATH\Models\ModelePresentation.php(286): App\Models\ModelePresentation->setHistorique([...])
 2 APPPATH\Controllers\Home.php(12): App\Models\ModelePresentation->autoHistorique()
 3 SYSTEMPATH\CodeIgniter.php(941): App\Controllers\Home->index()
 4 SYSTEMPATH\CodeIgniter.php(502): CodeIgniter\CodeIgniter->runController(Object(App\Controllers\Home))
 5 SYSTEMPATH\CodeIgniter.php(361): CodeIgniter\CodeIgniter->handleRequest(null, Object(Config\Cache), false)
 6 FCPATH\index.php(79): CodeIgniter\CodeIgniter->run()
CRITICAL - 2024-02-17 14:30:59 --> Error: Call to a member function get() on array
in APPPATH\Models\ModelePresentation.php on line 249.
 1 APPPATH\Models\ModelePresentation.php(286): App\Models\ModelePresentation->setHistorique([...])
 2 APPPATH\Controllers\Home.php(12): App\Models\ModelePresentation->autoHistorique()
 3 SYSTEMPATH\CodeIgniter.php(941): App\Controllers\Home->index()
 4 SYSTEMPATH\CodeIgniter.php(502): CodeIgniter\CodeIgniter->runController(Object(App\Controllers\Home))
 5 SYSTEMPATH\CodeIgniter.php(361): CodeIgniter\CodeIgniter->handleRequest(null, Object(Config\Cache), false)
 6 FCPATH\index.php(79): CodeIgniter\CodeIgniter->run()
CRITICAL - 2024-02-17 14:31:00 --> Error: Call to a member function get() on array
in APPPATH\Models\ModelePresentation.php on line 249.
 1 APPPATH\Models\ModelePresentation.php(286): App\Models\ModelePresentation->setHistorique([...])
 2 APPPATH\Controllers\Home.php(12): App\Models\ModelePresentation->autoHistorique()
 3 SYSTEMPATH\CodeIgniter.php(941): App\Controllers\Home->index()
 4 SYSTEMPATH\CodeIgniter.php(502): CodeIgniter\CodeIgniter->runController(Object(App\Controllers\Home))
 5 SYSTEMPATH\CodeIgniter.php(361): CodeIgniter\CodeIgniter->handleRequest(null, Object(Config\Cache), false)
 6 FCPATH\index.php(79): CodeIgniter\CodeIgniter->run()
CRITICAL - 2024-02-17 14:31:00 --> Error: Call to a member function get() on array
in APPPATH\Models\ModelePresentation.php on line 249.
 1 APPPATH\Models\ModelePresentation.php(286): App\Models\ModelePresentation->setHistorique([...])
 2 APPPATH\Controllers\Home.php(12): App\Models\ModelePresentation->autoHistorique()
 3 SYSTEMPATH\CodeIgniter.php(941): App\Controllers\Home->index()
 4 SYSTEMPATH\CodeIgniter.php(502): CodeIgniter\CodeIgniter->runController(Object(App\Controllers\Home))
 5 SYSTEMPATH\CodeIgniter.php(361): CodeIgniter\CodeIgniter->handleRequest(null, Object(Config\Cache), false)
 6 FCPATH\index.php(79): CodeIgniter\CodeIgniter->run()
CRITICAL - 2024-02-17 14:31:00 --> Error: Call to a member function get() on array
in APPPATH\Models\ModelePresentation.php on line 249.
 1 APPPATH\Models\ModelePresentation.php(286): App\Models\ModelePresentation->setHistorique([...])
 2 APPPATH\Controllers\Home.php(12): App\Models\ModelePresentation->autoHistorique()
 3 SYSTEMPATH\CodeIgniter.php(941): App\Controllers\Home->index()
 4 SYSTEMPATH\CodeIgniter.php(502): CodeIgniter\CodeIgniter->runController(Object(App\Controllers\Home))
 5 SYSTEMPATH\CodeIgniter.php(361): CodeIgniter\CodeIgniter->handleRequest(null, Object(Config\Cache), false)
 6 FCPATH\index.php(79): CodeIgniter\CodeIgniter->run()
CRITICAL - 2024-02-17 14:31:00 --> Error: Call to a member function get() on array
in APPPATH\Models\ModelePresentation.php on line 249.
 1 APPPATH\Models\ModelePresentation.php(286): App\Models\ModelePresentation->setHistorique([...])
 2 APPPATH\Controllers\Home.php(12): App\Models\ModelePresentation->autoHistorique()
 3 SYSTEMPATH\CodeIgniter.php(941): App\Controllers\Home->index()
 4 SYSTEMPATH\CodeIgniter.php(502): CodeIgniter\CodeIgniter->runController(Object(App\Controllers\Home))
 5 SYSTEMPATH\CodeIgniter.php(361): CodeIgniter\CodeIgniter->handleRequest(null, Object(Config\Cache), false)
 6 FCPATH\index.php(79): CodeIgniter\CodeIgniter->run()
CRITICAL - 2024-02-17 14:31:00 --> Error: Call to a member function get() on array
in APPPATH\Models\ModelePresentation.php on line 249.
 1 APPPATH\Models\ModelePresentation.php(286): App\Models\ModelePresentation->setHistorique([...])
 2 APPPATH\Controllers\Home.php(12): App\Models\ModelePresentation->autoHistorique()
 3 SYSTEMPATH\CodeIgniter.php(941): App\Controllers\Home->index()
 4 SYSTEMPATH\CodeIgniter.php(502): CodeIgniter\CodeIgniter->runController(Object(App\Controllers\Home))
 5 SYSTEMPATH\CodeIgniter.php(361): CodeIgniter\CodeIgniter->handleRequest(null, Object(Config\Cache), false)
 6 FCPATH\index.php(79): CodeIgniter\CodeIgniter->run()
CRITICAL - 2024-02-17 14:31:00 --> Error: Call to a member function get() on array
in APPPATH\Models\ModelePresentation.php on line 249.
 1 APPPATH\Models\ModelePresentation.php(286): App\Models\ModelePresentation->setHistorique([...])
 2 APPPATH\Controllers\Home.php(12): App\Models\ModelePresentation->autoHistorique()
 3 SYSTEMPATH\CodeIgniter.php(941): App\Controllers\Home->index()
 4 SYSTEMPATH\CodeIgniter.php(502): CodeIgniter\CodeIgniter->runController(Object(App\Controllers\Home))
 5 SYSTEMPATH\CodeIgniter.php(361): CodeIgniter\CodeIgniter->handleRequest(null, Object(Config\Cache), false)
 6 FCPATH\index.php(79): CodeIgniter\CodeIgniter->run()
CRITICAL - 2024-02-17 14:31:26 --> ErrorException: Undefined array key "id_Visiteur"
in APPPATH\Models\ModelePresentation.php on line 249.
 1 APPPATH\Models\ModelePresentation.php(249): CodeIgniter\Debug\Exceptions->errorHandler(2, 'Undefined array key "id_Visiteur"', 'C:\\wamp64\\www\\Sites\\GSB3\\app\\Models\\ModelePresentation.php', 249)
 2 APPPATH\Models\ModelePresentation.php(286): App\Models\ModelePresentation->setHistorique([...])
 3 APPPATH\Controllers\Home.php(12): App\Models\ModelePresentation->autoHistorique()
 4 SYSTEMPATH\CodeIgniter.php(941): App\Controllers\Home->index()
 5 SYSTEMPATH\CodeIgniter.php(502): CodeIgniter\CodeIgniter->runController(Object(App\Controllers\Home))
 6 SYSTEMPATH\CodeIgniter.php(361): CodeIgniter\CodeIgniter->handleRequest(null, Object(Config\Cache), false)
 7 FCPATH\index.php(79): CodeIgniter\CodeIgniter->run()
CRITICAL - 2024-02-17 14:31:35 --> ErrorException: Undefined array key "id_visiteur"
in APPPATH\Models\ModelePresentation.php on line 249.
 1 APPPATH\Models\ModelePresentation.php(249): CodeIgniter\Debug\Exceptions->errorHandler(2, 'Undefined array key "id_visiteur"', 'C:\\wamp64\\www\\Sites\\GSB3\\app\\Models\\ModelePresentation.php', 249)
 2 APPPATH\Models\ModelePresentation.php(286): App\Models\ModelePresentation->setHistorique([...])
 3 APPPATH\Controllers\Home.php(12): App\Models\ModelePresentation->autoHistorique()
 4 SYSTEMPATH\CodeIgniter.php(941): App\Controllers\Home->index()
 5 SYSTEMPATH\CodeIgniter.php(502): CodeIgniter\CodeIgniter->runController(Object(App\Controllers\Home))
 6 SYSTEMPATH\CodeIgniter.php(361): CodeIgniter\CodeIgniter->handleRequest(null, Object(Config\Cache), false)
 7 FCPATH\index.php(79): CodeIgniter\CodeIgniter->run()
CRITICAL - 2024-02-17 14:31:36 --> ErrorException: Undefined array key "id_visiteur"
in APPPATH\Models\ModelePresentation.php on line 249.
 1 APPPATH\Models\ModelePresentation.php(249): CodeIgniter\Debug\Exceptions->errorHandler(2, 'Undefined array key "id_visiteur"', 'C:\\wamp64\\www\\Sites\\GSB3\\app\\Models\\ModelePresentation.php', 249)
 2 APPPATH\Models\ModelePresentation.php(286): App\Models\ModelePresentation->setHistorique([...])
 3 APPPATH\Controllers\Home.php(12): App\Models\ModelePresentation->autoHistorique()
 4 SYSTEMPATH\CodeIgniter.php(941): App\Controllers\Home->index()
 5 SYSTEMPATH\CodeIgniter.php(502): CodeIgniter\CodeIgniter->runController(Object(App\Controllers\Home))
 6 SYSTEMPATH\CodeIgniter.php(361): CodeIgniter\CodeIgniter->handleRequest(null, Object(Config\Cache), false)
 7 FCPATH\index.php(79): CodeIgniter\CodeIgniter->run()
CRITICAL - 2024-02-17 14:31:36 --> ErrorException: Undefined array key "id_visiteur"
in APPPATH\Models\ModelePresentation.php on line 249.
 1 APPPATH\Models\ModelePresentation.php(249): CodeIgniter\Debug\Exceptions->errorHandler(2, 'Undefined array key "id_visiteur"', 'C:\\wamp64\\www\\Sites\\GSB3\\app\\Models\\ModelePresentation.php', 249)
 2 APPPATH\Models\ModelePresentation.php(286): App\Models\ModelePresentation->setHistorique([...])
 3 APPPATH\Controllers\Home.php(12): App\Models\ModelePresentation->autoHistorique()
 4 SYSTEMPATH\CodeIgniter.php(941): App\Controllers\Home->index()
 5 SYSTEMPATH\CodeIgniter.php(502): CodeIgniter\CodeIgniter->runController(Object(App\Controllers\Home))
 6 SYSTEMPATH\CodeIgniter.php(361): CodeIgniter\CodeIgniter->handleRequest(null, Object(Config\Cache), false)
 7 FCPATH\index.php(79): CodeIgniter\CodeIgniter->run()
CRITICAL - 2024-02-17 14:31:36 --> ErrorException: Undefined array key "id_visiteur"
in APPPATH\Models\ModelePresentation.php on line 249.
 1 APPPATH\Models\ModelePresentation.php(249): CodeIgniter\Debug\Exceptions->errorHandler(2, 'Undefined array key "id_visiteur"', 'C:\\wamp64\\www\\Sites\\GSB3\\app\\Models\\ModelePresentation.php', 249)
 2 APPPATH\Models\ModelePresentation.php(286): App\Models\ModelePresentation->setHistorique([...])
 3 APPPATH\Controllers\Home.php(12): App\Models\ModelePresentation->autoHistorique()
 4 SYSTEMPATH\CodeIgniter.php(941): App\Controllers\Home->index()
 5 SYSTEMPATH\CodeIgniter.php(502): CodeIgniter\CodeIgniter->runController(Object(App\Controllers\Home))
 6 SYSTEMPATH\CodeIgniter.php(361): CodeIgniter\CodeIgniter->handleRequest(null, Object(Config\Cache), false)
 7 FCPATH\index.php(79): CodeIgniter\CodeIgniter->run()
CRITICAL - 2024-02-17 14:31:36 --> ErrorException: Undefined array key "id_visiteur"
in APPPATH\Models\ModelePresentation.php on line 249.
 1 APPPATH\Models\ModelePresentation.php(249): CodeIgniter\Debug\Exceptions->errorHandler(2, 'Undefined array key "id_visiteur"', 'C:\\wamp64\\www\\Sites\\GSB3\\app\\Models\\ModelePresentation.php', 249)
 2 APPPATH\Models\ModelePresentation.php(286): App\Models\ModelePresentation->setHistorique([...])
 3 APPPATH\Controllers\Home.php(12): App\Models\ModelePresentation->autoHistorique()
 4 SYSTEMPATH\CodeIgniter.php(941): App\Controllers\Home->index()
 5 SYSTEMPATH\CodeIgniter.php(502): CodeIgniter\CodeIgniter->runController(Object(App\Controllers\Home))
 6 SYSTEMPATH\CodeIgniter.php(361): CodeIgniter\CodeIgniter->handleRequest(null, Object(Config\Cache), false)
 7 FCPATH\index.php(79): CodeIgniter\CodeIgniter->run()
CRITICAL - 2024-02-17 14:32:14 --> ErrorException: Undefined array key "theme"
in APPPATH\Models\ModelePresentation.php on line 249.
 1 APPPATH\Models\ModelePresentation.php(249): CodeIgniter\Debug\Exceptions->errorHandler(2, 'Undefined array key "theme"', 'C:\\wamp64\\www\\Sites\\GSB3\\app\\Models\\ModelePresentation.php', 249)
 2 APPPATH\Models\ModelePresentation.php(285): App\Models\ModelePresentation->setHistorique([...])
 3 APPPATH\Controllers\Home.php(12): App\Models\ModelePresentation->autoHistorique()
 4 SYSTEMPATH\CodeIgniter.php(941): App\Controllers\Home->index()
 5 SYSTEMPATH\CodeIgniter.php(502): CodeIgniter\CodeIgniter->runController(Object(App\Controllers\Home))
 6 SYSTEMPATH\CodeIgniter.php(361): CodeIgniter\CodeIgniter->handleRequest(null, Object(Config\Cache), false)
 7 FCPATH\index.php(79): CodeIgniter\CodeIgniter->run()
CRITICAL - 2024-02-17 14:32:59 --> CodeIgniter\Database\Exceptions\DatabaseException: You must use the "set" method to insert an entry.
in SYSTEMPATH\Database\BaseBuilder.php on line 2344.
 1 SYSTEMPATH\Database\BaseBuilder.php(2284): CodeIgniter\Database\BaseBuilder->validateInsert()
 2 APPPATH\Models\ModelePresentation.php(257): CodeIgniter\Database\BaseBuilder->insert([])
 3 APPPATH\Models\ModelePresentation.php(286): App\Models\ModelePresentation->setHistorique([...])
 4 APPPATH\Controllers\Home.php(12): App\Models\ModelePresentation->autoHistorique()
 5 SYSTEMPATH\CodeIgniter.php(941): App\Controllers\Home->index()
 6 SYSTEMPATH\CodeIgniter.php(502): CodeIgniter\CodeIgniter->runController(Object(App\Controllers\Home))
 7 SYSTEMPATH\CodeIgniter.php(361): CodeIgniter\CodeIgniter->handleRequest(null, Object(Config\Cache), false)
 8 FCPATH\index.php(79): CodeIgniter\CodeIgniter->run()
CRITICAL - 2024-02-17 14:34:30 --> ErrorException: Undefined array key "theme"
in APPPATH\Models\ModelePresentation.php on line 250.
 1 APPPATH\Models\ModelePresentation.php(250): CodeIgniter\Debug\Exceptions->errorHandler(2, 'Undefined array key "theme"', 'C:\\wamp64\\www\\Sites\\GSB3\\app\\Models\\ModelePresentation.php', 250)
 2 APPPATH\Models\ModelePresentation.php(286): App\Models\ModelePresentation->setHistorique([...])
 3 APPPATH\Controllers\Home.php(12): App\Models\ModelePresentation->autoHistorique()
 4 SYSTEMPATH\CodeIgniter.php(941): App\Controllers\Home->index()
 5 SYSTEMPATH\CodeIgniter.php(502): CodeIgniter\CodeIgniter->runController(Object(App\Controllers\Home))
 6 SYSTEMPATH\CodeIgniter.php(361): CodeIgniter\CodeIgniter->handleRequest(null, Object(Config\Cache), false)
 7 FCPATH\index.php(79): CodeIgniter\CodeIgniter->run()
ERROR - 2024-02-17 14:34:56 --> mysqli_sql_exception: Champ 'date_presentation' inconnu dans field list in C:\wamp64\www\Sites\GSB3\system\Database\MySQLi\Connection.php:306
Stack trace:
#0 C:\wamp64\www\Sites\GSB3\system\Database\MySQLi\Connection.php(306): mysqli->query('INSERT INTO `hi...', 0)
#1 C:\wamp64\www\Sites\GSB3\system\Database\BaseConnection.php(693): CodeIgniter\Database\MySQLi\Connection->execute('INSERT INTO `hi...')
#2 C:\wamp64\www\Sites\GSB3\system\Database\BaseConnection.php(607): CodeIgniter\Database\BaseConnection->simpleQuery('INSERT INTO `hi...')
#3 C:\wamp64\www\Sites\GSB3\system\Database\BaseBuilder.php(2302): CodeIgniter\Database\BaseConnection->query('INSERT INTO `hi...', Array, false)
#4 C:\wamp64\www\Sites\GSB3\app\Models\ModelePresentation.php(257): CodeIgniter\Database\BaseBuilder->insert(Array)
#5 C:\wamp64\www\Sites\GSB3\app\Models\ModelePresentation.php(286): App\Models\ModelePresentation->setHistorique(Array)
#6 C:\wamp64\www\Sites\GSB3\app\Controllers\Home.php(12): App\Models\ModelePresentation->autoHistorique()
#7 C:\wamp64\www\Sites\GSB3\system\CodeIgniter.php(941): App\Controllers\Home->index()
#8 C:\wamp64\www\Sites\GSB3\system\CodeIgniter.php(502): CodeIgniter\CodeIgniter->runController(Object(App\Controllers\Home))
#9 C:\wamp64\www\Sites\GSB3\system\CodeIgniter.php(361): CodeIgniter\CodeIgniter->handleRequest(NULL, Object(Config\Cache), false)
#10 C:\wamp64\www\Sites\GSB3\public\index.php(79): CodeIgniter\CodeIgniter->run()
#11 {main}
CRITICAL - 2024-02-17 14:34:56 --> CodeIgniter\Database\Exceptions\DatabaseException: Champ 'date_presentation' inconnu dans field list
in SYSTEMPATH\Database\BaseConnection.php on line 647.
 1 SYSTEMPATH\Database\BaseBuilder.php(2302): CodeIgniter\Database\BaseConnection->query('INSERT INTO `historique` (`id_visiteur`, `theme_conference`, `date_presentation`, `horaire_presentation`, `dureePrevue_presentation`, `id_salle`) VALUES (:id_visiteur:, :theme_conference:, :date_presentation:, :horaire_presentation:, :dureePrevue_presentation:, :id_salle:)', [...], false)
 2 APPPATH\Models\ModelePresentation.php(257): CodeIgniter\Database\BaseBuilder->insert([...])
 3 APPPATH\Models\ModelePresentation.php(286): App\Models\ModelePresentation->setHistorique([...])
 4 APPPATH\Controllers\Home.php(12): App\Models\ModelePresentation->autoHistorique()
 5 SYSTEMPATH\CodeIgniter.php(941): App\Controllers\Home->index()
 6 SYSTEMPATH\CodeIgniter.php(502): CodeIgniter\CodeIgniter->runController(Object(App\Controllers\Home))
 7 SYSTEMPATH\CodeIgniter.php(361): CodeIgniter\CodeIgniter->handleRequest(null, Object(Config\Cache), false)
 8 FCPATH\index.php(79): CodeIgniter\CodeIgniter->run()
CRITICAL - 2024-02-17 14:34:56 --> [Caused by] CodeIgniter\Database\Exceptions\DatabaseException: Champ 'date_presentation' inconnu dans field list
in SYSTEMPATH\Database\MySQLi\Connection.php on line 311.
 1 SYSTEMPATH\Database\BaseConnection.php(693): CodeIgniter\Database\MySQLi\Connection->execute('INSERT INTO `historique` (`id_visiteur`, `theme_conference`, `date_presentation`, `horaire_presentation`, `dureePrevue_presentation`, `id_salle`) VALUES (\'a131\', \'Covid-19\', \'2024-01-16\', \'08:00:00\', \'01:00:00\', \'1\')')
 2 SYSTEMPATH\Database\BaseConnection.php(607): CodeIgniter\Database\BaseConnection->simpleQuery('INSERT INTO `historique` (`id_visiteur`, `theme_conference`, `date_presentation`, `horaire_presentation`, `dureePrevue_presentation`, `id_salle`) VALUES (\'a131\', \'Covid-19\', \'2024-01-16\', \'08:00:00\', \'01:00:00\', \'1\')')
 3 SYSTEMPATH\Database\BaseBuilder.php(2302): CodeIgniter\Database\BaseConnection->query('INSERT INTO `historique` (`id_visiteur`, `theme_conference`, `date_presentation`, `horaire_presentation`, `dureePrevue_presentation`, `id_salle`) VALUES (:id_visiteur:, :theme_conference:, :date_presentation:, :horaire_presentation:, :dureePrevue_presentation:, :id_salle:)', [...], false)
 4 APPPATH\Models\ModelePresentation.php(257): CodeIgniter\Database\BaseBuilder->insert([...])
 5 APPPATH\Models\ModelePresentation.php(286): App\Models\ModelePresentation->setHistorique([...])
 6 APPPATH\Controllers\Home.php(12): App\Models\ModelePresentation->autoHistorique()
 7 SYSTEMPATH\CodeIgniter.php(941): App\Controllers\Home->index()
 8 SYSTEMPATH\CodeIgniter.php(502): CodeIgniter\CodeIgniter->runController(Object(App\Controllers\Home))
 9 SYSTEMPATH\CodeIgniter.php(361): CodeIgniter\CodeIgniter->handleRequest(null, Object(Config\Cache), false)
10 FCPATH\index.php(79): CodeIgniter\CodeIgniter->run()
CRITICAL - 2024-02-17 14:34:56 --> [Caused by] mysqli_sql_exception: Champ 'date_presentation' inconnu dans field list
in SYSTEMPATH\Database\MySQLi\Connection.php on line 306.
 1 SYSTEMPATH\Database\MySQLi\Connection.php(306): mysqli->query('INSERT INTO `historique` (`id_visiteur`, `theme_conference`, `date_presentation`, `horaire_presentation`, `dureePrevue_presentation`, `id_salle`) VALUES (\'a131\', \'Covid-19\', \'2024-01-16\', \'08:00:00\', \'01:00:00\', \'1\')', 0)
 2 SYSTEMPATH\Database\BaseConnection.php(693): CodeIgniter\Database\MySQLi\Connection->execute('INSERT INTO `historique` (`id_visiteur`, `theme_conference`, `date_presentation`, `horaire_presentation`, `dureePrevue_presentation`, `id_salle`) VALUES (\'a131\', \'Covid-19\', \'2024-01-16\', \'08:00:00\', \'01:00:00\', \'1\')')
 3 SYSTEMPATH\Database\BaseConnection.php(607): CodeIgniter\Database\BaseConnection->simpleQuery('INSERT INTO `historique` (`id_visiteur`, `theme_conference`, `date_presentation`, `horaire_presentation`, `dureePrevue_presentation`, `id_salle`) VALUES (\'a131\', \'Covid-19\', \'2024-01-16\', \'08:00:00\', \'01:00:00\', \'1\')')
 4 SYSTEMPATH\Database\BaseBuilder.php(2302): CodeIgniter\Database\BaseConnection->query('INSERT INTO `historique` (`id_visiteur`, `theme_conference`, `date_presentation`, `horaire_presentation`, `dureePrevue_presentation`, `id_salle`) VALUES (:id_visiteur:, :theme_conference:, :date_presentation:, :horaire_presentation:, :dureePrevue_presentation:, :id_salle:)', [...], false)
 5 APPPATH\Models\ModelePresentation.php(257): CodeIgniter\Database\BaseBuilder->insert([...])
 6 APPPATH\Models\ModelePresentation.php(286): App\Models\ModelePresentation->setHistorique([...])
 7 APPPATH\Controllers\Home.php(12): App\Models\ModelePresentation->autoHistorique()
 8 SYSTEMPATH\CodeIgniter.php(941): App\Controllers\Home->index()
 9 SYSTEMPATH\CodeIgniter.php(502): CodeIgniter\CodeIgniter->runController(Object(App\Controllers\Home))
10 SYSTEMPATH\CodeIgniter.php(361): CodeIgniter\CodeIgniter->handleRequest(null, Object(Config\Cache), false)
11 FCPATH\index.php(79): CodeIgniter\CodeIgniter->run()
ERROR - 2024-02-17 15:37:50 --> mysqli_sql_exception: Cannot delete or update a parent row: a foreign key constraint fails (`gsb3`.`reserver`, CONSTRAINT `reserver_ibfk_1` FOREIGN KEY (`id_presentation`) REFERENCES `presentation` (`id`)) in C:\wamp64\www\Sites\GSB3\system\Database\MySQLi\Connection.php:306
Stack trace:
#0 C:\wamp64\www\Sites\GSB3\system\Database\MySQLi\Connection.php(306): mysqli->query('INSERT INTO `hi...', 0)
#1 C:\wamp64\www\Sites\GSB3\system\Database\BaseConnection.php(693): CodeIgniter\Database\MySQLi\Connection->execute('INSERT INTO `hi...')
#2 C:\wamp64\www\Sites\GSB3\system\Database\BaseConnection.php(607): CodeIgniter\Database\BaseConnection->simpleQuery('INSERT INTO `hi...')
#3 C:\wamp64\www\Sites\GSB3\system\Database\BaseBuilder.php(2302): CodeIgniter\Database\BaseConnection->query('INSERT INTO `hi...', Array, false)
#4 C:\wamp64\www\Sites\GSB3\app\Models\ModelePresentation.php(256): CodeIgniter\Database\BaseBuilder->insert(Array)
#5 C:\wamp64\www\Sites\GSB3\app\Models\ModelePresentation.php(285): App\Models\ModelePresentation->setHistorique(Array)
#6 C:\wamp64\www\Sites\GSB3\app\Controllers\Home.php(12): App\Models\ModelePresentation->autoHistorique()
#7 C:\wamp64\www\Sites\GSB3\system\CodeIgniter.php(941): App\Controllers\Home->index()
#8 C:\wamp64\www\Sites\GSB3\system\CodeIgniter.php(502): CodeIgniter\CodeIgniter->runController(Object(App\Controllers\Home))
#9 C:\wamp64\www\Sites\GSB3\system\CodeIgniter.php(361): CodeIgniter\CodeIgniter->handleRequest(NULL, Object(Config\Cache), false)
#10 C:\wamp64\www\Sites\GSB3\public\index.php(79): CodeIgniter\CodeIgniter->run()
#11 {main}
CRITICAL - 2024-02-17 15:37:50 --> CodeIgniter\Database\Exceptions\DatabaseException: Cannot delete or update a parent row: a foreign key constraint fails (`gsb3`.`reserver`, CONSTRAINT `reserver_ibfk_1` FOREIGN KEY (`id_presentation`) REFERENCES `presentation` (`id`))
in SYSTEMPATH\Database\BaseConnection.php on line 647.
 1 SYSTEMPATH\Database\BaseBuilder.php(2302): CodeIgniter\Database\BaseConnection->query('INSERT INTO `historique` (`id_visiteur`, `id_presentation`, `theme_conference`, `datee_presentation`, `horaire_presentation`, `dureePrevue_presentation`, `id_salle`) VALUES (:id_visiteur:, :id_presentation:, :theme_conference:, :datee_presentation:, :horaire_presentation:, :dureePrevue_presentation:, :id_salle:)', [...], false)
 2 APPPATH\Models\ModelePresentation.php(256): CodeIgniter\Database\BaseBuilder->insert([...])
 3 APPPATH\Models\ModelePresentation.php(285): App\Models\ModelePresentation->setHistorique([...])
 4 APPPATH\Controllers\Home.php(12): App\Models\ModelePresentation->autoHistorique()
 5 SYSTEMPATH\CodeIgniter.php(941): App\Controllers\Home->index()
 6 SYSTEMPATH\CodeIgniter.php(502): CodeIgniter\CodeIgniter->runController(Object(App\Controllers\Home))
 7 SYSTEMPATH\CodeIgniter.php(361): CodeIgniter\CodeIgniter->handleRequest(null, Object(Config\Cache), false)
 8 FCPATH\index.php(79): CodeIgniter\CodeIgniter->run()
CRITICAL - 2024-02-17 15:37:50 --> [Caused by] CodeIgniter\Database\Exceptions\DatabaseException: Cannot delete or update a parent row: a foreign key constraint fails (`gsb3`.`reserver`, CONSTRAINT `reserver_ibfk_1` FOREIGN KEY (`id_presentation`) REFERENCES `presentation` (`id`))
in SYSTEMPATH\Database\MySQLi\Connection.php on line 311.
 1 SYSTEMPATH\Database\BaseConnection.php(693): CodeIgniter\Database\MySQLi\Connection->execute('INSERT INTO `historique` (`id_visiteur`, `id_presentation`, `theme_conference`, `datee_presentation`, `horaire_presentation`, `dureePrevue_presentation`, `id_salle`) VALUES (\'a131\', \'7\', \'Covid-19\', \'2024-01-16\', \'08:00:00\', \'01:00:00\', \'1\')')
 2 SYSTEMPATH\Database\BaseConnection.php(607): CodeIgniter\Database\BaseConnection->simpleQuery('INSERT INTO `historique` (`id_visiteur`, `id_presentation`, `theme_conference`, `datee_presentation`, `horaire_presentation`, `dureePrevue_presentation`, `id_salle`) VALUES (\'a131\', \'7\', \'Covid-19\', \'2024-01-16\', \'08:00:00\', \'01:00:00\', \'1\')')
 3 SYSTEMPATH\Database\BaseBuilder.php(2302): CodeIgniter\Database\BaseConnection->query('INSERT INTO `historique` (`id_visiteur`, `id_presentation`, `theme_conference`, `datee_presentation`, `horaire_presentation`, `dureePrevue_presentation`, `id_salle`) VALUES (:id_visiteur:, :id_presentation:, :theme_conference:, :datee_presentation:, :horaire_presentation:, :dureePrevue_presentation:, :id_salle:)', [...], false)
 4 APPPATH\Models\ModelePresentation.php(256): CodeIgniter\Database\BaseBuilder->insert([...])
 5 APPPATH\Models\ModelePresentation.php(285): App\Models\ModelePresentation->setHistorique([...])
 6 APPPATH\Controllers\Home.php(12): App\Models\ModelePresentation->autoHistorique()
 7 SYSTEMPATH\CodeIgniter.php(941): App\Controllers\Home->index()
 8 SYSTEMPATH\CodeIgniter.php(502): CodeIgniter\CodeIgniter->runController(Object(App\Controllers\Home))
 9 SYSTEMPATH\CodeIgniter.php(361): CodeIgniter\CodeIgniter->handleRequest(null, Object(Config\Cache), false)
10 FCPATH\index.php(79): CodeIgniter\CodeIgniter->run()
CRITICAL - 2024-02-17 15:37:50 --> [Caused by] mysqli_sql_exception: Cannot delete or update a parent row: a foreign key constraint fails (`gsb3`.`reserver`, CONSTRAINT `reserver_ibfk_1` FOREIGN KEY (`id_presentation`) REFERENCES `presentation` (`id`))
in SYSTEMPATH\Database\MySQLi\Connection.php on line 306.
 1 SYSTEMPATH\Database\MySQLi\Connection.php(306): mysqli->query('INSERT INTO `historique` (`id_visiteur`, `id_presentation`, `theme_conference`, `datee_presentation`, `horaire_presentation`, `dureePrevue_presentation`, `id_salle`) VALUES (\'a131\', \'7\', \'Covid-19\', \'2024-01-16\', \'08:00:00\', \'01:00:00\', \'1\')', 0)
 2 SYSTEMPATH\Database\BaseConnection.php(693): CodeIgniter\Database\MySQLi\Connection->execute('INSERT INTO `historique` (`id_visiteur`, `id_presentation`, `theme_conference`, `datee_presentation`, `horaire_presentation`, `dureePrevue_presentation`, `id_salle`) VALUES (\'a131\', \'7\', \'Covid-19\', \'2024-01-16\', \'08:00:00\', \'01:00:00\', \'1\')')
 3 SYSTEMPATH\Database\BaseConnection.php(607): CodeIgniter\Database\BaseConnection->simpleQuery('INSERT INTO `historique` (`id_visiteur`, `id_presentation`, `theme_conference`, `datee_presentation`, `horaire_presentation`, `dureePrevue_presentation`, `id_salle`) VALUES (\'a131\', \'7\', \'Covid-19\', \'2024-01-16\', \'08:00:00\', \'01:00:00\', \'1\')')
 4 SYSTEMPATH\Database\BaseBuilder.php(2302): CodeIgniter\Database\BaseConnection->query('INSERT INTO `historique` (`id_visiteur`, `id_presentation`, `theme_conference`, `datee_presentation`, `horaire_presentation`, `dureePrevue_presentation`, `id_salle`) VALUES (:id_visiteur:, :id_presentation:, :theme_conference:, :datee_presentation:, :horaire_presentation:, :dureePrevue_presentation:, :id_salle:)', [...], false)
 5 APPPATH\Models\ModelePresentation.php(256): CodeIgniter\Database\BaseBuilder->insert([...])
 6 APPPATH\Models\ModelePresentation.php(285): App\Models\ModelePresentation->setHistorique([...])
 7 APPPATH\Controllers\Home.php(12): App\Models\ModelePresentation->autoHistorique()
 8 SYSTEMPATH\CodeIgniter.php(941): App\Controllers\Home->index()
 9 SYSTEMPATH\CodeIgniter.php(502): CodeIgniter\CodeIgniter->runController(Object(App\Controllers\Home))
10 SYSTEMPATH\CodeIgniter.php(361): CodeIgniter\CodeIgniter->handleRequest(null, Object(Config\Cache), false)
11 FCPATH\index.php(79): CodeIgniter\CodeIgniter->run()
ERROR - 2024-02-17 15:39:40 --> mysqli_sql_exception: Cannot delete or update a parent row: a foreign key constraint fails (`gsb3`.`reserver`, CONSTRAINT `reserver_ibfk_1` FOREIGN KEY (`id_presentation`) REFERENCES `presentation` (`id`)) in C:\wamp64\www\Sites\GSB3\system\Database\MySQLi\Connection.php:306
Stack trace:
#0 C:\wamp64\www\Sites\GSB3\system\Database\MySQLi\Connection.php(306): mysqli->query('INSERT INTO `hi...', 0)
#1 C:\wamp64\www\Sites\GSB3\system\Database\BaseConnection.php(693): CodeIgniter\Database\MySQLi\Connection->execute('INSERT INTO `hi...')
#2 C:\wamp64\www\Sites\GSB3\system\Database\BaseConnection.php(607): CodeIgniter\Database\BaseConnection->simpleQuery('INSERT INTO `hi...')
#3 C:\wamp64\www\Sites\GSB3\system\Database\BaseBuilder.php(2302): CodeIgniter\Database\BaseConnection->query('INSERT INTO `hi...', Array, false)
#4 C:\wamp64\www\Sites\GSB3\app\Models\ModelePresentation.php(256): CodeIgniter\Database\BaseBuilder->insert(Array)
#5 C:\wamp64\www\Sites\GSB3\app\Models\ModelePresentation.php(285): App\Models\ModelePresentation->setHistorique(Array)
#6 C:\wamp64\www\Sites\GSB3\app\Controllers\Home.php(12): App\Models\ModelePresentation->autoHistorique()
#7 C:\wamp64\www\Sites\GSB3\system\CodeIgniter.php(941): App\Controllers\Home->index()
#8 C:\wamp64\www\Sites\GSB3\system\CodeIgniter.php(502): CodeIgniter\CodeIgniter->runController(Object(App\Controllers\Home))
#9 C:\wamp64\www\Sites\GSB3\system\CodeIgniter.php(361): CodeIgniter\CodeIgniter->handleRequest(NULL, Object(Config\Cache), false)
#10 C:\wamp64\www\Sites\GSB3\public\index.php(79): CodeIgniter\CodeIgniter->run()
#11 {main}
CRITICAL - 2024-02-17 15:39:40 --> CodeIgniter\Database\Exceptions\DatabaseException: Cannot delete or update a parent row: a foreign key constraint fails (`gsb3`.`reserver`, CONSTRAINT `reserver_ibfk_1` FOREIGN KEY (`id_presentation`) REFERENCES `presentation` (`id`))
in SYSTEMPATH\Database\BaseConnection.php on line 647.
 1 SYSTEMPATH\Database\BaseBuilder.php(2302): CodeIgniter\Database\BaseConnection->query('INSERT INTO `historique` (`id_visiteur`, `id_presentation`, `theme_conference`, `datee_presentation`, `horaire_presentation`, `dureePrevue_presentation`, `id_salle`) VALUES (:id_visiteur:, :id_presentation:, :theme_conference:, :datee_presentation:, :horaire_presentation:, :dureePrevue_presentation:, :id_salle:)', [...], false)
 2 APPPATH\Models\ModelePresentation.php(256): CodeIgniter\Database\BaseBuilder->insert([...])
 3 APPPATH\Models\ModelePresentation.php(285): App\Models\ModelePresentation->setHistorique([...])
 4 APPPATH\Controllers\Home.php(12): App\Models\ModelePresentation->autoHistorique()
 5 SYSTEMPATH\CodeIgniter.php(941): App\Controllers\Home->index()
 6 SYSTEMPATH\CodeIgniter.php(502): CodeIgniter\CodeIgniter->runController(Object(App\Controllers\Home))
 7 SYSTEMPATH\CodeIgniter.php(361): CodeIgniter\CodeIgniter->handleRequest(null, Object(Config\Cache), false)
 8 FCPATH\index.php(79): CodeIgniter\CodeIgniter->run()
CRITICAL - 2024-02-17 15:39:40 --> [Caused by] CodeIgniter\Database\Exceptions\DatabaseException: Cannot delete or update a parent row: a foreign key constraint fails (`gsb3`.`reserver`, CONSTRAINT `reserver_ibfk_1` FOREIGN KEY (`id_presentation`) REFERENCES `presentation` (`id`))
in SYSTEMPATH\Database\MySQLi\Connection.php on line 311.
 1 SYSTEMPATH\Database\BaseConnection.php(693): CodeIgniter\Database\MySQLi\Connection->execute('INSERT INTO `historique` (`id_visiteur`, `id_presentation`, `theme_conference`, `datee_presentation`, `horaire_presentation`, `dureePrevue_presentation`, `id_salle`) VALUES (\'a131\', \'7\', \'Covid-19\', \'2024-01-16\', \'08:00:00\', \'01:00:00\', \'1\')')
 2 SYSTEMPATH\Database\BaseConnection.php(607): CodeIgniter\Database\BaseConnection->simpleQuery('INSERT INTO `historique` (`id_visiteur`, `id_presentation`, `theme_conference`, `datee_presentation`, `horaire_presentation`, `dureePrevue_presentation`, `id_salle`) VALUES (\'a131\', \'7\', \'Covid-19\', \'2024-01-16\', \'08:00:00\', \'01:00:00\', \'1\')')
 3 SYSTEMPATH\Database\BaseBuilder.php(2302): CodeIgniter\Database\BaseConnection->query('INSERT INTO `historique` (`id_visiteur`, `id_presentation`, `theme_conference`, `datee_presentation`, `horaire_presentation`, `dureePrevue_presentation`, `id_salle`) VALUES (:id_visiteur:, :id_presentation:, :theme_conference:, :datee_presentation:, :horaire_presentation:, :dureePrevue_presentation:, :id_salle:)', [...], false)
 4 APPPATH\Models\ModelePresentation.php(256): CodeIgniter\Database\BaseBuilder->insert([...])
 5 APPPATH\Models\ModelePresentation.php(285): App\Models\ModelePresentation->setHistorique([...])
 6 APPPATH\Controllers\Home.php(12): App\Models\ModelePresentation->autoHistorique()
 7 SYSTEMPATH\CodeIgniter.php(941): App\Controllers\Home->index()
 8 SYSTEMPATH\CodeIgniter.php(502): CodeIgniter\CodeIgniter->runController(Object(App\Controllers\Home))
 9 SYSTEMPATH\CodeIgniter.php(361): CodeIgniter\CodeIgniter->handleRequest(null, Object(Config\Cache), false)
10 FCPATH\index.php(79): CodeIgniter\CodeIgniter->run()
CRITICAL - 2024-02-17 15:39:40 --> [Caused by] mysqli_sql_exception: Cannot delete or update a parent row: a foreign key constraint fails (`gsb3`.`reserver`, CONSTRAINT `reserver_ibfk_1` FOREIGN KEY (`id_presentation`) REFERENCES `presentation` (`id`))
in SYSTEMPATH\Database\MySQLi\Connection.php on line 306.
 1 SYSTEMPATH\Database\MySQLi\Connection.php(306): mysqli->query('INSERT INTO `historique` (`id_visiteur`, `id_presentation`, `theme_conference`, `datee_presentation`, `horaire_presentation`, `dureePrevue_presentation`, `id_salle`) VALUES (\'a131\', \'7\', \'Covid-19\', \'2024-01-16\', \'08:00:00\', \'01:00:00\', \'1\')', 0)
 2 SYSTEMPATH\Database\BaseConnection.php(693): CodeIgniter\Database\MySQLi\Connection->execute('INSERT INTO `historique` (`id_visiteur`, `id_presentation`, `theme_conference`, `datee_presentation`, `horaire_presentation`, `dureePrevue_presentation`, `id_salle`) VALUES (\'a131\', \'7\', \'Covid-19\', \'2024-01-16\', \'08:00:00\', \'01:00:00\', \'1\')')
 3 SYSTEMPATH\Database\BaseConnection.php(607): CodeIgniter\Database\BaseConnection->simpleQuery('INSERT INTO `historique` (`id_visiteur`, `id_presentation`, `theme_conference`, `datee_presentation`, `horaire_presentation`, `dureePrevue_presentation`, `id_salle`) VALUES (\'a131\', \'7\', \'Covid-19\', \'2024-01-16\', \'08:00:00\', \'01:00:00\', \'1\')')
 4 SYSTEMPATH\Database\BaseBuilder.php(2302): CodeIgniter\Database\BaseConnection->query('INSERT INTO `historique` (`id_visiteur`, `id_presentation`, `theme_conference`, `datee_presentation`, `horaire_presentation`, `dureePrevue_presentation`, `id_salle`) VALUES (:id_visiteur:, :id_presentation:, :theme_conference:, :datee_presentation:, :horaire_presentation:, :dureePrevue_presentation:, :id_salle:)', [...], false)
 5 APPPATH\Models\ModelePresentation.php(256): CodeIgniter\Database\BaseBuilder->insert([...])
 6 APPPATH\Models\ModelePresentation.php(285): App\Models\ModelePresentation->setHistorique([...])
 7 APPPATH\Controllers\Home.php(12): App\Models\ModelePresentation->autoHistorique()
 8 SYSTEMPATH\CodeIgniter.php(941): App\Controllers\Home->index()
 9 SYSTEMPATH\CodeIgniter.php(502): CodeIgniter\CodeIgniter->runController(Object(App\Controllers\Home))
10 SYSTEMPATH\CodeIgniter.php(361): CodeIgniter\CodeIgniter->handleRequest(null, Object(Config\Cache), false)
11 FCPATH\index.php(79): CodeIgniter\CodeIgniter->run()
ERROR - 2024-02-17 15:39:41 --> mysqli_sql_exception: Cannot delete or update a parent row: a foreign key constraint fails (`gsb3`.`reserver`, CONSTRAINT `reserver_ibfk_1` FOREIGN KEY (`id_presentation`) REFERENCES `presentation` (`id`)) in C:\wamp64\www\Sites\GSB3\system\Database\MySQLi\Connection.php:306
Stack trace:
#0 C:\wamp64\www\Sites\GSB3\system\Database\MySQLi\Connection.php(306): mysqli->query('INSERT INTO `hi...', 0)
#1 C:\wamp64\www\Sites\GSB3\system\Database\BaseConnection.php(693): CodeIgniter\Database\MySQLi\Connection->execute('INSERT INTO `hi...')
#2 C:\wamp64\www\Sites\GSB3\system\Database\BaseConnection.php(607): CodeIgniter\Database\BaseConnection->simpleQuery('INSERT INTO `hi...')
#3 C:\wamp64\www\Sites\GSB3\system\Database\BaseBuilder.php(2302): CodeIgniter\Database\BaseConnection->query('INSERT INTO `hi...', Array, false)
#4 C:\wamp64\www\Sites\GSB3\app\Models\ModelePresentation.php(256): CodeIgniter\Database\BaseBuilder->insert(Array)
#5 C:\wamp64\www\Sites\GSB3\app\Models\ModelePresentation.php(285): App\Models\ModelePresentation->setHistorique(Array)
#6 C:\wamp64\www\Sites\GSB3\app\Controllers\Home.php(12): App\Models\ModelePresentation->autoHistorique()
#7 C:\wamp64\www\Sites\GSB3\system\CodeIgniter.php(941): App\Controllers\Home->index()
#8 C:\wamp64\www\Sites\GSB3\system\CodeIgniter.php(502): CodeIgniter\CodeIgniter->runController(Object(App\Controllers\Home))
#9 C:\wamp64\www\Sites\GSB3\system\CodeIgniter.php(361): CodeIgniter\CodeIgniter->handleRequest(NULL, Object(Config\Cache), false)
#10 C:\wamp64\www\Sites\GSB3\public\index.php(79): CodeIgniter\CodeIgniter->run()
#11 {main}
CRITICAL - 2024-02-17 15:39:41 --> CodeIgniter\Database\Exceptions\DatabaseException: Cannot delete or update a parent row: a foreign key constraint fails (`gsb3`.`reserver`, CONSTRAINT `reserver_ibfk_1` FOREIGN KEY (`id_presentation`) REFERENCES `presentation` (`id`))
in SYSTEMPATH\Database\BaseConnection.php on line 647.
 1 SYSTEMPATH\Database\BaseBuilder.php(2302): CodeIgniter\Database\BaseConnection->query('INSERT INTO `historique` (`id_visiteur`, `id_presentation`, `theme_conference`, `datee_presentation`, `horaire_presentation`, `dureePrevue_presentation`, `id_salle`) VALUES (:id_visiteur:, :id_presentation:, :theme_conference:, :datee_presentation:, :horaire_presentation:, :dureePrevue_presentation:, :id_salle:)', [...], false)
 2 APPPATH\Models\ModelePresentation.php(256): CodeIgniter\Database\BaseBuilder->insert([...])
 3 APPPATH\Models\ModelePresentation.php(285): App\Models\ModelePresentation->setHistorique([...])
 4 APPPATH\Controllers\Home.php(12): App\Models\ModelePresentation->autoHistorique()
 5 SYSTEMPATH\CodeIgniter.php(941): App\Controllers\Home->index()
 6 SYSTEMPATH\CodeIgniter.php(502): CodeIgniter\CodeIgniter->runController(Object(App\Controllers\Home))
 7 SYSTEMPATH\CodeIgniter.php(361): CodeIgniter\CodeIgniter->handleRequest(null, Object(Config\Cache), false)
 8 FCPATH\index.php(79): CodeIgniter\CodeIgniter->run()
CRITICAL - 2024-02-17 15:39:41 --> [Caused by] CodeIgniter\Database\Exceptions\DatabaseException: Cannot delete or update a parent row: a foreign key constraint fails (`gsb3`.`reserver`, CONSTRAINT `reserver_ibfk_1` FOREIGN KEY (`id_presentation`) REFERENCES `presentation` (`id`))
in SYSTEMPATH\Database\MySQLi\Connection.php on line 311.
 1 SYSTEMPATH\Database\BaseConnection.php(693): CodeIgniter\Database\MySQLi\Connection->execute('INSERT INTO `historique` (`id_visiteur`, `id_presentation`, `theme_conference`, `datee_presentation`, `horaire_presentation`, `dureePrevue_presentation`, `id_salle`) VALUES (\'a131\', \'7\', \'Covid-19\', \'2024-01-16\', \'08:00:00\', \'01:00:00\', \'1\')')
 2 SYSTEMPATH\Database\BaseConnection.php(607): CodeIgniter\Database\BaseConnection->simpleQuery('INSERT INTO `historique` (`id_visiteur`, `id_presentation`, `theme_conference`, `datee_presentation`, `horaire_presentation`, `dureePrevue_presentation`, `id_salle`) VALUES (\'a131\', \'7\', \'Covid-19\', \'2024-01-16\', \'08:00:00\', \'01:00:00\', \'1\')')
 3 SYSTEMPATH\Database\BaseBuilder.php(2302): CodeIgniter\Database\BaseConnection->query('INSERT INTO `historique` (`id_visiteur`, `id_presentation`, `theme_conference`, `datee_presentation`, `horaire_presentation`, `dureePrevue_presentation`, `id_salle`) VALUES (:id_visiteur:, :id_presentation:, :theme_conference:, :datee_presentation:, :horaire_presentation:, :dureePrevue_presentation:, :id_salle:)', [...], false)
 4 APPPATH\Models\ModelePresentation.php(256): CodeIgniter\Database\BaseBuilder->insert([...])
 5 APPPATH\Models\ModelePresentation.php(285): App\Models\ModelePresentation->setHistorique([...])
 6 APPPATH\Controllers\Home.php(12): App\Models\ModelePresentation->autoHistorique()
 7 SYSTEMPATH\CodeIgniter.php(941): App\Controllers\Home->index()
 8 SYSTEMPATH\CodeIgniter.php(502): CodeIgniter\CodeIgniter->runController(Object(App\Controllers\Home))
 9 SYSTEMPATH\CodeIgniter.php(361): CodeIgniter\CodeIgniter->handleRequest(null, Object(Config\Cache), false)
10 FCPATH\index.php(79): CodeIgniter\CodeIgniter->run()
CRITICAL - 2024-02-17 15:39:41 --> [Caused by] mysqli_sql_exception: Cannot delete or update a parent row: a foreign key constraint fails (`gsb3`.`reserver`, CONSTRAINT `reserver_ibfk_1` FOREIGN KEY (`id_presentation`) REFERENCES `presentation` (`id`))
in SYSTEMPATH\Database\MySQLi\Connection.php on line 306.
 1 SYSTEMPATH\Database\MySQLi\Connection.php(306): mysqli->query('INSERT INTO `historique` (`id_visiteur`, `id_presentation`, `theme_conference`, `datee_presentation`, `horaire_presentation`, `dureePrevue_presentation`, `id_salle`) VALUES (\'a131\', \'7\', \'Covid-19\', \'2024-01-16\', \'08:00:00\', \'01:00:00\', \'1\')', 0)
 2 SYSTEMPATH\Database\BaseConnection.php(693): CodeIgniter\Database\MySQLi\Connection->execute('INSERT INTO `historique` (`id_visiteur`, `id_presentation`, `theme_conference`, `datee_presentation`, `horaire_presentation`, `dureePrevue_presentation`, `id_salle`) VALUES (\'a131\', \'7\', \'Covid-19\', \'2024-01-16\', \'08:00:00\', \'01:00:00\', \'1\')')
 3 SYSTEMPATH\Database\BaseConnection.php(607): CodeIgniter\Database\BaseConnection->simpleQuery('INSERT INTO `historique` (`id_visiteur`, `id_presentation`, `theme_conference`, `datee_presentation`, `horaire_presentation`, `dureePrevue_presentation`, `id_salle`) VALUES (\'a131\', \'7\', \'Covid-19\', \'2024-01-16\', \'08:00:00\', \'01:00:00\', \'1\')')
 4 SYSTEMPATH\Database\BaseBuilder.php(2302): CodeIgniter\Database\BaseConnection->query('INSERT INTO `historique` (`id_visiteur`, `id_presentation`, `theme_conference`, `datee_presentation`, `horaire_presentation`, `dureePrevue_presentation`, `id_salle`) VALUES (:id_visiteur:, :id_presentation:, :theme_conference:, :datee_presentation:, :horaire_presentation:, :dureePrevue_presentation:, :id_salle:)', [...], false)
 5 APPPATH\Models\ModelePresentation.php(256): CodeIgniter\Database\BaseBuilder->insert([...])
 6 APPPATH\Models\ModelePresentation.php(285): App\Models\ModelePresentation->setHistorique([...])
 7 APPPATH\Controllers\Home.php(12): App\Models\ModelePresentation->autoHistorique()
 8 SYSTEMPATH\CodeIgniter.php(941): App\Controllers\Home->index()
 9 SYSTEMPATH\CodeIgniter.php(502): CodeIgniter\CodeIgniter->runController(Object(App\Controllers\Home))
10 SYSTEMPATH\CodeIgniter.php(361): CodeIgniter\CodeIgniter->handleRequest(null, Object(Config\Cache), false)
11 FCPATH\index.php(79): CodeIgniter\CodeIgniter->run()
ERROR - 2024-02-17 15:39:41 --> mysqli_sql_exception: Cannot delete or update a parent row: a foreign key constraint fails (`gsb3`.`reserver`, CONSTRAINT `reserver_ibfk_1` FOREIGN KEY (`id_presentation`) REFERENCES `presentation` (`id`)) in C:\wamp64\www\Sites\GSB3\system\Database\MySQLi\Connection.php:306
Stack trace:
#0 C:\wamp64\www\Sites\GSB3\system\Database\MySQLi\Connection.php(306): mysqli->query('INSERT INTO `hi...', 0)
#1 C:\wamp64\www\Sites\GSB3\system\Database\BaseConnection.php(693): CodeIgniter\Database\MySQLi\Connection->execute('INSERT INTO `hi...')
#2 C:\wamp64\www\Sites\GSB3\system\Database\BaseConnection.php(607): CodeIgniter\Database\BaseConnection->simpleQuery('INSERT INTO `hi...')
#3 C:\wamp64\www\Sites\GSB3\system\Database\BaseBuilder.php(2302): CodeIgniter\Database\BaseConnection->query('INSERT INTO `hi...', Array, false)
#4 C:\wamp64\www\Sites\GSB3\app\Models\ModelePresentation.php(256): CodeIgniter\Database\BaseBuilder->insert(Array)
#5 C:\wamp64\www\Sites\GSB3\app\Models\ModelePresentation.php(285): App\Models\ModelePresentation->setHistorique(Array)
#6 C:\wamp64\www\Sites\GSB3\app\Controllers\Home.php(12): App\Models\ModelePresentation->autoHistorique()
#7 C:\wamp64\www\Sites\GSB3\system\CodeIgniter.php(941): App\Controllers\Home->index()
#8 C:\wamp64\www\Sites\GSB3\system\CodeIgniter.php(502): CodeIgniter\CodeIgniter->runController(Object(App\Controllers\Home))
#9 C:\wamp64\www\Sites\GSB3\system\CodeIgniter.php(361): CodeIgniter\CodeIgniter->handleRequest(NULL, Object(Config\Cache), false)
#10 C:\wamp64\www\Sites\GSB3\public\index.php(79): CodeIgniter\CodeIgniter->run()
#11 {main}
CRITICAL - 2024-02-17 15:39:41 --> CodeIgniter\Database\Exceptions\DatabaseException: Cannot delete or update a parent row: a foreign key constraint fails (`gsb3`.`reserver`, CONSTRAINT `reserver_ibfk_1` FOREIGN KEY (`id_presentation`) REFERENCES `presentation` (`id`))
in SYSTEMPATH\Database\BaseConnection.php on line 647.
 1 SYSTEMPATH\Database\BaseBuilder.php(2302): CodeIgniter\Database\BaseConnection->query('INSERT INTO `historique` (`id_visiteur`, `id_presentation`, `theme_conference`, `datee_presentation`, `horaire_presentation`, `dureePrevue_presentation`, `id_salle`) VALUES (:id_visiteur:, :id_presentation:, :theme_conference:, :datee_presentation:, :horaire_presentation:, :dureePrevue_presentation:, :id_salle:)', [...], false)
 2 APPPATH\Models\ModelePresentation.php(256): CodeIgniter\Database\BaseBuilder->insert([...])
 3 APPPATH\Models\ModelePresentation.php(285): App\Models\ModelePresentation->setHistorique([...])
 4 APPPATH\Controllers\Home.php(12): App\Models\ModelePresentation->autoHistorique()
 5 SYSTEMPATH\CodeIgniter.php(941): App\Controllers\Home->index()
 6 SYSTEMPATH\CodeIgniter.php(502): CodeIgniter\CodeIgniter->runController(Object(App\Controllers\Home))
 7 SYSTEMPATH\CodeIgniter.php(361): CodeIgniter\CodeIgniter->handleRequest(null, Object(Config\Cache), false)
 8 FCPATH\index.php(79): CodeIgniter\CodeIgniter->run()
CRITICAL - 2024-02-17 15:39:41 --> [Caused by] CodeIgniter\Database\Exceptions\DatabaseException: Cannot delete or update a parent row: a foreign key constraint fails (`gsb3`.`reserver`, CONSTRAINT `reserver_ibfk_1` FOREIGN KEY (`id_presentation`) REFERENCES `presentation` (`id`))
in SYSTEMPATH\Database\MySQLi\Connection.php on line 311.
 1 SYSTEMPATH\Database\BaseConnection.php(693): CodeIgniter\Database\MySQLi\Connection->execute('INSERT INTO `historique` (`id_visiteur`, `id_presentation`, `theme_conference`, `datee_presentation`, `horaire_presentation`, `dureePrevue_presentation`, `id_salle`) VALUES (\'a131\', \'7\', \'Covid-19\', \'2024-01-16\', \'08:00:00\', \'01:00:00\', \'1\')')
 2 SYSTEMPATH\Database\BaseConnection.php(607): CodeIgniter\Database\BaseConnection->simpleQuery('INSERT INTO `historique` (`id_visiteur`, `id_presentation`, `theme_conference`, `datee_presentation`, `horaire_presentation`, `dureePrevue_presentation`, `id_salle`) VALUES (\'a131\', \'7\', \'Covid-19\', \'2024-01-16\', \'08:00:00\', \'01:00:00\', \'1\')')
 3 SYSTEMPATH\Database\BaseBuilder.php(2302): CodeIgniter\Database\BaseConnection->query('INSERT INTO `historique` (`id_visiteur`, `id_presentation`, `theme_conference`, `datee_presentation`, `horaire_presentation`, `dureePrevue_presentation`, `id_salle`) VALUES (:id_visiteur:, :id_presentation:, :theme_conference:, :datee_presentation:, :horaire_presentation:, :dureePrevue_presentation:, :id_salle:)', [...], false)
 4 APPPATH\Models\ModelePresentation.php(256): CodeIgniter\Database\BaseBuilder->insert([...])
 5 APPPATH\Models\ModelePresentation.php(285): App\Models\ModelePresentation->setHistorique([...])
 6 APPPATH\Controllers\Home.php(12): App\Models\ModelePresentation->autoHistorique()
 7 SYSTEMPATH\CodeIgniter.php(941): App\Controllers\Home->index()
 8 SYSTEMPATH\CodeIgniter.php(502): CodeIgniter\CodeIgniter->runController(Object(App\Controllers\Home))
 9 SYSTEMPATH\CodeIgniter.php(361): CodeIgniter\CodeIgniter->handleRequest(null, Object(Config\Cache), false)
10 FCPATH\index.php(79): CodeIgniter\CodeIgniter->run()
CRITICAL - 2024-02-17 15:39:41 --> [Caused by] mysqli_sql_exception: Cannot delete or update a parent row: a foreign key constraint fails (`gsb3`.`reserver`, CONSTRAINT `reserver_ibfk_1` FOREIGN KEY (`id_presentation`) REFERENCES `presentation` (`id`))
in SYSTEMPATH\Database\MySQLi\Connection.php on line 306.
 1 SYSTEMPATH\Database\MySQLi\Connection.php(306): mysqli->query('INSERT INTO `historique` (`id_visiteur`, `id_presentation`, `theme_conference`, `datee_presentation`, `horaire_presentation`, `dureePrevue_presentation`, `id_salle`) VALUES (\'a131\', \'7\', \'Covid-19\', \'2024-01-16\', \'08:00:00\', \'01:00:00\', \'1\')', 0)
 2 SYSTEMPATH\Database\BaseConnection.php(693): CodeIgniter\Database\MySQLi\Connection->execute('INSERT INTO `historique` (`id_visiteur`, `id_presentation`, `theme_conference`, `datee_presentation`, `horaire_presentation`, `dureePrevue_presentation`, `id_salle`) VALUES (\'a131\', \'7\', \'Covid-19\', \'2024-01-16\', \'08:00:00\', \'01:00:00\', \'1\')')
 3 SYSTEMPATH\Database\BaseConnection.php(607): CodeIgniter\Database\BaseConnection->simpleQuery('INSERT INTO `historique` (`id_visiteur`, `id_presentation`, `theme_conference`, `datee_presentation`, `horaire_presentation`, `dureePrevue_presentation`, `id_salle`) VALUES (\'a131\', \'7\', \'Covid-19\', \'2024-01-16\', \'08:00:00\', \'01:00:00\', \'1\')')
 4 SYSTEMPATH\Database\BaseBuilder.php(2302): CodeIgniter\Database\BaseConnection->query('INSERT INTO `historique` (`id_visiteur`, `id_presentation`, `theme_conference`, `datee_presentation`, `horaire_presentation`, `dureePrevue_presentation`, `id_salle`) VALUES (:id_visiteur:, :id_presentation:, :theme_conference:, :datee_presentation:, :horaire_presentation:, :dureePrevue_presentation:, :id_salle:)', [...], false)
 5 APPPATH\Models\ModelePresentation.php(256): CodeIgniter\Database\BaseBuilder->insert([...])
 6 APPPATH\Models\ModelePresentation.php(285): App\Models\ModelePresentation->setHistorique([...])
 7 APPPATH\Controllers\Home.php(12): App\Models\ModelePresentation->autoHistorique()
 8 SYSTEMPATH\CodeIgniter.php(941): App\Controllers\Home->index()
 9 SYSTEMPATH\CodeIgniter.php(502): CodeIgniter\CodeIgniter->runController(Object(App\Controllers\Home))
10 SYSTEMPATH\CodeIgniter.php(361): CodeIgniter\CodeIgniter->handleRequest(null, Object(Config\Cache), false)
11 FCPATH\index.php(79): CodeIgniter\CodeIgniter->run()
ERROR - 2024-02-17 15:48:06 --> mysqli_sql_exception: Cannot delete or update a parent row: a foreign key constraint fails (`gsb3`.`reserver`, CONSTRAINT `reserver_ibfk_1` FOREIGN KEY (`id_presentation`) REFERENCES `presentation` (`id`)) in C:\wamp64\www\Sites\GSB3\system\Database\MySQLi\Connection.php:306
Stack trace:
#0 C:\wamp64\www\Sites\GSB3\system\Database\MySQLi\Connection.php(306): mysqli->query('INSERT INTO `hi...', 0)
#1 C:\wamp64\www\Sites\GSB3\system\Database\BaseConnection.php(693): CodeIgniter\Database\MySQLi\Connection->execute('INSERT INTO `hi...')
#2 C:\wamp64\www\Sites\GSB3\system\Database\BaseConnection.php(607): CodeIgniter\Database\BaseConnection->simpleQuery('INSERT INTO `hi...')
#3 C:\wamp64\www\Sites\GSB3\system\Database\BaseBuilder.php(2302): CodeIgniter\Database\BaseConnection->query('INSERT INTO `hi...', Array, false)
#4 C:\wamp64\www\Sites\GSB3\app\Models\ModelePresentation.php(256): CodeIgniter\Database\BaseBuilder->insert(Array)
#5 C:\wamp64\www\Sites\GSB3\app\Models\ModelePresentation.php(285): App\Models\ModelePresentation->setHistorique(Array)
#6 C:\wamp64\www\Sites\GSB3\app\Controllers\Home.php(12): App\Models\ModelePresentation->autoHistorique()
#7 C:\wamp64\www\Sites\GSB3\system\CodeIgniter.php(941): App\Controllers\Home->index()
#8 C:\wamp64\www\Sites\GSB3\system\CodeIgniter.php(502): CodeIgniter\CodeIgniter->runController(Object(App\Controllers\Home))
#9 C:\wamp64\www\Sites\GSB3\system\CodeIgniter.php(361): CodeIgniter\CodeIgniter->handleRequest(NULL, Object(Config\Cache), false)
#10 C:\wamp64\www\Sites\GSB3\public\index.php(79): CodeIgniter\CodeIgniter->run()
#11 {main}
CRITICAL - 2024-02-17 15:48:06 --> CodeIgniter\Database\Exceptions\DatabaseException: Cannot delete or update a parent row: a foreign key constraint fails (`gsb3`.`reserver`, CONSTRAINT `reserver_ibfk_1` FOREIGN KEY (`id_presentation`) REFERENCES `presentation` (`id`))
in SYSTEMPATH\Database\BaseConnection.php on line 647.
 1 SYSTEMPATH\Database\BaseBuilder.php(2302): CodeIgniter\Database\BaseConnection->query('INSERT INTO `historique` (`id_visiteur`, `id_presentation`, `theme_conference`, `datee_presentation`, `horaire_presentation`, `dureePrevue_presentation`, `id_salle`) VALUES (:id_visiteur:, :id_presentation:, :theme_conference:, :datee_presentation:, :horaire_presentation:, :dureePrevue_presentation:, :id_salle:)', [...], false)
 2 APPPATH\Models\ModelePresentation.php(256): CodeIgniter\Database\BaseBuilder->insert([...])
 3 APPPATH\Models\ModelePresentation.php(285): App\Models\ModelePresentation->setHistorique([...])
 4 APPPATH\Controllers\Home.php(12): App\Models\ModelePresentation->autoHistorique()
 5 SYSTEMPATH\CodeIgniter.php(941): App\Controllers\Home->index()
 6 SYSTEMPATH\CodeIgniter.php(502): CodeIgniter\CodeIgniter->runController(Object(App\Controllers\Home))
 7 SYSTEMPATH\CodeIgniter.php(361): CodeIgniter\CodeIgniter->handleRequest(null, Object(Config\Cache), false)
 8 FCPATH\index.php(79): CodeIgniter\CodeIgniter->run()
CRITICAL - 2024-02-17 15:48:06 --> [Caused by] CodeIgniter\Database\Exceptions\DatabaseException: Cannot delete or update a parent row: a foreign key constraint fails (`gsb3`.`reserver`, CONSTRAINT `reserver_ibfk_1` FOREIGN KEY (`id_presentation`) REFERENCES `presentation` (`id`))
in SYSTEMPATH\Database\MySQLi\Connection.php on line 311.
 1 SYSTEMPATH\Database\BaseConnection.php(693): CodeIgniter\Database\MySQLi\Connection->execute('INSERT INTO `historique` (`id_visiteur`, `id_presentation`, `theme_conference`, `datee_presentation`, `horaire_presentation`, `dureePrevue_presentation`, `id_salle`) VALUES (\'a131\', \'7\', \'Covid-19\', \'2024-01-16\', \'08:00:00\', \'01:00:00\', \'1\')')
 2 SYSTEMPATH\Database\BaseConnection.php(607): CodeIgniter\Database\BaseConnection->simpleQuery('INSERT INTO `historique` (`id_visiteur`, `id_presentation`, `theme_conference`, `datee_presentation`, `horaire_presentation`, `dureePrevue_presentation`, `id_salle`) VALUES (\'a131\', \'7\', \'Covid-19\', \'2024-01-16\', \'08:00:00\', \'01:00:00\', \'1\')')
 3 SYSTEMPATH\Database\BaseBuilder.php(2302): CodeIgniter\Database\BaseConnection->query('INSERT INTO `historique` (`id_visiteur`, `id_presentation`, `theme_conference`, `datee_presentation`, `horaire_presentation`, `dureePrevue_presentation`, `id_salle`) VALUES (:id_visiteur:, :id_presentation:, :theme_conference:, :datee_presentation:, :horaire_presentation:, :dureePrevue_presentation:, :id_salle:)', [...], false)
 4 APPPATH\Models\ModelePresentation.php(256): CodeIgniter\Database\BaseBuilder->insert([...])
 5 APPPATH\Models\ModelePresentation.php(285): App\Models\ModelePresentation->setHistorique([...])
 6 APPPATH\Controllers\Home.php(12): App\Models\ModelePresentation->autoHistorique()
 7 SYSTEMPATH\CodeIgniter.php(941): App\Controllers\Home->index()
 8 SYSTEMPATH\CodeIgniter.php(502): CodeIgniter\CodeIgniter->runController(Object(App\Controllers\Home))
 9 SYSTEMPATH\CodeIgniter.php(361): CodeIgniter\CodeIgniter->handleRequest(null, Object(Config\Cache), false)
10 FCPATH\index.php(79): CodeIgniter\CodeIgniter->run()
CRITICAL - 2024-02-17 15:48:06 --> [Caused by] mysqli_sql_exception: Cannot delete or update a parent row: a foreign key constraint fails (`gsb3`.`reserver`, CONSTRAINT `reserver_ibfk_1` FOREIGN KEY (`id_presentation`) REFERENCES `presentation` (`id`))
in SYSTEMPATH\Database\MySQLi\Connection.php on line 306.
 1 SYSTEMPATH\Database\MySQLi\Connection.php(306): mysqli->query('INSERT INTO `historique` (`id_visiteur`, `id_presentation`, `theme_conference`, `datee_presentation`, `horaire_presentation`, `dureePrevue_presentation`, `id_salle`) VALUES (\'a131\', \'7\', \'Covid-19\', \'2024-01-16\', \'08:00:00\', \'01:00:00\', \'1\')', 0)
 2 SYSTEMPATH\Database\BaseConnection.php(693): CodeIgniter\Database\MySQLi\Connection->execute('INSERT INTO `historique` (`id_visiteur`, `id_presentation`, `theme_conference`, `datee_presentation`, `horaire_presentation`, `dureePrevue_presentation`, `id_salle`) VALUES (\'a131\', \'7\', \'Covid-19\', \'2024-01-16\', \'08:00:00\', \'01:00:00\', \'1\')')
 3 SYSTEMPATH\Database\BaseConnection.php(607): CodeIgniter\Database\BaseConnection->simpleQuery('INSERT INTO `historique` (`id_visiteur`, `id_presentation`, `theme_conference`, `datee_presentation`, `horaire_presentation`, `dureePrevue_presentation`, `id_salle`) VALUES (\'a131\', \'7\', \'Covid-19\', \'2024-01-16\', \'08:00:00\', \'01:00:00\', \'1\')')
 4 SYSTEMPATH\Database\BaseBuilder.php(2302): CodeIgniter\Database\BaseConnection->query('INSERT INTO `historique` (`id_visiteur`, `id_presentation`, `theme_conference`, `datee_presentation`, `horaire_presentation`, `dureePrevue_presentation`, `id_salle`) VALUES (:id_visiteur:, :id_presentation:, :theme_conference:, :datee_presentation:, :horaire_presentation:, :dureePrevue_presentation:, :id_salle:)', [...], false)
 5 APPPATH\Models\ModelePresentation.php(256): CodeIgniter\Database\BaseBuilder->insert([...])
 6 APPPATH\Models\ModelePresentation.php(285): App\Models\ModelePresentation->setHistorique([...])
 7 APPPATH\Controllers\Home.php(12): App\Models\ModelePresentation->autoHistorique()
 8 SYSTEMPATH\CodeIgniter.php(941): App\Controllers\Home->index()
 9 SYSTEMPATH\CodeIgniter.php(502): CodeIgniter\CodeIgniter->runController(Object(App\Controllers\Home))
10 SYSTEMPATH\CodeIgniter.php(361): CodeIgniter\CodeIgniter->handleRequest(null, Object(Config\Cache), false)
11 FCPATH\index.php(79): CodeIgniter\CodeIgniter->run()
