CRITICAL - 2024-02-11 14:55:12 --> ErrorException: Undefined global variable $_SESSION
in APPPATH\Controllers\CtrlConferences.php on line 10.
 1 APPPATH\Controllers\CtrlConferences.php(10): CodeIgniter\Debug\Exceptions->errorHandler(2, 'Undefined global variable $_SESSION', 'C:\\wamp64\\www\\Sites\\GSB3\\app\\Controllers\\CtrlConferences.php', 10)
 2 SYSTEMPATH\CodeIgniter.php(941): App\Controllers\CtrlConferences->afficherPresentations()
 3 SYSTEMPATH\CodeIgniter.php(502): CodeIgniter\CodeIgniter->runController(Object(App\Controllers\CtrlConferences))
 4 SYSTEMPATH\CodeIgniter.php(361): CodeIgniter\CodeIgniter->handleRequest(null, Object(Config\Cache), false)
 5 FCPATH\index.php(79): CodeIgniter\CodeIgniter->run()
CRITICAL - 2024-02-11 14:56:30 --> ErrorException: ini_set(): Session ini settings cannot be changed when a session is active
in SYSTEMPATH\Session\Handlers\FileHandler.php on line 72.
 1 [internal function]: CodeIgniter\Debug\Exceptions->errorHandler(2, 'ini_set(): Session ini settings cannot be changed when a session is active', 'C:\\wamp64\\www\\Sites\\GSB3\\system\\Session\\Handlers\\FileHandler.php', 72)
 2 SYSTEMPATH\Session\Handlers\FileHandler.php(72): ini_set('session.save_path', 'C:\\wamp64\\www\\Sites\\GSB3\\writable\\session')
 3 SYSTEMPATH\Config\Services.php(686): CodeIgniter\Session\Handlers\FileHandler->__construct(Object(Config\Session), '127.0.0.1')
 4 SYSTEMPATH\Config\BaseService.php(258): CodeIgniter\Config\Services::session(Object(Config\Session), false)
 5 SYSTEMPATH\Config\BaseService.php(199): CodeIgniter\Config\BaseService::__callStatic('session', [...])
 6 SYSTEMPATH\Config\Services.php(664): CodeIgniter\Config\BaseService::getSharedInstance('session', null)
 7 SYSTEMPATH\Config\BaseService.php(258): CodeIgniter\Config\Services::session()
 8 SYSTEMPATH\Common.php(982): CodeIgniter\Config\BaseService::__callStatic('session', [])
 9 APPPATH\Views\vue_navigation.php(12): session()
10 SYSTEMPATH\View\View.php(228): include('C:\\wamp64\\www\\Sites\\GSB3\\app\\Views\\vue_navigation.php')
11 SYSTEMPATH\View\View.php(231): CodeIgniter\View\View->CodeIgniter\View\{closure}()
12 SYSTEMPATH\Common.php(1178): CodeIgniter\View\View->render('vue_navigation', [], true)
13 APPPATH\Controllers\CtrlConferences.php(18): view('vue_navigation')
14 SYSTEMPATH\CodeIgniter.php(941): App\Controllers\CtrlConferences->afficherPresentations()
15 SYSTEMPATH\CodeIgniter.php(502): CodeIgniter\CodeIgniter->runController(Object(App\Controllers\CtrlConferences))
16 SYSTEMPATH\CodeIgniter.php(361): CodeIgniter\CodeIgniter->handleRequest(null, Object(Config\Cache), false)
17 FCPATH\index.php(79): CodeIgniter\CodeIgniter->run()
CRITICAL - 2024-02-11 14:56:31 --> ErrorException: ini_set(): Session ini settings cannot be changed when a session is active
in SYSTEMPATH\Session\Handlers\FileHandler.php on line 72.
 1 [internal function]: CodeIgniter\Debug\Exceptions->errorHandler(2, 'ini_set(): Session ini settings cannot be changed when a session is active', 'C:\\wamp64\\www\\Sites\\GSB3\\system\\Session\\Handlers\\FileHandler.php', 72)
 2 SYSTEMPATH\Session\Handlers\FileHandler.php(72): ini_set('session.save_path', 'C:\\wamp64\\www\\Sites\\GSB3\\writable\\session')
 3 SYSTEMPATH\Config\Services.php(686): CodeIgniter\Session\Handlers\FileHandler->__construct(Object(Config\Session), '127.0.0.1')
 4 SYSTEMPATH\Config\BaseService.php(258): CodeIgniter\Config\Services::session(Object(Config\Session), false)
 5 SYSTEMPATH\Config\BaseService.php(199): CodeIgniter\Config\BaseService::__callStatic('session', [...])
 6 SYSTEMPATH\Config\Services.php(664): CodeIgniter\Config\BaseService::getSharedInstance('session', null)
 7 SYSTEMPATH\Config\BaseService.php(258): CodeIgniter\Config\Services::session()
 8 SYSTEMPATH\Common.php(982): CodeIgniter\Config\BaseService::__callStatic('session', [])
 9 APPPATH\Views\vue_navigation.php(12): session()
10 SYSTEMPATH\View\View.php(228): include('C:\\wamp64\\www\\Sites\\GSB3\\app\\Views\\vue_navigation.php')
11 SYSTEMPATH\View\View.php(231): CodeIgniter\View\View->CodeIgniter\View\{closure}()
12 SYSTEMPATH\Common.php(1178): CodeIgniter\View\View->render('vue_navigation', [], true)
13 APPPATH\Controllers\CtrlConferences.php(18): view('vue_navigation')
14 SYSTEMPATH\CodeIgniter.php(941): App\Controllers\CtrlConferences->afficherPresentations()
15 SYSTEMPATH\CodeIgniter.php(502): CodeIgniter\CodeIgniter->runController(Object(App\Controllers\CtrlConferences))
16 SYSTEMPATH\CodeIgniter.php(361): CodeIgniter\CodeIgniter->handleRequest(null, Object(Config\Cache), false)
17 FCPATH\index.php(79): CodeIgniter\CodeIgniter->run()
CRITICAL - 2024-02-11 14:56:31 --> ErrorException: ini_set(): Session ini settings cannot be changed when a session is active
in SYSTEMPATH\Session\Handlers\FileHandler.php on line 72.
 1 [internal function]: CodeIgniter\Debug\Exceptions->errorHandler(2, 'ini_set(): Session ini settings cannot be changed when a session is active', 'C:\\wamp64\\www\\Sites\\GSB3\\system\\Session\\Handlers\\FileHandler.php', 72)
 2 SYSTEMPATH\Session\Handlers\FileHandler.php(72): ini_set('session.save_path', 'C:\\wamp64\\www\\Sites\\GSB3\\writable\\session')
 3 SYSTEMPATH\Config\Services.php(686): CodeIgniter\Session\Handlers\FileHandler->__construct(Object(Config\Session), '127.0.0.1')
 4 SYSTEMPATH\Config\BaseService.php(258): CodeIgniter\Config\Services::session(Object(Config\Session), false)
 5 SYSTEMPATH\Config\BaseService.php(199): CodeIgniter\Config\BaseService::__callStatic('session', [...])
 6 SYSTEMPATH\Config\Services.php(664): CodeIgniter\Config\BaseService::getSharedInstance('session', null)
 7 SYSTEMPATH\Config\BaseService.php(258): CodeIgniter\Config\Services::session()
 8 SYSTEMPATH\Common.php(982): CodeIgniter\Config\BaseService::__callStatic('session', [])
 9 APPPATH\Views\vue_navigation.php(12): session()
10 SYSTEMPATH\View\View.php(228): include('C:\\wamp64\\www\\Sites\\GSB3\\app\\Views\\vue_navigation.php')
11 SYSTEMPATH\View\View.php(231): CodeIgniter\View\View->CodeIgniter\View\{closure}()
12 SYSTEMPATH\Common.php(1178): CodeIgniter\View\View->render('vue_navigation', [], true)
13 APPPATH\Controllers\CtrlConferences.php(18): view('vue_navigation')
14 SYSTEMPATH\CodeIgniter.php(941): App\Controllers\CtrlConferences->afficherPresentations()
15 SYSTEMPATH\CodeIgniter.php(502): CodeIgniter\CodeIgniter->runController(Object(App\Controllers\CtrlConferences))
16 SYSTEMPATH\CodeIgniter.php(361): CodeIgniter\CodeIgniter->handleRequest(null, Object(Config\Cache), false)
17 FCPATH\index.php(79): CodeIgniter\CodeIgniter->run()
CRITICAL - 2024-02-11 14:56:31 --> ErrorException: ini_set(): Session ini settings cannot be changed when a session is active
in SYSTEMPATH\Session\Handlers\FileHandler.php on line 72.
 1 [internal function]: CodeIgniter\Debug\Exceptions->errorHandler(2, 'ini_set(): Session ini settings cannot be changed when a session is active', 'C:\\wamp64\\www\\Sites\\GSB3\\system\\Session\\Handlers\\FileHandler.php', 72)
 2 SYSTEMPATH\Session\Handlers\FileHandler.php(72): ini_set('session.save_path', 'C:\\wamp64\\www\\Sites\\GSB3\\writable\\session')
 3 SYSTEMPATH\Config\Services.php(686): CodeIgniter\Session\Handlers\FileHandler->__construct(Object(Config\Session), '127.0.0.1')
 4 SYSTEMPATH\Config\BaseService.php(258): CodeIgniter\Config\Services::session(Object(Config\Session), false)
 5 SYSTEMPATH\Config\BaseService.php(199): CodeIgniter\Config\BaseService::__callStatic('session', [...])
 6 SYSTEMPATH\Config\Services.php(664): CodeIgniter\Config\BaseService::getSharedInstance('session', null)
 7 SYSTEMPATH\Config\BaseService.php(258): CodeIgniter\Config\Services::session()
 8 SYSTEMPATH\Common.php(982): CodeIgniter\Config\BaseService::__callStatic('session', [])
 9 APPPATH\Views\vue_navigation.php(12): session()
10 SYSTEMPATH\View\View.php(228): include('C:\\wamp64\\www\\Sites\\GSB3\\app\\Views\\vue_navigation.php')
11 SYSTEMPATH\View\View.php(231): CodeIgniter\View\View->CodeIgniter\View\{closure}()
12 SYSTEMPATH\Common.php(1178): CodeIgniter\View\View->render('vue_navigation', [], true)
13 APPPATH\Controllers\CtrlConferences.php(18): view('vue_navigation')
14 SYSTEMPATH\CodeIgniter.php(941): App\Controllers\CtrlConferences->afficherPresentations()
15 SYSTEMPATH\CodeIgniter.php(502): CodeIgniter\CodeIgniter->runController(Object(App\Controllers\CtrlConferences))
16 SYSTEMPATH\CodeIgniter.php(361): CodeIgniter\CodeIgniter->handleRequest(null, Object(Config\Cache), false)
17 FCPATH\index.php(79): CodeIgniter\CodeIgniter->run()
CRITICAL - 2024-02-11 14:56:42 --> ErrorException: Undefined global variable $_SESSION
in APPPATH\Controllers\CtrlConferences.php on line 10.
 1 APPPATH\Controllers\CtrlConferences.php(10): CodeIgniter\Debug\Exceptions->errorHandler(2, 'Undefined global variable $_SESSION', 'C:\\wamp64\\www\\Sites\\GSB3\\app\\Controllers\\CtrlConferences.php', 10)
 2 SYSTEMPATH\CodeIgniter.php(941): App\Controllers\CtrlConferences->afficherPresentations()
 3 SYSTEMPATH\CodeIgniter.php(502): CodeIgniter\CodeIgniter->runController(Object(App\Controllers\CtrlConferences))
 4 SYSTEMPATH\CodeIgniter.php(361): CodeIgniter\CodeIgniter->handleRequest(null, Object(Config\Cache), false)
 5 FCPATH\index.php(79): CodeIgniter\CodeIgniter->run()
CRITICAL - 2024-02-11 14:56:43 --> ErrorException: Undefined global variable $_SESSION
in APPPATH\Controllers\CtrlConferences.php on line 10.
 1 APPPATH\Controllers\CtrlConferences.php(10): CodeIgniter\Debug\Exceptions->errorHandler(2, 'Undefined global variable $_SESSION', 'C:\\wamp64\\www\\Sites\\GSB3\\app\\Controllers\\CtrlConferences.php', 10)
 2 SYSTEMPATH\CodeIgniter.php(941): App\Controllers\CtrlConferences->afficherPresentations()
 3 SYSTEMPATH\CodeIgniter.php(502): CodeIgniter\CodeIgniter->runController(Object(App\Controllers\CtrlConferences))
 4 SYSTEMPATH\CodeIgniter.php(361): CodeIgniter\CodeIgniter->handleRequest(null, Object(Config\Cache), false)
 5 FCPATH\index.php(79): CodeIgniter\CodeIgniter->run()
CRITICAL - 2024-02-11 14:56:43 --> ErrorException: Undefined global variable $_SESSION
in APPPATH\Controllers\CtrlConferences.php on line 10.
 1 APPPATH\Controllers\CtrlConferences.php(10): CodeIgniter\Debug\Exceptions->errorHandler(2, 'Undefined global variable $_SESSION', 'C:\\wamp64\\www\\Sites\\GSB3\\app\\Controllers\\CtrlConferences.php', 10)
 2 SYSTEMPATH\CodeIgniter.php(941): App\Controllers\CtrlConferences->afficherPresentations()
 3 SYSTEMPATH\CodeIgniter.php(502): CodeIgniter\CodeIgniter->runController(Object(App\Controllers\CtrlConferences))
 4 SYSTEMPATH\CodeIgniter.php(361): CodeIgniter\CodeIgniter->handleRequest(null, Object(Config\Cache), false)
 5 FCPATH\index.php(79): CodeIgniter\CodeIgniter->run()
CRITICAL - 2024-02-11 15:03:33 --> BadMethodCallException: Call to undefined method App\Models\ModelePresentation::bdd
in SYSTEMPATH\Model.php on line 874.
 1 APPPATH\Models\ModelePresentation.php(21): CodeIgniter\Model->__call('bdd', [])
 2 APPPATH\Controllers\CtrlConferences.php(23): App\Models\ModelePresentation->getLesPresentationsReserver('c3')
 3 SYSTEMPATH\CodeIgniter.php(941): App\Controllers\CtrlConferences->afficherPresentationsReserver()
 4 SYSTEMPATH\CodeIgniter.php(502): CodeIgniter\CodeIgniter->runController(Object(App\Controllers\CtrlConferences))
 5 SYSTEMPATH\CodeIgniter.php(361): CodeIgniter\CodeIgniter->handleRequest(null, Object(Config\Cache), false)
 6 FCPATH\index.php(79): CodeIgniter\CodeIgniter->run()
CRITICAL - 2024-02-11 15:05:27 --> BadMethodCallException: Call to undefined method App\Models\ModelePresentation::bdd
in SYSTEMPATH\Model.php on line 874.
 1 APPPATH\Models\ModelePresentation.php(21): CodeIgniter\Model->__call('bdd', [])
 2 APPPATH\Controllers\CtrlConferences.php(23): App\Models\ModelePresentation->getLesPresentationsReserver('c3')
 3 SYSTEMPATH\CodeIgniter.php(941): App\Controllers\CtrlConferences->afficherPresentationsReserver()
 4 SYSTEMPATH\CodeIgniter.php(502): CodeIgniter\CodeIgniter->runController(Object(App\Controllers\CtrlConferences))
 5 SYSTEMPATH\CodeIgniter.php(361): CodeIgniter\CodeIgniter->handleRequest(null, Object(Config\Cache), false)
 6 FCPATH\index.php(79): CodeIgniter\CodeIgniter->run()
CRITICAL - 2024-02-11 15:05:28 --> BadMethodCallException: Call to undefined method App\Models\ModelePresentation::bdd
in SYSTEMPATH\Model.php on line 874.
 1 APPPATH\Models\ModelePresentation.php(21): CodeIgniter\Model->__call('bdd', [])
 2 APPPATH\Controllers\CtrlConferences.php(23): App\Models\ModelePresentation->getLesPresentationsReserver('c3')
 3 SYSTEMPATH\CodeIgniter.php(941): App\Controllers\CtrlConferences->afficherPresentationsReserver()
 4 SYSTEMPATH\CodeIgniter.php(502): CodeIgniter\CodeIgniter->runController(Object(App\Controllers\CtrlConferences))
 5 SYSTEMPATH\CodeIgniter.php(361): CodeIgniter\CodeIgniter->handleRequest(null, Object(Config\Cache), false)
 6 FCPATH\index.php(79): CodeIgniter\CodeIgniter->run()
CRITICAL - 2024-02-11 15:05:28 --> BadMethodCallException: Call to undefined method App\Models\ModelePresentation::bdd
in SYSTEMPATH\Model.php on line 874.
 1 APPPATH\Models\ModelePresentation.php(21): CodeIgniter\Model->__call('bdd', [])
 2 APPPATH\Controllers\CtrlConferences.php(23): App\Models\ModelePresentation->getLesPresentationsReserver('c3')
 3 SYSTEMPATH\CodeIgniter.php(941): App\Controllers\CtrlConferences->afficherPresentationsReserver()
 4 SYSTEMPATH\CodeIgniter.php(502): CodeIgniter\CodeIgniter->runController(Object(App\Controllers\CtrlConferences))
 5 SYSTEMPATH\CodeIgniter.php(361): CodeIgniter\CodeIgniter->handleRequest(null, Object(Config\Cache), false)
 6 FCPATH\index.php(79): CodeIgniter\CodeIgniter->run()
CRITICAL - 2024-02-11 15:05:29 --> BadMethodCallException: Call to undefined method App\Models\ModelePresentation::bdd
in SYSTEMPATH\Model.php on line 874.
 1 APPPATH\Models\ModelePresentation.php(21): CodeIgniter\Model->__call('bdd', [])
 2 APPPATH\Controllers\CtrlConferences.php(23): App\Models\ModelePresentation->getLesPresentationsReserver('c3')
 3 SYSTEMPATH\CodeIgniter.php(941): App\Controllers\CtrlConferences->afficherPresentationsReserver()
 4 SYSTEMPATH\CodeIgniter.php(502): CodeIgniter\CodeIgniter->runController(Object(App\Controllers\CtrlConferences))
 5 SYSTEMPATH\CodeIgniter.php(361): CodeIgniter\CodeIgniter->handleRequest(null, Object(Config\Cache), false)
 6 FCPATH\index.php(79): CodeIgniter\CodeIgniter->run()
CRITICAL - 2024-02-11 15:05:33 --> BadMethodCallException: Call to undefined method App\Models\ModelePresentation::bdd
in SYSTEMPATH\Model.php on line 874.
 1 APPPATH\Models\ModelePresentation.php(21): CodeIgniter\Model->__call('bdd', [])
 2 APPPATH\Controllers\CtrlConferences.php(23): App\Models\ModelePresentation->getLesPresentationsReserver('c3')
 3 SYSTEMPATH\CodeIgniter.php(941): App\Controllers\CtrlConferences->afficherPresentationsReserver()
 4 SYSTEMPATH\CodeIgniter.php(502): CodeIgniter\CodeIgniter->runController(Object(App\Controllers\CtrlConferences))
 5 SYSTEMPATH\CodeIgniter.php(361): CodeIgniter\CodeIgniter->handleRequest(null, Object(Config\Cache), false)
 6 FCPATH\index.php(79): CodeIgniter\CodeIgniter->run()
ERROR - 2024-02-11 15:06:28 --> mysqli_sql_exception: Champ 'id_salle' inconnu dans field list in C:\wamp64\www\Sites\GSB3\system\Database\MySQLi\Connection.php:306
Stack trace:
#0 C:\wamp64\www\Sites\GSB3\system\Database\MySQLi\Connection.php(306): mysqli->query('SELECT `theme`,...', 0)
#1 C:\wamp64\www\Sites\GSB3\system\Database\BaseConnection.php(693): CodeIgniter\Database\MySQLi\Connection->execute('SELECT `theme`,...')
#2 C:\wamp64\www\Sites\GSB3\system\Database\BaseConnection.php(607): CodeIgniter\Database\BaseConnection->simpleQuery('SELECT `theme`,...')
#3 C:\wamp64\www\Sites\GSB3\system\Database\BaseBuilder.php(1613): CodeIgniter\Database\BaseConnection->query('SELECT `theme`,...', Array, false)
#4 C:\wamp64\www\Sites\GSB3\app\Models\ModelePresentation.php(36): CodeIgniter\Database\BaseBuilder->get()
#5 C:\wamp64\www\Sites\GSB3\app\Controllers\CtrlConferences.php(23): App\Models\ModelePresentation->getLesPresentationsReserver('c3')
#6 C:\wamp64\www\Sites\GSB3\system\CodeIgniter.php(941): App\Controllers\CtrlConferences->afficherPresentationsReserver()
#7 C:\wamp64\www\Sites\GSB3\system\CodeIgniter.php(502): CodeIgniter\CodeIgniter->runController(Object(App\Controllers\CtrlConferences))
#8 C:\wamp64\www\Sites\GSB3\system\CodeIgniter.php(361): CodeIgniter\CodeIgniter->handleRequest(NULL, Object(Config\Cache), false)
#9 C:\wamp64\www\Sites\GSB3\public\index.php(79): CodeIgniter\CodeIgniter->run()
#10 {main}
CRITICAL - 2024-02-11 15:06:28 --> CodeIgniter\Database\Exceptions\DatabaseException: Champ 'id_salle' inconnu dans field list
in SYSTEMPATH\Database\BaseConnection.php on line 647.
 1 SYSTEMPATH\Database\BaseBuilder.php(1613): CodeIgniter\Database\BaseConnection->query('SELECT `theme`, `id_presentation`, `datee`, `nbPersonneInscrite`, `horaire`, `dureePrevue`, `id_salle`
FROM `reserver`
JOIN `visiteur` ON `visiteur`.`id` = `reserver`.`id_visiteur`
JOIN `presentation` ON `presentation`.`id` = `reserver`.`id_presentation`
JOIN `conference` ON `conference`.`id` = `presentation`.`id_conference`
WHERE `id_visiteur` = :id_visiteur:
AND `est_present` = :est_present:', [...], false)
 2 APPPATH\Models\ModelePresentation.php(36): CodeIgniter\Database\BaseBuilder->get()
 3 APPPATH\Controllers\CtrlConferences.php(23): App\Models\ModelePresentation->getLesPresentationsReserver('c3')
 4 SYSTEMPATH\CodeIgniter.php(941): App\Controllers\CtrlConferences->afficherPresentationsReserver()
 5 SYSTEMPATH\CodeIgniter.php(502): CodeIgniter\CodeIgniter->runController(Object(App\Controllers\CtrlConferences))
 6 SYSTEMPATH\CodeIgniter.php(361): CodeIgniter\CodeIgniter->handleRequest(null, Object(Config\Cache), false)
 7 FCPATH\index.php(79): CodeIgniter\CodeIgniter->run()
CRITICAL - 2024-02-11 15:06:28 --> [Caused by] CodeIgniter\Database\Exceptions\DatabaseException: Champ 'id_salle' inconnu dans field list
in SYSTEMPATH\Database\MySQLi\Connection.php on line 311.
 1 SYSTEMPATH\Database\BaseConnection.php(693): CodeIgniter\Database\MySQLi\Connection->execute('SELECT `theme`, `id_presentation`, `datee`, `nbPersonneInscrite`, `horaire`, `dureePrevue`, `id_salle`
FROM `reserver`
JOIN `visiteur` ON `visiteur`.`id` = `reserver`.`id_visiteur`
JOIN `presentation` ON `presentation`.`id` = `reserver`.`id_presentation`
JOIN `conference` ON `conference`.`id` = `presentation`.`id_conference`
WHERE `id_visiteur` = \'c3\'
AND `est_present` = 0')
 2 SYSTEMPATH\Database\BaseConnection.php(607): CodeIgniter\Database\BaseConnection->simpleQuery('SELECT `theme`, `id_presentation`, `datee`, `nbPersonneInscrite`, `horaire`, `dureePrevue`, `id_salle`
FROM `reserver`
JOIN `visiteur` ON `visiteur`.`id` = `reserver`.`id_visiteur`
JOIN `presentation` ON `presentation`.`id` = `reserver`.`id_presentation`
JOIN `conference` ON `conference`.`id` = `presentation`.`id_conference`
WHERE `id_visiteur` = \'c3\'
AND `est_present` = 0')
 3 SYSTEMPATH\Database\BaseBuilder.php(1613): CodeIgniter\Database\BaseConnection->query('SELECT `theme`, `id_presentation`, `datee`, `nbPersonneInscrite`, `horaire`, `dureePrevue`, `id_salle`
FROM `reserver`
JOIN `visiteur` ON `visiteur`.`id` = `reserver`.`id_visiteur`
JOIN `presentation` ON `presentation`.`id` = `reserver`.`id_presentation`
JOIN `conference` ON `conference`.`id` = `presentation`.`id_conference`
WHERE `id_visiteur` = :id_visiteur:
AND `est_present` = :est_present:', [...], false)
 4 APPPATH\Models\ModelePresentation.php(36): CodeIgniter\Database\BaseBuilder->get()
 5 APPPATH\Controllers\CtrlConferences.php(23): App\Models\ModelePresentation->getLesPresentationsReserver('c3')
 6 SYSTEMPATH\CodeIgniter.php(941): App\Controllers\CtrlConferences->afficherPresentationsReserver()
 7 SYSTEMPATH\CodeIgniter.php(502): CodeIgniter\CodeIgniter->runController(Object(App\Controllers\CtrlConferences))
 8 SYSTEMPATH\CodeIgniter.php(361): CodeIgniter\CodeIgniter->handleRequest(null, Object(Config\Cache), false)
 9 FCPATH\index.php(79): CodeIgniter\CodeIgniter->run()
CRITICAL - 2024-02-11 15:06:28 --> [Caused by] mysqli_sql_exception: Champ 'id_salle' inconnu dans field list
in SYSTEMPATH\Database\MySQLi\Connection.php on line 306.
 1 SYSTEMPATH\Database\MySQLi\Connection.php(306): mysqli->query('SELECT `theme`, `id_presentation`, `datee`, `nbPersonneInscrite`, `horaire`, `dureePrevue`, `id_salle`
FROM `reserver`
JOIN `visiteur` ON `visiteur`.`id` = `reserver`.`id_visiteur`
JOIN `presentation` ON `presentation`.`id` = `reserver`.`id_presentation`
JOIN `conference` ON `conference`.`id` = `presentation`.`id_conference`
WHERE `id_visiteur` = \'c3\'
AND `est_present` = 0', 0)
 2 SYSTEMPATH\Database\BaseConnection.php(693): CodeIgniter\Database\MySQLi\Connection->execute('SELECT `theme`, `id_presentation`, `datee`, `nbPersonneInscrite`, `horaire`, `dureePrevue`, `id_salle`
FROM `reserver`
JOIN `visiteur` ON `visiteur`.`id` = `reserver`.`id_visiteur`
JOIN `presentation` ON `presentation`.`id` = `reserver`.`id_presentation`
JOIN `conference` ON `conference`.`id` = `presentation`.`id_conference`
WHERE `id_visiteur` = \'c3\'
AND `est_present` = 0')
 3 SYSTEMPATH\Database\BaseConnection.php(607): CodeIgniter\Database\BaseConnection->simpleQuery('SELECT `theme`, `id_presentation`, `datee`, `nbPersonneInscrite`, `horaire`, `dureePrevue`, `id_salle`
FROM `reserver`
JOIN `visiteur` ON `visiteur`.`id` = `reserver`.`id_visiteur`
JOIN `presentation` ON `presentation`.`id` = `reserver`.`id_presentation`
JOIN `conference` ON `conference`.`id` = `presentation`.`id_conference`
WHERE `id_visiteur` = \'c3\'
AND `est_present` = 0')
 4 SYSTEMPATH\Database\BaseBuilder.php(1613): CodeIgniter\Database\BaseConnection->query('SELECT `theme`, `id_presentation`, `datee`, `nbPersonneInscrite`, `horaire`, `dureePrevue`, `id_salle`
FROM `reserver`
JOIN `visiteur` ON `visiteur`.`id` = `reserver`.`id_visiteur`
JOIN `presentation` ON `presentation`.`id` = `reserver`.`id_presentation`
JOIN `conference` ON `conference`.`id` = `presentation`.`id_conference`
WHERE `id_visiteur` = :id_visiteur:
AND `est_present` = :est_present:', [...], false)
 5 APPPATH\Models\ModelePresentation.php(36): CodeIgniter\Database\BaseBuilder->get()
 6 APPPATH\Controllers\CtrlConferences.php(23): App\Models\ModelePresentation->getLesPresentationsReserver('c3')
 7 SYSTEMPATH\CodeIgniter.php(941): App\Controllers\CtrlConferences->afficherPresentationsReserver()
 8 SYSTEMPATH\CodeIgniter.php(502): CodeIgniter\CodeIgniter->runController(Object(App\Controllers\CtrlConferences))
 9 SYSTEMPATH\CodeIgniter.php(361): CodeIgniter\CodeIgniter->handleRequest(null, Object(Config\Cache), false)
10 FCPATH\index.php(79): CodeIgniter\CodeIgniter->run()
ERROR - 2024-02-11 15:06:52 --> mysqli_sql_exception: Champ 'presentation.id_conference' inconnu dans on clause in C:\wamp64\www\Sites\GSB3\system\Database\MySQLi\Connection.php:306
Stack trace:
#0 C:\wamp64\www\Sites\GSB3\system\Database\MySQLi\Connection.php(306): mysqli->query('SELECT `theme`,...', 0)
#1 C:\wamp64\www\Sites\GSB3\system\Database\BaseConnection.php(693): CodeIgniter\Database\MySQLi\Connection->execute('SELECT `theme`,...')
#2 C:\wamp64\www\Sites\GSB3\system\Database\BaseConnection.php(607): CodeIgniter\Database\BaseConnection->simpleQuery('SELECT `theme`,...')
#3 C:\wamp64\www\Sites\GSB3\system\Database\BaseBuilder.php(1613): CodeIgniter\Database\BaseConnection->query('SELECT `theme`,...', Array, false)
#4 C:\wamp64\www\Sites\GSB3\app\Models\ModelePresentation.php(36): CodeIgniter\Database\BaseBuilder->get()
#5 C:\wamp64\www\Sites\GSB3\app\Controllers\CtrlConferences.php(23): App\Models\ModelePresentation->getLesPresentationsReserver('c3')
#6 C:\wamp64\www\Sites\GSB3\system\CodeIgniter.php(941): App\Controllers\CtrlConferences->afficherPresentationsReserver()
#7 C:\wamp64\www\Sites\GSB3\system\CodeIgniter.php(502): CodeIgniter\CodeIgniter->runController(Object(App\Controllers\CtrlConferences))
#8 C:\wamp64\www\Sites\GSB3\system\CodeIgniter.php(361): CodeIgniter\CodeIgniter->handleRequest(NULL, Object(Config\Cache), false)
#9 C:\wamp64\www\Sites\GSB3\public\index.php(79): CodeIgniter\CodeIgniter->run()
#10 {main}
CRITICAL - 2024-02-11 15:06:52 --> CodeIgniter\Database\Exceptions\DatabaseException: Champ 'presentation.id_conference' inconnu dans on clause
in SYSTEMPATH\Database\BaseConnection.php on line 647.
 1 SYSTEMPATH\Database\BaseBuilder.php(1613): CodeIgniter\Database\BaseConnection->query('SELECT `theme`, `id_presentation`, `datee`, `nbPersonneInscrite`, `horaire`, `dureePrevue`, `salle_id`
FROM `reserver`
JOIN `visiteur` ON `visiteur`.`id` = `reserver`.`id_visiteur`
JOIN `presentation` ON `presentation`.`id` = `reserver`.`id_presentation`
JOIN `conference` ON `conference`.`id` = `presentation`.`id_conference`
WHERE `id_visiteur` = :id_visiteur:
AND `est_present` = :est_present:', [...], false)
 2 APPPATH\Models\ModelePresentation.php(36): CodeIgniter\Database\BaseBuilder->get()
 3 APPPATH\Controllers\CtrlConferences.php(23): App\Models\ModelePresentation->getLesPresentationsReserver('c3')
 4 SYSTEMPATH\CodeIgniter.php(941): App\Controllers\CtrlConferences->afficherPresentationsReserver()
 5 SYSTEMPATH\CodeIgniter.php(502): CodeIgniter\CodeIgniter->runController(Object(App\Controllers\CtrlConferences))
 6 SYSTEMPATH\CodeIgniter.php(361): CodeIgniter\CodeIgniter->handleRequest(null, Object(Config\Cache), false)
 7 FCPATH\index.php(79): CodeIgniter\CodeIgniter->run()
CRITICAL - 2024-02-11 15:06:52 --> [Caused by] CodeIgniter\Database\Exceptions\DatabaseException: Champ 'presentation.id_conference' inconnu dans on clause
in SYSTEMPATH\Database\MySQLi\Connection.php on line 311.
 1 SYSTEMPATH\Database\BaseConnection.php(693): CodeIgniter\Database\MySQLi\Connection->execute('SELECT `theme`, `id_presentation`, `datee`, `nbPersonneInscrite`, `horaire`, `dureePrevue`, `salle_id`
FROM `reserver`
JOIN `visiteur` ON `visiteur`.`id` = `reserver`.`id_visiteur`
JOIN `presentation` ON `presentation`.`id` = `reserver`.`id_presentation`
JOIN `conference` ON `conference`.`id` = `presentation`.`id_conference`
WHERE `id_visiteur` = \'c3\'
AND `est_present` = 0')
 2 SYSTEMPATH\Database\BaseConnection.php(607): CodeIgniter\Database\BaseConnection->simpleQuery('SELECT `theme`, `id_presentation`, `datee`, `nbPersonneInscrite`, `horaire`, `dureePrevue`, `salle_id`
FROM `reserver`
JOIN `visiteur` ON `visiteur`.`id` = `reserver`.`id_visiteur`
JOIN `presentation` ON `presentation`.`id` = `reserver`.`id_presentation`
JOIN `conference` ON `conference`.`id` = `presentation`.`id_conference`
WHERE `id_visiteur` = \'c3\'
AND `est_present` = 0')
 3 SYSTEMPATH\Database\BaseBuilder.php(1613): CodeIgniter\Database\BaseConnection->query('SELECT `theme`, `id_presentation`, `datee`, `nbPersonneInscrite`, `horaire`, `dureePrevue`, `salle_id`
FROM `reserver`
JOIN `visiteur` ON `visiteur`.`id` = `reserver`.`id_visiteur`
JOIN `presentation` ON `presentation`.`id` = `reserver`.`id_presentation`
JOIN `conference` ON `conference`.`id` = `presentation`.`id_conference`
WHERE `id_visiteur` = :id_visiteur:
AND `est_present` = :est_present:', [...], false)
 4 APPPATH\Models\ModelePresentation.php(36): CodeIgniter\Database\BaseBuilder->get()
 5 APPPATH\Controllers\CtrlConferences.php(23): App\Models\ModelePresentation->getLesPresentationsReserver('c3')
 6 SYSTEMPATH\CodeIgniter.php(941): App\Controllers\CtrlConferences->afficherPresentationsReserver()
 7 SYSTEMPATH\CodeIgniter.php(502): CodeIgniter\CodeIgniter->runController(Object(App\Controllers\CtrlConferences))
 8 SYSTEMPATH\CodeIgniter.php(361): CodeIgniter\CodeIgniter->handleRequest(null, Object(Config\Cache), false)
 9 FCPATH\index.php(79): CodeIgniter\CodeIgniter->run()
CRITICAL - 2024-02-11 15:06:52 --> [Caused by] mysqli_sql_exception: Champ 'presentation.id_conference' inconnu dans on clause
in SYSTEMPATH\Database\MySQLi\Connection.php on line 306.
 1 SYSTEMPATH\Database\MySQLi\Connection.php(306): mysqli->query('SELECT `theme`, `id_presentation`, `datee`, `nbPersonneInscrite`, `horaire`, `dureePrevue`, `salle_id`
FROM `reserver`
JOIN `visiteur` ON `visiteur`.`id` = `reserver`.`id_visiteur`
JOIN `presentation` ON `presentation`.`id` = `reserver`.`id_presentation`
JOIN `conference` ON `conference`.`id` = `presentation`.`id_conference`
WHERE `id_visiteur` = \'c3\'
AND `est_present` = 0', 0)
 2 SYSTEMPATH\Database\BaseConnection.php(693): CodeIgniter\Database\MySQLi\Connection->execute('SELECT `theme`, `id_presentation`, `datee`, `nbPersonneInscrite`, `horaire`, `dureePrevue`, `salle_id`
FROM `reserver`
JOIN `visiteur` ON `visiteur`.`id` = `reserver`.`id_visiteur`
JOIN `presentation` ON `presentation`.`id` = `reserver`.`id_presentation`
JOIN `conference` ON `conference`.`id` = `presentation`.`id_conference`
WHERE `id_visiteur` = \'c3\'
AND `est_present` = 0')
 3 SYSTEMPATH\Database\BaseConnection.php(607): CodeIgniter\Database\BaseConnection->simpleQuery('SELECT `theme`, `id_presentation`, `datee`, `nbPersonneInscrite`, `horaire`, `dureePrevue`, `salle_id`
FROM `reserver`
JOIN `visiteur` ON `visiteur`.`id` = `reserver`.`id_visiteur`
JOIN `presentation` ON `presentation`.`id` = `reserver`.`id_presentation`
JOIN `conference` ON `conference`.`id` = `presentation`.`id_conference`
WHERE `id_visiteur` = \'c3\'
AND `est_present` = 0')
 4 SYSTEMPATH\Database\BaseBuilder.php(1613): CodeIgniter\Database\BaseConnection->query('SELECT `theme`, `id_presentation`, `datee`, `nbPersonneInscrite`, `horaire`, `dureePrevue`, `salle_id`
FROM `reserver`
JOIN `visiteur` ON `visiteur`.`id` = `reserver`.`id_visiteur`
JOIN `presentation` ON `presentation`.`id` = `reserver`.`id_presentation`
JOIN `conference` ON `conference`.`id` = `presentation`.`id_conference`
WHERE `id_visiteur` = :id_visiteur:
AND `est_present` = :est_present:', [...], false)
 5 APPPATH\Models\ModelePresentation.php(36): CodeIgniter\Database\BaseBuilder->get()
 6 APPPATH\Controllers\CtrlConferences.php(23): App\Models\ModelePresentation->getLesPresentationsReserver('c3')
 7 SYSTEMPATH\CodeIgniter.php(941): App\Controllers\CtrlConferences->afficherPresentationsReserver()
 8 SYSTEMPATH\CodeIgniter.php(502): CodeIgniter\CodeIgniter->runController(Object(App\Controllers\CtrlConferences))
 9 SYSTEMPATH\CodeIgniter.php(361): CodeIgniter\CodeIgniter->handleRequest(null, Object(Config\Cache), false)
10 FCPATH\index.php(79): CodeIgniter\CodeIgniter->run()
ERROR - 2024-02-11 15:06:53 --> mysqli_sql_exception: Champ 'presentation.id_conference' inconnu dans on clause in C:\wamp64\www\Sites\GSB3\system\Database\MySQLi\Connection.php:306
Stack trace:
#0 C:\wamp64\www\Sites\GSB3\system\Database\MySQLi\Connection.php(306): mysqli->query('SELECT `theme`,...', 0)
#1 C:\wamp64\www\Sites\GSB3\system\Database\BaseConnection.php(693): CodeIgniter\Database\MySQLi\Connection->execute('SELECT `theme`,...')
#2 C:\wamp64\www\Sites\GSB3\system\Database\BaseConnection.php(607): CodeIgniter\Database\BaseConnection->simpleQuery('SELECT `theme`,...')
#3 C:\wamp64\www\Sites\GSB3\system\Database\BaseBuilder.php(1613): CodeIgniter\Database\BaseConnection->query('SELECT `theme`,...', Array, false)
#4 C:\wamp64\www\Sites\GSB3\app\Models\ModelePresentation.php(36): CodeIgniter\Database\BaseBuilder->get()
#5 C:\wamp64\www\Sites\GSB3\app\Controllers\CtrlConferences.php(23): App\Models\ModelePresentation->getLesPresentationsReserver('c3')
#6 C:\wamp64\www\Sites\GSB3\system\CodeIgniter.php(941): App\Controllers\CtrlConferences->afficherPresentationsReserver()
#7 C:\wamp64\www\Sites\GSB3\system\CodeIgniter.php(502): CodeIgniter\CodeIgniter->runController(Object(App\Controllers\CtrlConferences))
#8 C:\wamp64\www\Sites\GSB3\system\CodeIgniter.php(361): CodeIgniter\CodeIgniter->handleRequest(NULL, Object(Config\Cache), false)
#9 C:\wamp64\www\Sites\GSB3\public\index.php(79): CodeIgniter\CodeIgniter->run()
#10 {main}
CRITICAL - 2024-02-11 15:06:53 --> CodeIgniter\Database\Exceptions\DatabaseException: Champ 'presentation.id_conference' inconnu dans on clause
in SYSTEMPATH\Database\BaseConnection.php on line 647.
 1 SYSTEMPATH\Database\BaseBuilder.php(1613): CodeIgniter\Database\BaseConnection->query('SELECT `theme`, `id_presentation`, `datee`, `nbPersonneInscrite`, `horaire`, `dureePrevue`, `salle_id`
FROM `reserver`
JOIN `visiteur` ON `visiteur`.`id` = `reserver`.`id_visiteur`
JOIN `presentation` ON `presentation`.`id` = `reserver`.`id_presentation`
JOIN `conference` ON `conference`.`id` = `presentation`.`id_conference`
WHERE `id_visiteur` = :id_visiteur:
AND `est_present` = :est_present:', [...], false)
 2 APPPATH\Models\ModelePresentation.php(36): CodeIgniter\Database\BaseBuilder->get()
 3 APPPATH\Controllers\CtrlConferences.php(23): App\Models\ModelePresentation->getLesPresentationsReserver('c3')
 4 SYSTEMPATH\CodeIgniter.php(941): App\Controllers\CtrlConferences->afficherPresentationsReserver()
 5 SYSTEMPATH\CodeIgniter.php(502): CodeIgniter\CodeIgniter->runController(Object(App\Controllers\CtrlConferences))
 6 SYSTEMPATH\CodeIgniter.php(361): CodeIgniter\CodeIgniter->handleRequest(null, Object(Config\Cache), false)
 7 FCPATH\index.php(79): CodeIgniter\CodeIgniter->run()
CRITICAL - 2024-02-11 15:06:53 --> [Caused by] CodeIgniter\Database\Exceptions\DatabaseException: Champ 'presentation.id_conference' inconnu dans on clause
in SYSTEMPATH\Database\MySQLi\Connection.php on line 311.
 1 SYSTEMPATH\Database\BaseConnection.php(693): CodeIgniter\Database\MySQLi\Connection->execute('SELECT `theme`, `id_presentation`, `datee`, `nbPersonneInscrite`, `horaire`, `dureePrevue`, `salle_id`
FROM `reserver`
JOIN `visiteur` ON `visiteur`.`id` = `reserver`.`id_visiteur`
JOIN `presentation` ON `presentation`.`id` = `reserver`.`id_presentation`
JOIN `conference` ON `conference`.`id` = `presentation`.`id_conference`
WHERE `id_visiteur` = \'c3\'
AND `est_present` = 0')
 2 SYSTEMPATH\Database\BaseConnection.php(607): CodeIgniter\Database\BaseConnection->simpleQuery('SELECT `theme`, `id_presentation`, `datee`, `nbPersonneInscrite`, `horaire`, `dureePrevue`, `salle_id`
FROM `reserver`
JOIN `visiteur` ON `visiteur`.`id` = `reserver`.`id_visiteur`
JOIN `presentation` ON `presentation`.`id` = `reserver`.`id_presentation`
JOIN `conference` ON `conference`.`id` = `presentation`.`id_conference`
WHERE `id_visiteur` = \'c3\'
AND `est_present` = 0')
 3 SYSTEMPATH\Database\BaseBuilder.php(1613): CodeIgniter\Database\BaseConnection->query('SELECT `theme`, `id_presentation`, `datee`, `nbPersonneInscrite`, `horaire`, `dureePrevue`, `salle_id`
FROM `reserver`
JOIN `visiteur` ON `visiteur`.`id` = `reserver`.`id_visiteur`
JOIN `presentation` ON `presentation`.`id` = `reserver`.`id_presentation`
JOIN `conference` ON `conference`.`id` = `presentation`.`id_conference`
WHERE `id_visiteur` = :id_visiteur:
AND `est_present` = :est_present:', [...], false)
 4 APPPATH\Models\ModelePresentation.php(36): CodeIgniter\Database\BaseBuilder->get()
 5 APPPATH\Controllers\CtrlConferences.php(23): App\Models\ModelePresentation->getLesPresentationsReserver('c3')
 6 SYSTEMPATH\CodeIgniter.php(941): App\Controllers\CtrlConferences->afficherPresentationsReserver()
 7 SYSTEMPATH\CodeIgniter.php(502): CodeIgniter\CodeIgniter->runController(Object(App\Controllers\CtrlConferences))
 8 SYSTEMPATH\CodeIgniter.php(361): CodeIgniter\CodeIgniter->handleRequest(null, Object(Config\Cache), false)
 9 FCPATH\index.php(79): CodeIgniter\CodeIgniter->run()
CRITICAL - 2024-02-11 15:06:53 --> [Caused by] mysqli_sql_exception: Champ 'presentation.id_conference' inconnu dans on clause
in SYSTEMPATH\Database\MySQLi\Connection.php on line 306.
 1 SYSTEMPATH\Database\MySQLi\Connection.php(306): mysqli->query('SELECT `theme`, `id_presentation`, `datee`, `nbPersonneInscrite`, `horaire`, `dureePrevue`, `salle_id`
FROM `reserver`
JOIN `visiteur` ON `visiteur`.`id` = `reserver`.`id_visiteur`
JOIN `presentation` ON `presentation`.`id` = `reserver`.`id_presentation`
JOIN `conference` ON `conference`.`id` = `presentation`.`id_conference`
WHERE `id_visiteur` = \'c3\'
AND `est_present` = 0', 0)
 2 SYSTEMPATH\Database\BaseConnection.php(693): CodeIgniter\Database\MySQLi\Connection->execute('SELECT `theme`, `id_presentation`, `datee`, `nbPersonneInscrite`, `horaire`, `dureePrevue`, `salle_id`
FROM `reserver`
JOIN `visiteur` ON `visiteur`.`id` = `reserver`.`id_visiteur`
JOIN `presentation` ON `presentation`.`id` = `reserver`.`id_presentation`
JOIN `conference` ON `conference`.`id` = `presentation`.`id_conference`
WHERE `id_visiteur` = \'c3\'
AND `est_present` = 0')
 3 SYSTEMPATH\Database\BaseConnection.php(607): CodeIgniter\Database\BaseConnection->simpleQuery('SELECT `theme`, `id_presentation`, `datee`, `nbPersonneInscrite`, `horaire`, `dureePrevue`, `salle_id`
FROM `reserver`
JOIN `visiteur` ON `visiteur`.`id` = `reserver`.`id_visiteur`
JOIN `presentation` ON `presentation`.`id` = `reserver`.`id_presentation`
JOIN `conference` ON `conference`.`id` = `presentation`.`id_conference`
WHERE `id_visiteur` = \'c3\'
AND `est_present` = 0')
 4 SYSTEMPATH\Database\BaseBuilder.php(1613): CodeIgniter\Database\BaseConnection->query('SELECT `theme`, `id_presentation`, `datee`, `nbPersonneInscrite`, `horaire`, `dureePrevue`, `salle_id`
FROM `reserver`
JOIN `visiteur` ON `visiteur`.`id` = `reserver`.`id_visiteur`
JOIN `presentation` ON `presentation`.`id` = `reserver`.`id_presentation`
JOIN `conference` ON `conference`.`id` = `presentation`.`id_conference`
WHERE `id_visiteur` = :id_visiteur:
AND `est_present` = :est_present:', [...], false)
 5 APPPATH\Models\ModelePresentation.php(36): CodeIgniter\Database\BaseBuilder->get()
 6 APPPATH\Controllers\CtrlConferences.php(23): App\Models\ModelePresentation->getLesPresentationsReserver('c3')
 7 SYSTEMPATH\CodeIgniter.php(941): App\Controllers\CtrlConferences->afficherPresentationsReserver()
 8 SYSTEMPATH\CodeIgniter.php(502): CodeIgniter\CodeIgniter->runController(Object(App\Controllers\CtrlConferences))
 9 SYSTEMPATH\CodeIgniter.php(361): CodeIgniter\CodeIgniter->handleRequest(null, Object(Config\Cache), false)
10 FCPATH\index.php(79): CodeIgniter\CodeIgniter->run()
ERROR - 2024-02-11 15:06:53 --> mysqli_sql_exception: Champ 'presentation.id_conference' inconnu dans on clause in C:\wamp64\www\Sites\GSB3\system\Database\MySQLi\Connection.php:306
Stack trace:
#0 C:\wamp64\www\Sites\GSB3\system\Database\MySQLi\Connection.php(306): mysqli->query('SELECT `theme`,...', 0)
#1 C:\wamp64\www\Sites\GSB3\system\Database\BaseConnection.php(693): CodeIgniter\Database\MySQLi\Connection->execute('SELECT `theme`,...')
#2 C:\wamp64\www\Sites\GSB3\system\Database\BaseConnection.php(607): CodeIgniter\Database\BaseConnection->simpleQuery('SELECT `theme`,...')
#3 C:\wamp64\www\Sites\GSB3\system\Database\BaseBuilder.php(1613): CodeIgniter\Database\BaseConnection->query('SELECT `theme`,...', Array, false)
#4 C:\wamp64\www\Sites\GSB3\app\Models\ModelePresentation.php(36): CodeIgniter\Database\BaseBuilder->get()
#5 C:\wamp64\www\Sites\GSB3\app\Controllers\CtrlConferences.php(23): App\Models\ModelePresentation->getLesPresentationsReserver('c3')
#6 C:\wamp64\www\Sites\GSB3\system\CodeIgniter.php(941): App\Controllers\CtrlConferences->afficherPresentationsReserver()
#7 C:\wamp64\www\Sites\GSB3\system\CodeIgniter.php(502): CodeIgniter\CodeIgniter->runController(Object(App\Controllers\CtrlConferences))
#8 C:\wamp64\www\Sites\GSB3\system\CodeIgniter.php(361): CodeIgniter\CodeIgniter->handleRequest(NULL, Object(Config\Cache), false)
#9 C:\wamp64\www\Sites\GSB3\public\index.php(79): CodeIgniter\CodeIgniter->run()
#10 {main}
CRITICAL - 2024-02-11 15:06:53 --> CodeIgniter\Database\Exceptions\DatabaseException: Champ 'presentation.id_conference' inconnu dans on clause
in SYSTEMPATH\Database\BaseConnection.php on line 647.
 1 SYSTEMPATH\Database\BaseBuilder.php(1613): CodeIgniter\Database\BaseConnection->query('SELECT `theme`, `id_presentation`, `datee`, `nbPersonneInscrite`, `horaire`, `dureePrevue`, `salle_id`
FROM `reserver`
JOIN `visiteur` ON `visiteur`.`id` = `reserver`.`id_visiteur`
JOIN `presentation` ON `presentation`.`id` = `reserver`.`id_presentation`
JOIN `conference` ON `conference`.`id` = `presentation`.`id_conference`
WHERE `id_visiteur` = :id_visiteur:
AND `est_present` = :est_present:', [...], false)
 2 APPPATH\Models\ModelePresentation.php(36): CodeIgniter\Database\BaseBuilder->get()
 3 APPPATH\Controllers\CtrlConferences.php(23): App\Models\ModelePresentation->getLesPresentationsReserver('c3')
 4 SYSTEMPATH\CodeIgniter.php(941): App\Controllers\CtrlConferences->afficherPresentationsReserver()
 5 SYSTEMPATH\CodeIgniter.php(502): CodeIgniter\CodeIgniter->runController(Object(App\Controllers\CtrlConferences))
 6 SYSTEMPATH\CodeIgniter.php(361): CodeIgniter\CodeIgniter->handleRequest(null, Object(Config\Cache), false)
 7 FCPATH\index.php(79): CodeIgniter\CodeIgniter->run()
CRITICAL - 2024-02-11 15:06:53 --> [Caused by] CodeIgniter\Database\Exceptions\DatabaseException: Champ 'presentation.id_conference' inconnu dans on clause
in SYSTEMPATH\Database\MySQLi\Connection.php on line 311.
 1 SYSTEMPATH\Database\BaseConnection.php(693): CodeIgniter\Database\MySQLi\Connection->execute('SELECT `theme`, `id_presentation`, `datee`, `nbPersonneInscrite`, `horaire`, `dureePrevue`, `salle_id`
FROM `reserver`
JOIN `visiteur` ON `visiteur`.`id` = `reserver`.`id_visiteur`
JOIN `presentation` ON `presentation`.`id` = `reserver`.`id_presentation`
JOIN `conference` ON `conference`.`id` = `presentation`.`id_conference`
WHERE `id_visiteur` = \'c3\'
AND `est_present` = 0')
 2 SYSTEMPATH\Database\BaseConnection.php(607): CodeIgniter\Database\BaseConnection->simpleQuery('SELECT `theme`, `id_presentation`, `datee`, `nbPersonneInscrite`, `horaire`, `dureePrevue`, `salle_id`
FROM `reserver`
JOIN `visiteur` ON `visiteur`.`id` = `reserver`.`id_visiteur`
JOIN `presentation` ON `presentation`.`id` = `reserver`.`id_presentation`
JOIN `conference` ON `conference`.`id` = `presentation`.`id_conference`
WHERE `id_visiteur` = \'c3\'
AND `est_present` = 0')
 3 SYSTEMPATH\Database\BaseBuilder.php(1613): CodeIgniter\Database\BaseConnection->query('SELECT `theme`, `id_presentation`, `datee`, `nbPersonneInscrite`, `horaire`, `dureePrevue`, `salle_id`
FROM `reserver`
JOIN `visiteur` ON `visiteur`.`id` = `reserver`.`id_visiteur`
JOIN `presentation` ON `presentation`.`id` = `reserver`.`id_presentation`
JOIN `conference` ON `conference`.`id` = `presentation`.`id_conference`
WHERE `id_visiteur` = :id_visiteur:
AND `est_present` = :est_present:', [...], false)
 4 APPPATH\Models\ModelePresentation.php(36): CodeIgniter\Database\BaseBuilder->get()
 5 APPPATH\Controllers\CtrlConferences.php(23): App\Models\ModelePresentation->getLesPresentationsReserver('c3')
 6 SYSTEMPATH\CodeIgniter.php(941): App\Controllers\CtrlConferences->afficherPresentationsReserver()
 7 SYSTEMPATH\CodeIgniter.php(502): CodeIgniter\CodeIgniter->runController(Object(App\Controllers\CtrlConferences))
 8 SYSTEMPATH\CodeIgniter.php(361): CodeIgniter\CodeIgniter->handleRequest(null, Object(Config\Cache), false)
 9 FCPATH\index.php(79): CodeIgniter\CodeIgniter->run()
CRITICAL - 2024-02-11 15:06:53 --> [Caused by] mysqli_sql_exception: Champ 'presentation.id_conference' inconnu dans on clause
in SYSTEMPATH\Database\MySQLi\Connection.php on line 306.
 1 SYSTEMPATH\Database\MySQLi\Connection.php(306): mysqli->query('SELECT `theme`, `id_presentation`, `datee`, `nbPersonneInscrite`, `horaire`, `dureePrevue`, `salle_id`
FROM `reserver`
JOIN `visiteur` ON `visiteur`.`id` = `reserver`.`id_visiteur`
JOIN `presentation` ON `presentation`.`id` = `reserver`.`id_presentation`
JOIN `conference` ON `conference`.`id` = `presentation`.`id_conference`
WHERE `id_visiteur` = \'c3\'
AND `est_present` = 0', 0)
 2 SYSTEMPATH\Database\BaseConnection.php(693): CodeIgniter\Database\MySQLi\Connection->execute('SELECT `theme`, `id_presentation`, `datee`, `nbPersonneInscrite`, `horaire`, `dureePrevue`, `salle_id`
FROM `reserver`
JOIN `visiteur` ON `visiteur`.`id` = `reserver`.`id_visiteur`
JOIN `presentation` ON `presentation`.`id` = `reserver`.`id_presentation`
JOIN `conference` ON `conference`.`id` = `presentation`.`id_conference`
WHERE `id_visiteur` = \'c3\'
AND `est_present` = 0')
 3 SYSTEMPATH\Database\BaseConnection.php(607): CodeIgniter\Database\BaseConnection->simpleQuery('SELECT `theme`, `id_presentation`, `datee`, `nbPersonneInscrite`, `horaire`, `dureePrevue`, `salle_id`
FROM `reserver`
JOIN `visiteur` ON `visiteur`.`id` = `reserver`.`id_visiteur`
JOIN `presentation` ON `presentation`.`id` = `reserver`.`id_presentation`
JOIN `conference` ON `conference`.`id` = `presentation`.`id_conference`
WHERE `id_visiteur` = \'c3\'
AND `est_present` = 0')
 4 SYSTEMPATH\Database\BaseBuilder.php(1613): CodeIgniter\Database\BaseConnection->query('SELECT `theme`, `id_presentation`, `datee`, `nbPersonneInscrite`, `horaire`, `dureePrevue`, `salle_id`
FROM `reserver`
JOIN `visiteur` ON `visiteur`.`id` = `reserver`.`id_visiteur`
JOIN `presentation` ON `presentation`.`id` = `reserver`.`id_presentation`
JOIN `conference` ON `conference`.`id` = `presentation`.`id_conference`
WHERE `id_visiteur` = :id_visiteur:
AND `est_present` = :est_present:', [...], false)
 5 APPPATH\Models\ModelePresentation.php(36): CodeIgniter\Database\BaseBuilder->get()
 6 APPPATH\Controllers\CtrlConferences.php(23): App\Models\ModelePresentation->getLesPresentationsReserver('c3')
 7 SYSTEMPATH\CodeIgniter.php(941): App\Controllers\CtrlConferences->afficherPresentationsReserver()
 8 SYSTEMPATH\CodeIgniter.php(502): CodeIgniter\CodeIgniter->runController(Object(App\Controllers\CtrlConferences))
 9 SYSTEMPATH\CodeIgniter.php(361): CodeIgniter\CodeIgniter->handleRequest(null, Object(Config\Cache), false)
10 FCPATH\index.php(79): CodeIgniter\CodeIgniter->run()
ERROR - 2024-02-11 15:06:54 --> mysqli_sql_exception: Champ 'presentation.id_conference' inconnu dans on clause in C:\wamp64\www\Sites\GSB3\system\Database\MySQLi\Connection.php:306
Stack trace:
#0 C:\wamp64\www\Sites\GSB3\system\Database\MySQLi\Connection.php(306): mysqli->query('SELECT `theme`,...', 0)
#1 C:\wamp64\www\Sites\GSB3\system\Database\BaseConnection.php(693): CodeIgniter\Database\MySQLi\Connection->execute('SELECT `theme`,...')
#2 C:\wamp64\www\Sites\GSB3\system\Database\BaseConnection.php(607): CodeIgniter\Database\BaseConnection->simpleQuery('SELECT `theme`,...')
#3 C:\wamp64\www\Sites\GSB3\system\Database\BaseBuilder.php(1613): CodeIgniter\Database\BaseConnection->query('SELECT `theme`,...', Array, false)
#4 C:\wamp64\www\Sites\GSB3\app\Models\ModelePresentation.php(36): CodeIgniter\Database\BaseBuilder->get()
#5 C:\wamp64\www\Sites\GSB3\app\Controllers\CtrlConferences.php(23): App\Models\ModelePresentation->getLesPresentationsReserver('c3')
#6 C:\wamp64\www\Sites\GSB3\system\CodeIgniter.php(941): App\Controllers\CtrlConferences->afficherPresentationsReserver()
#7 C:\wamp64\www\Sites\GSB3\system\CodeIgniter.php(502): CodeIgniter\CodeIgniter->runController(Object(App\Controllers\CtrlConferences))
#8 C:\wamp64\www\Sites\GSB3\system\CodeIgniter.php(361): CodeIgniter\CodeIgniter->handleRequest(NULL, Object(Config\Cache), false)
#9 C:\wamp64\www\Sites\GSB3\public\index.php(79): CodeIgniter\CodeIgniter->run()
#10 {main}
CRITICAL - 2024-02-11 15:06:54 --> CodeIgniter\Database\Exceptions\DatabaseException: Champ 'presentation.id_conference' inconnu dans on clause
in SYSTEMPATH\Database\BaseConnection.php on line 647.
 1 SYSTEMPATH\Database\BaseBuilder.php(1613): CodeIgniter\Database\BaseConnection->query('SELECT `theme`, `id_presentation`, `datee`, `nbPersonneInscrite`, `horaire`, `dureePrevue`, `salle_id`
FROM `reserver`
JOIN `visiteur` ON `visiteur`.`id` = `reserver`.`id_visiteur`
JOIN `presentation` ON `presentation`.`id` = `reserver`.`id_presentation`
JOIN `conference` ON `conference`.`id` = `presentation`.`id_conference`
WHERE `id_visiteur` = :id_visiteur:
AND `est_present` = :est_present:', [...], false)
 2 APPPATH\Models\ModelePresentation.php(36): CodeIgniter\Database\BaseBuilder->get()
 3 APPPATH\Controllers\CtrlConferences.php(23): App\Models\ModelePresentation->getLesPresentationsReserver('c3')
 4 SYSTEMPATH\CodeIgniter.php(941): App\Controllers\CtrlConferences->afficherPresentationsReserver()
 5 SYSTEMPATH\CodeIgniter.php(502): CodeIgniter\CodeIgniter->runController(Object(App\Controllers\CtrlConferences))
 6 SYSTEMPATH\CodeIgniter.php(361): CodeIgniter\CodeIgniter->handleRequest(null, Object(Config\Cache), false)
 7 FCPATH\index.php(79): CodeIgniter\CodeIgniter->run()
CRITICAL - 2024-02-11 15:06:54 --> [Caused by] CodeIgniter\Database\Exceptions\DatabaseException: Champ 'presentation.id_conference' inconnu dans on clause
in SYSTEMPATH\Database\MySQLi\Connection.php on line 311.
 1 SYSTEMPATH\Database\BaseConnection.php(693): CodeIgniter\Database\MySQLi\Connection->execute('SELECT `theme`, `id_presentation`, `datee`, `nbPersonneInscrite`, `horaire`, `dureePrevue`, `salle_id`
FROM `reserver`
JOIN `visiteur` ON `visiteur`.`id` = `reserver`.`id_visiteur`
JOIN `presentation` ON `presentation`.`id` = `reserver`.`id_presentation`
JOIN `conference` ON `conference`.`id` = `presentation`.`id_conference`
WHERE `id_visiteur` = \'c3\'
AND `est_present` = 0')
 2 SYSTEMPATH\Database\BaseConnection.php(607): CodeIgniter\Database\BaseConnection->simpleQuery('SELECT `theme`, `id_presentation`, `datee`, `nbPersonneInscrite`, `horaire`, `dureePrevue`, `salle_id`
FROM `reserver`
JOIN `visiteur` ON `visiteur`.`id` = `reserver`.`id_visiteur`
JOIN `presentation` ON `presentation`.`id` = `reserver`.`id_presentation`
JOIN `conference` ON `conference`.`id` = `presentation`.`id_conference`
WHERE `id_visiteur` = \'c3\'
AND `est_present` = 0')
 3 SYSTEMPATH\Database\BaseBuilder.php(1613): CodeIgniter\Database\BaseConnection->query('SELECT `theme`, `id_presentation`, `datee`, `nbPersonneInscrite`, `horaire`, `dureePrevue`, `salle_id`
FROM `reserver`
JOIN `visiteur` ON `visiteur`.`id` = `reserver`.`id_visiteur`
JOIN `presentation` ON `presentation`.`id` = `reserver`.`id_presentation`
JOIN `conference` ON `conference`.`id` = `presentation`.`id_conference`
WHERE `id_visiteur` = :id_visiteur:
AND `est_present` = :est_present:', [...], false)
 4 APPPATH\Models\ModelePresentation.php(36): CodeIgniter\Database\BaseBuilder->get()
 5 APPPATH\Controllers\CtrlConferences.php(23): App\Models\ModelePresentation->getLesPresentationsReserver('c3')
 6 SYSTEMPATH\CodeIgniter.php(941): App\Controllers\CtrlConferences->afficherPresentationsReserver()
 7 SYSTEMPATH\CodeIgniter.php(502): CodeIgniter\CodeIgniter->runController(Object(App\Controllers\CtrlConferences))
 8 SYSTEMPATH\CodeIgniter.php(361): CodeIgniter\CodeIgniter->handleRequest(null, Object(Config\Cache), false)
 9 FCPATH\index.php(79): CodeIgniter\CodeIgniter->run()
CRITICAL - 2024-02-11 15:06:54 --> [Caused by] mysqli_sql_exception: Champ 'presentation.id_conference' inconnu dans on clause
in SYSTEMPATH\Database\MySQLi\Connection.php on line 306.
 1 SYSTEMPATH\Database\MySQLi\Connection.php(306): mysqli->query('SELECT `theme`, `id_presentation`, `datee`, `nbPersonneInscrite`, `horaire`, `dureePrevue`, `salle_id`
FROM `reserver`
JOIN `visiteur` ON `visiteur`.`id` = `reserver`.`id_visiteur`
JOIN `presentation` ON `presentation`.`id` = `reserver`.`id_presentation`
JOIN `conference` ON `conference`.`id` = `presentation`.`id_conference`
WHERE `id_visiteur` = \'c3\'
AND `est_present` = 0', 0)
 2 SYSTEMPATH\Database\BaseConnection.php(693): CodeIgniter\Database\MySQLi\Connection->execute('SELECT `theme`, `id_presentation`, `datee`, `nbPersonneInscrite`, `horaire`, `dureePrevue`, `salle_id`
FROM `reserver`
JOIN `visiteur` ON `visiteur`.`id` = `reserver`.`id_visiteur`
JOIN `presentation` ON `presentation`.`id` = `reserver`.`id_presentation`
JOIN `conference` ON `conference`.`id` = `presentation`.`id_conference`
WHERE `id_visiteur` = \'c3\'
AND `est_present` = 0')
 3 SYSTEMPATH\Database\BaseConnection.php(607): CodeIgniter\Database\BaseConnection->simpleQuery('SELECT `theme`, `id_presentation`, `datee`, `nbPersonneInscrite`, `horaire`, `dureePrevue`, `salle_id`
FROM `reserver`
JOIN `visiteur` ON `visiteur`.`id` = `reserver`.`id_visiteur`
JOIN `presentation` ON `presentation`.`id` = `reserver`.`id_presentation`
JOIN `conference` ON `conference`.`id` = `presentation`.`id_conference`
WHERE `id_visiteur` = \'c3\'
AND `est_present` = 0')
 4 SYSTEMPATH\Database\BaseBuilder.php(1613): CodeIgniter\Database\BaseConnection->query('SELECT `theme`, `id_presentation`, `datee`, `nbPersonneInscrite`, `horaire`, `dureePrevue`, `salle_id`
FROM `reserver`
JOIN `visiteur` ON `visiteur`.`id` = `reserver`.`id_visiteur`
JOIN `presentation` ON `presentation`.`id` = `reserver`.`id_presentation`
JOIN `conference` ON `conference`.`id` = `presentation`.`id_conference`
WHERE `id_visiteur` = :id_visiteur:
AND `est_present` = :est_present:', [...], false)
 5 APPPATH\Models\ModelePresentation.php(36): CodeIgniter\Database\BaseBuilder->get()
 6 APPPATH\Controllers\CtrlConferences.php(23): App\Models\ModelePresentation->getLesPresentationsReserver('c3')
 7 SYSTEMPATH\CodeIgniter.php(941): App\Controllers\CtrlConferences->afficherPresentationsReserver()
 8 SYSTEMPATH\CodeIgniter.php(502): CodeIgniter\CodeIgniter->runController(Object(App\Controllers\CtrlConferences))
 9 SYSTEMPATH\CodeIgniter.php(361): CodeIgniter\CodeIgniter->handleRequest(null, Object(Config\Cache), false)
10 FCPATH\index.php(79): CodeIgniter\CodeIgniter->run()
CRITICAL - 2024-02-11 15:07:35 --> ErrorException: Undefined array key "id"
in APPPATH\Views\vue_presentations.php on line 6.
 1 APPPATH\Views\vue_presentations.php(6): CodeIgniter\Debug\Exceptions->errorHandler(2, 'Undefined array key "id"', 'C:\\wamp64\\www\\Sites\\GSB3\\app\\Views\\vue_presentations.php', 6)
 2 SYSTEMPATH\View\View.php(228): include('C:\\wamp64\\www\\Sites\\GSB3\\app\\Views\\vue_presentations.php')
 3 SYSTEMPATH\View\View.php(231): CodeIgniter\View\View->CodeIgniter\View\{closure}()
 4 SYSTEMPATH\Common.php(1178): CodeIgniter\View\View->render('vue_presentations', [], true)
 5 APPPATH\Controllers\CtrlConferences.php(29): view('vue_presentations', [...])
 6 SYSTEMPATH\CodeIgniter.php(941): App\Controllers\CtrlConferences->afficherPresentationsReserver()
 7 SYSTEMPATH\CodeIgniter.php(502): CodeIgniter\CodeIgniter->runController(Object(App\Controllers\CtrlConferences))
 8 SYSTEMPATH\CodeIgniter.php(361): CodeIgniter\CodeIgniter->handleRequest(null, Object(Config\Cache), false)
 9 FCPATH\index.php(79): CodeIgniter\CodeIgniter->run()
ERROR - 2024-02-11 15:07:47 --> mysqli_sql_exception: Duplicata du champ 'c3-7' pour la clef 'reserver.PRIMARY' in C:\wamp64\www\Sites\GSB3\system\Database\MySQLi\Connection.php:306
Stack trace:
#0 C:\wamp64\www\Sites\GSB3\system\Database\MySQLi\Connection.php(306): mysqli->query('INSERT INTO `re...', 0)
#1 C:\wamp64\www\Sites\GSB3\system\Database\BaseConnection.php(693): CodeIgniter\Database\MySQLi\Connection->execute('INSERT INTO `re...')
#2 C:\wamp64\www\Sites\GSB3\system\Database\BaseConnection.php(607): CodeIgniter\Database\BaseConnection->simpleQuery('INSERT INTO `re...')
#3 C:\wamp64\www\Sites\GSB3\system\Database\BaseBuilder.php(2302): CodeIgniter\Database\BaseConnection->query('INSERT INTO `re...', Array, false)
#4 C:\wamp64\www\Sites\GSB3\app\Models\ModelePresentation.php(100): CodeIgniter\Database\BaseBuilder->insert(Array)
#5 C:\wamp64\www\Sites\GSB3\app\Controllers\CtrlConferences.php(48): App\Models\ModelePresentation->inscriptionPresentationPourUnePersonne('7', Array, 'c3', '13')
#6 C:\wamp64\www\Sites\GSB3\system\CodeIgniter.php(941): App\Controllers\CtrlConferences->inscription('7', '13')
#7 C:\wamp64\www\Sites\GSB3\system\CodeIgniter.php(502): CodeIgniter\CodeIgniter->runController(Object(App\Controllers\CtrlConferences))
#8 C:\wamp64\www\Sites\GSB3\system\CodeIgniter.php(361): CodeIgniter\CodeIgniter->handleRequest(NULL, Object(Config\Cache), false)
#9 C:\wamp64\www\Sites\GSB3\public\index.php(79): CodeIgniter\CodeIgniter->run()
#10 {main}
CRITICAL - 2024-02-11 15:07:47 --> CodeIgniter\Database\Exceptions\DatabaseException: Duplicata du champ 'c3-7' pour la clef 'reserver.PRIMARY'
in SYSTEMPATH\Database\BaseConnection.php on line 647.
 1 SYSTEMPATH\Database\BaseBuilder.php(2302): CodeIgniter\Database\BaseConnection->query('INSERT INTO `reserver` (`id_visiteur`, `id_presentation`, `id_siege`) VALUES (:id_visiteur:, :id_presentation:, :id_siege:)', [...], false)
 2 APPPATH\Models\ModelePresentation.php(100): CodeIgniter\Database\BaseBuilder->insert([...])
 3 APPPATH\Controllers\CtrlConferences.php(48): App\Models\ModelePresentation->inscriptionPresentationPourUnePersonne('7', [...], 'c3', '13')
 4 SYSTEMPATH\CodeIgniter.php(941): App\Controllers\CtrlConferences->inscription('7', '13')
 5 SYSTEMPATH\CodeIgniter.php(502): CodeIgniter\CodeIgniter->runController(Object(App\Controllers\CtrlConferences))
 6 SYSTEMPATH\CodeIgniter.php(361): CodeIgniter\CodeIgniter->handleRequest(null, Object(Config\Cache), false)
 7 FCPATH\index.php(79): CodeIgniter\CodeIgniter->run()
CRITICAL - 2024-02-11 15:07:47 --> [Caused by] CodeIgniter\Database\Exceptions\DatabaseException: Duplicata du champ 'c3-7' pour la clef 'reserver.PRIMARY'
in SYSTEMPATH\Database\MySQLi\Connection.php on line 311.
 1 SYSTEMPATH\Database\BaseConnection.php(693): CodeIgniter\Database\MySQLi\Connection->execute('INSERT INTO `reserver` (`id_visiteur`, `id_presentation`, `id_siege`) VALUES (\'c3\', \'7\', \'13\')')
 2 SYSTEMPATH\Database\BaseConnection.php(607): CodeIgniter\Database\BaseConnection->simpleQuery('INSERT INTO `reserver` (`id_visiteur`, `id_presentation`, `id_siege`) VALUES (\'c3\', \'7\', \'13\')')
 3 SYSTEMPATH\Database\BaseBuilder.php(2302): CodeIgniter\Database\BaseConnection->query('INSERT INTO `reserver` (`id_visiteur`, `id_presentation`, `id_siege`) VALUES (:id_visiteur:, :id_presentation:, :id_siege:)', [...], false)
 4 APPPATH\Models\ModelePresentation.php(100): CodeIgniter\Database\BaseBuilder->insert([...])
 5 APPPATH\Controllers\CtrlConferences.php(48): App\Models\ModelePresentation->inscriptionPresentationPourUnePersonne('7', [...], 'c3', '13')
 6 SYSTEMPATH\CodeIgniter.php(941): App\Controllers\CtrlConferences->inscription('7', '13')
 7 SYSTEMPATH\CodeIgniter.php(502): CodeIgniter\CodeIgniter->runController(Object(App\Controllers\CtrlConferences))
 8 SYSTEMPATH\CodeIgniter.php(361): CodeIgniter\CodeIgniter->handleRequest(null, Object(Config\Cache), false)
 9 FCPATH\index.php(79): CodeIgniter\CodeIgniter->run()
CRITICAL - 2024-02-11 15:07:47 --> [Caused by] mysqli_sql_exception: Duplicata du champ 'c3-7' pour la clef 'reserver.PRIMARY'
in SYSTEMPATH\Database\MySQLi\Connection.php on line 306.
 1 SYSTEMPATH\Database\MySQLi\Connection.php(306): mysqli->query('INSERT INTO `reserver` (`id_visiteur`, `id_presentation`, `id_siege`) VALUES (\'c3\', \'7\', \'13\')', 0)
 2 SYSTEMPATH\Database\BaseConnection.php(693): CodeIgniter\Database\MySQLi\Connection->execute('INSERT INTO `reserver` (`id_visiteur`, `id_presentation`, `id_siege`) VALUES (\'c3\', \'7\', \'13\')')
 3 SYSTEMPATH\Database\BaseConnection.php(607): CodeIgniter\Database\BaseConnection->simpleQuery('INSERT INTO `reserver` (`id_visiteur`, `id_presentation`, `id_siege`) VALUES (\'c3\', \'7\', \'13\')')
 4 SYSTEMPATH\Database\BaseBuilder.php(2302): CodeIgniter\Database\BaseConnection->query('INSERT INTO `reserver` (`id_visiteur`, `id_presentation`, `id_siege`) VALUES (:id_visiteur:, :id_presentation:, :id_siege:)', [...], false)
 5 APPPATH\Models\ModelePresentation.php(100): CodeIgniter\Database\BaseBuilder->insert([...])
 6 APPPATH\Controllers\CtrlConferences.php(48): App\Models\ModelePresentation->inscriptionPresentationPourUnePersonne('7', [...], 'c3', '13')
 7 SYSTEMPATH\CodeIgniter.php(941): App\Controllers\CtrlConferences->inscription('7', '13')
 8 SYSTEMPATH\CodeIgniter.php(502): CodeIgniter\CodeIgniter->runController(Object(App\Controllers\CtrlConferences))
 9 SYSTEMPATH\CodeIgniter.php(361): CodeIgniter\CodeIgniter->handleRequest(null, Object(Config\Cache), false)
10 FCPATH\index.php(79): CodeIgniter\CodeIgniter->run()
CRITICAL - 2024-02-11 15:07:51 --> ErrorException: Undefined array key "id"
in APPPATH\Views\vue_presentations.php on line 6.
 1 APPPATH\Views\vue_presentations.php(6): CodeIgniter\Debug\Exceptions->errorHandler(2, 'Undefined array key "id"', 'C:\\wamp64\\www\\Sites\\GSB3\\app\\Views\\vue_presentations.php', 6)
 2 SYSTEMPATH\View\View.php(228): include('C:\\wamp64\\www\\Sites\\GSB3\\app\\Views\\vue_presentations.php')
 3 SYSTEMPATH\View\View.php(231): CodeIgniter\View\View->CodeIgniter\View\{closure}()
 4 SYSTEMPATH\Common.php(1178): CodeIgniter\View\View->render('vue_presentations', [], true)
 5 APPPATH\Controllers\CtrlConferences.php(29): view('vue_presentations', [...])
 6 SYSTEMPATH\CodeIgniter.php(941): App\Controllers\CtrlConferences->afficherPresentationsReserver()
 7 SYSTEMPATH\CodeIgniter.php(502): CodeIgniter\CodeIgniter->runController(Object(App\Controllers\CtrlConferences))
 8 SYSTEMPATH\CodeIgniter.php(361): CodeIgniter\CodeIgniter->handleRequest(null, Object(Config\Cache), false)
 9 FCPATH\index.php(79): CodeIgniter\CodeIgniter->run()
CRITICAL - 2024-02-11 15:08:30 --> ErrorException: Undefined array key "conference_id"
in APPPATH\Views\vue_presentations.php on line 8.
 1 APPPATH\Views\vue_presentations.php(8): CodeIgniter\Debug\Exceptions->errorHandler(2, 'Undefined array key "conference_id"', 'C:\\wamp64\\www\\Sites\\GSB3\\app\\Views\\vue_presentations.php', 8)
 2 SYSTEMPATH\View\View.php(228): include('C:\\wamp64\\www\\Sites\\GSB3\\app\\Views\\vue_presentations.php')
 3 SYSTEMPATH\View\View.php(231): CodeIgniter\View\View->CodeIgniter\View\{closure}()
 4 SYSTEMPATH\Common.php(1178): CodeIgniter\View\View->render('vue_presentations', [], true)
 5 APPPATH\Controllers\CtrlConferences.php(29): view('vue_presentations', [...])
 6 SYSTEMPATH\CodeIgniter.php(941): App\Controllers\CtrlConferences->afficherPresentationsReserver()
 7 SYSTEMPATH\CodeIgniter.php(502): CodeIgniter\CodeIgniter->runController(Object(App\Controllers\CtrlConferences))
 8 SYSTEMPATH\CodeIgniter.php(361): CodeIgniter\CodeIgniter->handleRequest(null, Object(Config\Cache), false)
 9 FCPATH\index.php(79): CodeIgniter\CodeIgniter->run()
