ERROR - 2024-01-24 07:46:41 --> mysqli_sql_exception: Champ 'est-present' inconnu dans where clause in C:\Users\kikob\OneDrive\Desktop\GSB3\system\Database\MySQLi\Connection.php:306
Stack trace:
#0 C:\Users\kikob\OneDrive\Desktop\GSB3\system\Database\MySQLi\Connection.php(306): mysqli->query('SELECT `visiteu...', 0)
#1 C:\Users\kikob\OneDrive\Desktop\GSB3\system\Database\BaseConnection.php(693): CodeIgniter\Database\MySQLi\Connection->execute('SELECT `visiteu...')
#2 C:\Users\kikob\OneDrive\Desktop\GSB3\system\Database\BaseConnection.php(607): CodeIgniter\Database\BaseConnection->simpleQuery('SELECT `visiteu...')
#3 C:\Users\kikob\OneDrive\Desktop\GSB3\system\Database\BaseBuilder.php(1613): CodeIgniter\Database\BaseConnection->query('SELECT `visiteu...', Array, false)
#4 C:\Users\kikob\OneDrive\Desktop\GSB3\app\Models\Monmodele.php(168): CodeIgniter\Database\BaseBuilder->get()
#5 C:\Users\kikob\OneDrive\Desktop\GSB3\app\Controllers\CtrlAgent.php(62): App\Models\MonModele->getLesVisiteurAReserver()
#6 C:\Users\kikob\OneDrive\Desktop\GSB3\system\CodeIgniter.php(941): App\Controllers\CtrlAgent->aValiderAgent()
#7 C:\Users\kikob\OneDrive\Desktop\GSB3\system\CodeIgniter.php(502): CodeIgniter\CodeIgniter->runController(Object(App\Controllers\CtrlAgent))
#8 C:\Users\kikob\OneDrive\Desktop\GSB3\system\CodeIgniter.php(361): CodeIgniter\CodeIgniter->handleRequest(NULL, Object(Config\Cache), false)
#9 C:\Users\kikob\OneDrive\Desktop\GSB3\public\index.php(79): CodeIgniter\CodeIgniter->run()
#10 {main}
CRITICAL - 2024-01-24 07:46:41 --> CodeIgniter\Database\Exceptions\DatabaseException: Champ 'est-present' inconnu dans where clause
in SYSTEMPATH\Database\BaseConnection.php on line 647.
 1 SYSTEMPATH\Database\BaseBuilder.php(1613): CodeIgniter\Database\BaseConnection->query('SELECT `visiteur`.`id`, `visiteur`.`nom`, `prenom`, `salle`.`nom` as `salle`, `horaire`
FROM `reserver`
JOIN `visiteur` ON `visiteur`.`id` = `reserver`.`id_visiteur`
JOIN `siege` ON `siege`.`id` = `reserver`.`id_siege`
JOIN `salle` ON `salle`.`id` = `siege`.`salle_id`
JOIN `presentation` ON `presentation`.`id` = `reserver`.`id_presentation`
WHERE `est-present` = :est-present:', [...], false)
 2 APPPATH\Models\Monmodele.php(168): CodeIgniter\Database\BaseBuilder->get()
 3 APPPATH\Controllers\CtrlAgent.php(62): App\Models\MonModele->getLesVisiteurAReserver()
 4 SYSTEMPATH\CodeIgniter.php(941): App\Controllers\CtrlAgent->aValiderAgent()
 5 SYSTEMPATH\CodeIgniter.php(502): CodeIgniter\CodeIgniter->runController(Object(App\Controllers\CtrlAgent))
 6 SYSTEMPATH\CodeIgniter.php(361): CodeIgniter\CodeIgniter->handleRequest(null, Object(Config\Cache), false)
 7 FCPATH\index.php(79): CodeIgniter\CodeIgniter->run()
CRITICAL - 2024-01-24 07:46:41 --> [Caused by] CodeIgniter\Database\Exceptions\DatabaseException: Champ 'est-present' inconnu dans where clause
in SYSTEMPATH\Database\MySQLi\Connection.php on line 311.
 1 SYSTEMPATH\Database\BaseConnection.php(693): CodeIgniter\Database\MySQLi\Connection->execute('SELECT `visiteur`.`id`, `visiteur`.`nom`, `prenom`, `salle`.`nom` as `salle`, `horaire`
FROM `reserver`
JOIN `visiteur` ON `visiteur`.`id` = `reserver`.`id_visiteur`
JOIN `siege` ON `siege`.`id` = `reserver`.`id_siege`
JOIN `salle` ON `salle`.`id` = `siege`.`salle_id`
JOIN `presentation` ON `presentation`.`id` = `reserver`.`id_presentation`
WHERE `est-present` = 0')
 2 SYSTEMPATH\Database\BaseConnection.php(607): CodeIgniter\Database\BaseConnection->simpleQuery('SELECT `visiteur`.`id`, `visiteur`.`nom`, `prenom`, `salle`.`nom` as `salle`, `horaire`
FROM `reserver`
JOIN `visiteur` ON `visiteur`.`id` = `reserver`.`id_visiteur`
JOIN `siege` ON `siege`.`id` = `reserver`.`id_siege`
JOIN `salle` ON `salle`.`id` = `siege`.`salle_id`
JOIN `presentation` ON `presentation`.`id` = `reserver`.`id_presentation`
WHERE `est-present` = 0')
 3 SYSTEMPATH\Database\BaseBuilder.php(1613): CodeIgniter\Database\BaseConnection->query('SELECT `visiteur`.`id`, `visiteur`.`nom`, `prenom`, `salle`.`nom` as `salle`, `horaire`
FROM `reserver`
JOIN `visiteur` ON `visiteur`.`id` = `reserver`.`id_visiteur`
JOIN `siege` ON `siege`.`id` = `reserver`.`id_siege`
JOIN `salle` ON `salle`.`id` = `siege`.`salle_id`
JOIN `presentation` ON `presentation`.`id` = `reserver`.`id_presentation`
WHERE `est-present` = :est-present:', [...], false)
 4 APPPATH\Models\Monmodele.php(168): CodeIgniter\Database\BaseBuilder->get()
 5 APPPATH\Controllers\CtrlAgent.php(62): App\Models\MonModele->getLesVisiteurAReserver()
 6 SYSTEMPATH\CodeIgniter.php(941): App\Controllers\CtrlAgent->aValiderAgent()
 7 SYSTEMPATH\CodeIgniter.php(502): CodeIgniter\CodeIgniter->runController(Object(App\Controllers\CtrlAgent))
 8 SYSTEMPATH\CodeIgniter.php(361): CodeIgniter\CodeIgniter->handleRequest(null, Object(Config\Cache), false)
 9 FCPATH\index.php(79): CodeIgniter\CodeIgniter->run()
CRITICAL - 2024-01-24 07:46:41 --> [Caused by] mysqli_sql_exception: Champ 'est-present' inconnu dans where clause
in SYSTEMPATH\Database\MySQLi\Connection.php on line 306.
 1 SYSTEMPATH\Database\MySQLi\Connection.php(306): mysqli->query('SELECT `visiteur`.`id`, `visiteur`.`nom`, `prenom`, `salle`.`nom` as `salle`, `horaire`
FROM `reserver`
JOIN `visiteur` ON `visiteur`.`id` = `reserver`.`id_visiteur`
JOIN `siege` ON `siege`.`id` = `reserver`.`id_siege`
JOIN `salle` ON `salle`.`id` = `siege`.`salle_id`
JOIN `presentation` ON `presentation`.`id` = `reserver`.`id_presentation`
WHERE `est-present` = 0', 0)
 2 SYSTEMPATH\Database\BaseConnection.php(693): CodeIgniter\Database\MySQLi\Connection->execute('SELECT `visiteur`.`id`, `visiteur`.`nom`, `prenom`, `salle`.`nom` as `salle`, `horaire`
FROM `reserver`
JOIN `visiteur` ON `visiteur`.`id` = `reserver`.`id_visiteur`
JOIN `siege` ON `siege`.`id` = `reserver`.`id_siege`
JOIN `salle` ON `salle`.`id` = `siege`.`salle_id`
JOIN `presentation` ON `presentation`.`id` = `reserver`.`id_presentation`
WHERE `est-present` = 0')
 3 SYSTEMPATH\Database\BaseConnection.php(607): CodeIgniter\Database\BaseConnection->simpleQuery('SELECT `visiteur`.`id`, `visiteur`.`nom`, `prenom`, `salle`.`nom` as `salle`, `horaire`
FROM `reserver`
JOIN `visiteur` ON `visiteur`.`id` = `reserver`.`id_visiteur`
JOIN `siege` ON `siege`.`id` = `reserver`.`id_siege`
JOIN `salle` ON `salle`.`id` = `siege`.`salle_id`
JOIN `presentation` ON `presentation`.`id` = `reserver`.`id_presentation`
WHERE `est-present` = 0')
 4 SYSTEMPATH\Database\BaseBuilder.php(1613): CodeIgniter\Database\BaseConnection->query('SELECT `visiteur`.`id`, `visiteur`.`nom`, `prenom`, `salle`.`nom` as `salle`, `horaire`
FROM `reserver`
JOIN `visiteur` ON `visiteur`.`id` = `reserver`.`id_visiteur`
JOIN `siege` ON `siege`.`id` = `reserver`.`id_siege`
JOIN `salle` ON `salle`.`id` = `siege`.`salle_id`
JOIN `presentation` ON `presentation`.`id` = `reserver`.`id_presentation`
WHERE `est-present` = :est-present:', [...], false)
 5 APPPATH\Models\Monmodele.php(168): CodeIgniter\Database\BaseBuilder->get()
 6 APPPATH\Controllers\CtrlAgent.php(62): App\Models\MonModele->getLesVisiteurAReserver()
 7 SYSTEMPATH\CodeIgniter.php(941): App\Controllers\CtrlAgent->aValiderAgent()
 8 SYSTEMPATH\CodeIgniter.php(502): CodeIgniter\CodeIgniter->runController(Object(App\Controllers\CtrlAgent))
 9 SYSTEMPATH\CodeIgniter.php(361): CodeIgniter\CodeIgniter->handleRequest(null, Object(Config\Cache), false)
10 FCPATH\index.php(79): CodeIgniter\CodeIgniter->run()
CRITICAL - 2024-01-24 07:50:12 --> ErrorException: Undefined variable $title
in APPPATH\Views\vue_presentations.php on line 7.
 1 APPPATH\Views\vue_presentations.php(7): CodeIgniter\Debug\Exceptions->errorHandler(2, 'Undefined variable $title', 'C:\\Users\\kikob\\OneDrive\\Desktop\\GSB3\\app\\Views\\vue_presentations.php', 7)
 2 SYSTEMPATH\View\View.php(228): include('C:\\Users\\kikob\\OneDrive\\Desktop\\GSB3\\app\\Views\\vue_presentations.php')
 3 SYSTEMPATH\View\View.php(231): CodeIgniter\View\View->CodeIgniter\View\{closure}()
 4 SYSTEMPATH\Common.php(1178): CodeIgniter\View\View->render('vue_presentations', [], true)
 5 APPPATH\Controllers\CtrlInscription.php(13): view('vue_presentations', [...])
 6 SYSTEMPATH\CodeIgniter.php(941): App\Controllers\CtrlInscription->afficherPresentations()
 7 SYSTEMPATH\CodeIgniter.php(502): CodeIgniter\CodeIgniter->runController(Object(App\Controllers\CtrlInscription))
 8 SYSTEMPATH\CodeIgniter.php(361): CodeIgniter\CodeIgniter->handleRequest(null, Object(Config\Cache), false)
 9 FCPATH\index.php(79): CodeIgniter\CodeIgniter->run()
CRITICAL - 2024-01-24 07:59:31 --> ErrorException: Undefined variable $title
in APPPATH\Views\vue_entete.php on line 7.
 1 APPPATH\Views\vue_entete.php(7): CodeIgniter\Debug\Exceptions->errorHandler(2, 'Undefined variable $title', 'C:\\Users\\kikob\\OneDrive\\Desktop\\GSB3\\app\\Views\\vue_entete.php', 7)
 2 SYSTEMPATH\View\View.php(228): include('C:\\Users\\kikob\\OneDrive\\Desktop\\GSB3\\app\\Views\\vue_entete.php')
 3 SYSTEMPATH\View\View.php(231): CodeIgniter\View\View->CodeIgniter\View\{closure}()
 4 SYSTEMPATH\Common.php(1178): CodeIgniter\View\View->render('vue_entete.php', [], true)
 5 APPPATH\Controllers\CtrlInscription.php(13): view('vue_entete.php')
 6 SYSTEMPATH\CodeIgniter.php(941): App\Controllers\CtrlInscription->afficherPresentations()
 7 SYSTEMPATH\CodeIgniter.php(502): CodeIgniter\CodeIgniter->runController(Object(App\Controllers\CtrlInscription))
 8 SYSTEMPATH\CodeIgniter.php(361): CodeIgniter\CodeIgniter->handleRequest(null, Object(Config\Cache), false)
 9 FCPATH\index.php(79): CodeIgniter\CodeIgniter->run()
CRITICAL - 2024-01-24 09:47:58 --> ErrorException: Undefined variable $title
in APPPATH\Views\vue_entete.php on line 8.
 1 APPPATH\Views\vue_entete.php(8): CodeIgniter\Debug\Exceptions->errorHandler(2, 'Undefined variable $title', 'C:\\Users\\kikob\\OneDrive\\Desktop\\GSB3\\app\\Views\\vue_entete.php', 8)
 2 SYSTEMPATH\View\View.php(228): include('C:\\Users\\kikob\\OneDrive\\Desktop\\GSB3\\app\\Views\\vue_entete.php')
 3 SYSTEMPATH\View\View.php(231): CodeIgniter\View\View->CodeIgniter\View\{closure}()
 4 SYSTEMPATH\Common.php(1178): CodeIgniter\View\View->render('vue_entete', [], true)
 5 APPPATH\Controllers\CtrlInscription.php(13): view('vue_entete')
 6 SYSTEMPATH\CodeIgniter.php(941): App\Controllers\CtrlInscription->afficherPresentations()
 7 SYSTEMPATH\CodeIgniter.php(502): CodeIgniter\CodeIgniter->runController(Object(App\Controllers\CtrlInscription))
 8 SYSTEMPATH\CodeIgniter.php(361): CodeIgniter\CodeIgniter->handleRequest(null, Object(Config\Cache), false)
 9 FCPATH\index.php(79): CodeIgniter\CodeIgniter->run()
ERROR - 2024-01-24 09:52:10 --> mysqli_sql_exception: Duplicata du champ 'c3-7' pour la clef 'reserver.PRIMARY' in C:\Users\kikob\OneDrive\Desktop\GSB3\system\Database\MySQLi\Connection.php:306
Stack trace:
#0 C:\Users\kikob\OneDrive\Desktop\GSB3\system\Database\MySQLi\Connection.php(306): mysqli->query('INSERT INTO `re...', 0)
#1 C:\Users\kikob\OneDrive\Desktop\GSB3\system\Database\BaseConnection.php(693): CodeIgniter\Database\MySQLi\Connection->execute('INSERT INTO `re...')
#2 C:\Users\kikob\OneDrive\Desktop\GSB3\system\Database\BaseConnection.php(607): CodeIgniter\Database\BaseConnection->simpleQuery('INSERT INTO `re...')
#3 C:\Users\kikob\OneDrive\Desktop\GSB3\system\Database\BaseBuilder.php(2302): CodeIgniter\Database\BaseConnection->query('INSERT INTO `re...', Array, false)
#4 C:\Users\kikob\OneDrive\Desktop\GSB3\app\Models\ModelePresentation.php(75): CodeIgniter\Database\BaseBuilder->insert(Array)
#5 C:\Users\kikob\OneDrive\Desktop\GSB3\app\Controllers\CtrlInscription.php(31): App\Models\ModelePresentation->inscriptionPresentationPourUnePersonne('7', Array, 'c3', '14')
#6 C:\Users\kikob\OneDrive\Desktop\GSB3\system\CodeIgniter.php(941): App\Controllers\CtrlInscription->inscription('7', '14')
#7 C:\Users\kikob\OneDrive\Desktop\GSB3\system\CodeIgniter.php(502): CodeIgniter\CodeIgniter->runController(Object(App\Controllers\CtrlInscription))
#8 C:\Users\kikob\OneDrive\Desktop\GSB3\system\CodeIgniter.php(361): CodeIgniter\CodeIgniter->handleRequest(NULL, Object(Config\Cache), false)
#9 C:\Users\kikob\OneDrive\Desktop\GSB3\public\index.php(79): CodeIgniter\CodeIgniter->run()
#10 {main}
CRITICAL - 2024-01-24 09:52:10 --> CodeIgniter\Database\Exceptions\DatabaseException: Duplicata du champ 'c3-7' pour la clef 'reserver.PRIMARY'
in SYSTEMPATH\Database\BaseConnection.php on line 647.
 1 SYSTEMPATH\Database\BaseBuilder.php(2302): CodeIgniter\Database\BaseConnection->query('INSERT INTO `reserver` (`id_visiteur`, `id_presentation`, `id_siege`) VALUES (:id_visiteur:, :id_presentation:, :id_siege:)', [...], false)
 2 APPPATH\Models\ModelePresentation.php(75): CodeIgniter\Database\BaseBuilder->insert([...])
 3 APPPATH\Controllers\CtrlInscription.php(31): App\Models\ModelePresentation->inscriptionPresentationPourUnePersonne('7', [...], 'c3', '14')
 4 SYSTEMPATH\CodeIgniter.php(941): App\Controllers\CtrlInscription->inscription('7', '14')
 5 SYSTEMPATH\CodeIgniter.php(502): CodeIgniter\CodeIgniter->runController(Object(App\Controllers\CtrlInscription))
 6 SYSTEMPATH\CodeIgniter.php(361): CodeIgniter\CodeIgniter->handleRequest(null, Object(Config\Cache), false)
 7 FCPATH\index.php(79): CodeIgniter\CodeIgniter->run()
CRITICAL - 2024-01-24 09:52:10 --> [Caused by] CodeIgniter\Database\Exceptions\DatabaseException: Duplicata du champ 'c3-7' pour la clef 'reserver.PRIMARY'
in SYSTEMPATH\Database\MySQLi\Connection.php on line 311.
 1 SYSTEMPATH\Database\BaseConnection.php(693): CodeIgniter\Database\MySQLi\Connection->execute('INSERT INTO `reserver` (`id_visiteur`, `id_presentation`, `id_siege`) VALUES (\'c3\', \'7\', \'14\')')
 2 SYSTEMPATH\Database\BaseConnection.php(607): CodeIgniter\Database\BaseConnection->simpleQuery('INSERT INTO `reserver` (`id_visiteur`, `id_presentation`, `id_siege`) VALUES (\'c3\', \'7\', \'14\')')
 3 SYSTEMPATH\Database\BaseBuilder.php(2302): CodeIgniter\Database\BaseConnection->query('INSERT INTO `reserver` (`id_visiteur`, `id_presentation`, `id_siege`) VALUES (:id_visiteur:, :id_presentation:, :id_siege:)', [...], false)
 4 APPPATH\Models\ModelePresentation.php(75): CodeIgniter\Database\BaseBuilder->insert([...])
 5 APPPATH\Controllers\CtrlInscription.php(31): App\Models\ModelePresentation->inscriptionPresentationPourUnePersonne('7', [...], 'c3', '14')
 6 SYSTEMPATH\CodeIgniter.php(941): App\Controllers\CtrlInscription->inscription('7', '14')
 7 SYSTEMPATH\CodeIgniter.php(502): CodeIgniter\CodeIgniter->runController(Object(App\Controllers\CtrlInscription))
 8 SYSTEMPATH\CodeIgniter.php(361): CodeIgniter\CodeIgniter->handleRequest(null, Object(Config\Cache), false)
 9 FCPATH\index.php(79): CodeIgniter\CodeIgniter->run()
CRITICAL - 2024-01-24 09:52:10 --> [Caused by] mysqli_sql_exception: Duplicata du champ 'c3-7' pour la clef 'reserver.PRIMARY'
in SYSTEMPATH\Database\MySQLi\Connection.php on line 306.
 1 SYSTEMPATH\Database\MySQLi\Connection.php(306): mysqli->query('INSERT INTO `reserver` (`id_visiteur`, `id_presentation`, `id_siege`) VALUES (\'c3\', \'7\', \'14\')', 0)
 2 SYSTEMPATH\Database\BaseConnection.php(693): CodeIgniter\Database\MySQLi\Connection->execute('INSERT INTO `reserver` (`id_visiteur`, `id_presentation`, `id_siege`) VALUES (\'c3\', \'7\', \'14\')')
 3 SYSTEMPATH\Database\BaseConnection.php(607): CodeIgniter\Database\BaseConnection->simpleQuery('INSERT INTO `reserver` (`id_visiteur`, `id_presentation`, `id_siege`) VALUES (\'c3\', \'7\', \'14\')')
 4 SYSTEMPATH\Database\BaseBuilder.php(2302): CodeIgniter\Database\BaseConnection->query('INSERT INTO `reserver` (`id_visiteur`, `id_presentation`, `id_siege`) VALUES (:id_visiteur:, :id_presentation:, :id_siege:)', [...], false)
 5 APPPATH\Models\ModelePresentation.php(75): CodeIgniter\Database\BaseBuilder->insert([...])
 6 APPPATH\Controllers\CtrlInscription.php(31): App\Models\ModelePresentation->inscriptionPresentationPourUnePersonne('7', [...], 'c3', '14')
 7 SYSTEMPATH\CodeIgniter.php(941): App\Controllers\CtrlInscription->inscription('7', '14')
 8 SYSTEMPATH\CodeIgniter.php(502): CodeIgniter\CodeIgniter->runController(Object(App\Controllers\CtrlInscription))
 9 SYSTEMPATH\CodeIgniter.php(361): CodeIgniter\CodeIgniter->handleRequest(null, Object(Config\Cache), false)
10 FCPATH\index.php(79): CodeIgniter\CodeIgniter->run()
